<?xml version="1.0" encoding="utf-8"?>
<TestRun id="3eb58fe0-ee14-4d09-8bb0-d202267b765b" name="spareilleux@XPS-STEF 2025-11-06 20:50:24" runUser="XPS-STEF\spareilleux" xmlns="http://microsoft.com/schemas/VisualStudio/TeamTest/2010">
  <Times creation="2025-11-06T20:50:24.6177782-05:00" queuing="2025-11-06T20:50:24.6177787-05:00" start="2025-11-06T20:50:23.9722209-05:00" finish="2025-11-06T20:50:24.8060709-05:00" />
  <TestSettings name="default" id="21fe208a-e35a-459a-9674-ef2d773673ba">
    <Deployment runDeploymentRoot="spareilleux_XPS-STEF_2025-11-06_20_50_24" />
  </TestSettings>
  <Results>
    <UnitTestResult executionId="43368904-1f00-4361-a7a2-5e0ab373b6ee" testId="cff518c9-0d72-3ac8-0ff9-8fee162b1246" testName="ShouldParseSimpleChordProgression" computerName="XPS-STEF" duration="00:00:00.0001670" startTime="2025-11-06T20:50:24.5467834-05:00" endTime="2025-11-06T20:50:24.5469498-05:00" testType="13cdc9d9-ddb5-4fa4-a97d-d965ccfc6d4b" outcome="Passed" testListId="8c84fa94-04c1-424b-9868-57a2d4851a1d" relativeResultsDirectory="43368904-1f00-4361-a7a2-5e0ab373b6ee" />
    <UnitTestResult executionId="bce21f76-97f5-4ded-bb9a-a7767e96f1e3" testId="bfec47c0-31a4-bb9c-e7b1-0afb1b3b4d56" testName="ShouldParseVexTabWithTechniques" computerName="XPS-STEF" duration="00:00:00.0002780" startTime="2025-11-06T20:50:24.7329918-05:00" endTime="2025-11-06T20:50:24.7332694-05:00" testType="13cdc9d9-ddb5-4fa4-a97d-d965ccfc6d4b" outcome="Passed" testListId="8c84fa94-04c1-424b-9868-57a2d4851a1d" relativeResultsDirectory="bce21f76-97f5-4ded-bb9a-a7767e96f1e3" />
    <UnitTestResult executionId="a83d46ea-21ea-4ca0-88fe-ee7b39e042a8" testId="55236055-0087-f88d-ac73-83dfeb72fb52" testName="ShouldParseSimpleNavigation" computerName="XPS-STEF" duration="00:00:00.0001330" startTime="2025-11-06T20:50:24.5513271-05:00" endTime="2025-11-06T20:50:24.5514603-05:00" testType="13cdc9d9-ddb5-4fa4-a97d-d965ccfc6d4b" outcome="Passed" testListId="8c84fa94-04c1-424b-9868-57a2d4851a1d" relativeResultsDirectory="a83d46ea-21ea-4ca0-88fe-ee7b39e042a8" />
    <UnitTestResult executionId="2953017d-f506-4db2-a467-92b053c6b07a" testId="24c4d3af-9205-602b-8875-e383cedbb037" testName="ShouldParseScaleObject" computerName="XPS-STEF" duration="00:00:00.0002260" startTime="2025-11-06T20:50:24.5949181-05:00" endTime="2025-11-06T20:50:24.5951435-05:00" testType="13cdc9d9-ddb5-4fa4-a97d-d965ccfc6d4b" outcome="Passed" testListId="8c84fa94-04c1-424b-9868-57a2d4851a1d" relativeResultsDirectory="2953017d-f506-4db2-a467-92b053c6b07a" />
    <UnitTestResult executionId="e8234268-cad6-419a-bf13-656897660962" testId="ddd4ebde-3951-2dfd-b072-1f92bc0f4d6e" testName="DiagnosticsProvider_Validate_ValidChordProgression_ReturnsNoDiagnostics" computerName="XPS-STEF" duration="00:00:00.0005630" startTime="2025-11-06T20:50:24.6756387-05:00" endTime="2025-11-06T20:50:24.6762015-05:00" testType="13cdc9d9-ddb5-4fa4-a97d-d965ccfc6d4b" outcome="Passed" testListId="8c84fa94-04c1-424b-9868-57a2d4851a1d" relativeResultsDirectory="e8234268-cad6-419a-bf13-656897660962" />
    <UnitTestResult executionId="678aa15e-b2bb-419a-9cc2-191505b9cff3" testId="cab000f6-8023-b0eb-6279-5b0562be9da6" testName="DiagnosticsProvider_Validate_ValidGrothendieckOperation_ReturnsNoDiagnostics" computerName="XPS-STEF" duration="00:00:00.0004460" startTime="2025-11-06T20:50:24.7054243-05:00" endTime="2025-11-06T20:50:24.7058707-05:00" testType="13cdc9d9-ddb5-4fa4-a97d-d965ccfc6d4b" outcome="Passed" testListId="8c84fa94-04c1-424b-9868-57a2d4851a1d" relativeResultsDirectory="678aa15e-b2bb-419a-9cc2-191505b9cff3" />
    <UnitTestResult executionId="0053bfa1-a101-445d-bd26-008eda4b1639" testId="d4638c84-2fbc-06b0-2fab-31093b917662" testName="CompletionProvider_GetCompletions_ReturnsScaleTypeCompletions" computerName="XPS-STEF" duration="00:00:00.0004010" startTime="2025-11-06T20:50:24.6605775-05:00" endTime="2025-11-06T20:50:24.6609780-05:00" testType="13cdc9d9-ddb5-4fa4-a97d-d965ccfc6d4b" outcome="Passed" testListId="8c84fa94-04c1-424b-9868-57a2d4851a1d" relativeResultsDirectory="0053bfa1-a101-445d-bd26-008eda4b1639" />
    <UnitTestResult executionId="aa2d165e-f8ed-4481-9c73-93abde23332f" testId="0c4d10a4-fb59-4018-7aab-325e418d6ccc" testName="ShouldParseSheafRestriction" computerName="XPS-STEF" duration="00:00:00.0006970" startTime="2025-11-06T20:50:24.6042912-05:00" endTime="2025-11-06T20:50:24.6049881-05:00" testType="13cdc9d9-ddb5-4fa4-a97d-d965ccfc6d4b" outcome="Passed" testListId="8c84fa94-04c1-424b-9868-57a2d4851a1d" relativeResultsDirectory="aa2d165e-f8ed-4481-9c73-93abde23332f" />
    <UnitTestResult executionId="41d546b6-9ebb-4115-a74a-66b7707c8da0" testId="38c1c90a-c374-d625-1c23-ed099783479c" testName="ShouldParseColimit" computerName="XPS-STEF" duration="00:00:00.0002990" startTime="2025-11-06T20:50:24.5813725-05:00" endTime="2025-11-06T20:50:24.5816715-05:00" testType="13cdc9d9-ddb5-4fa4-a97d-d965ccfc6d4b" outcome="Passed" testListId="8c84fa94-04c1-424b-9868-57a2d4851a1d" relativeResultsDirectory="41d546b6-9ebb-4115-a74a-66b7707c8da0" />
    <UnitTestResult executionId="0b1b48ec-2f61-4510-9a34-9011e8f1b817" testId="6f39e934-b52a-e293-1050-b8a626e346af" testName="CompletionProvider_GetCompletions_ReturnsGrothendieckCompletions" computerName="XPS-STEF" duration="00:00:00.0188470" startTime="2025-11-06T20:50:24.6401702-05:00" endTime="2025-11-06T20:50:24.6590172-05:00" testType="13cdc9d9-ddb5-4fa4-a97d-d965ccfc6d4b" outcome="Failed" testListId="8c84fa94-04c1-424b-9868-57a2d4851a1d" relativeResultsDirectory="0b1b48ec-2f61-4510-9a34-9011e8f1b817">
      <Output>
        <ErrorInfo>
          <Message>  Should include direct_sum completion&#xD;
Assert.That(completions.Any(c =&gt; c.Label == "direct_sum"), Is.True)&#xD;
  Expected: True&#xD;
  But was:  False&#xD;
</Message>
          <StackTrace>   at GA.MusicTheory.DSL.Tests.LspTests.CompletionProvider_GetCompletions_ReturnsGrothendieckCompletions() in C:\Users\spare\source\repos\ga\Tests\Common\GA.MusicTheory.DSL.Tests\LspTests.cs:line 95&#xD;

1)    at GA.MusicTheory.DSL.Tests.LspTests.CompletionProvider_GetCompletions_ReturnsGrothendieckCompletions() in C:\Users\spare\source\repos\ga\Tests\Common\GA.MusicTheory.DSL.Tests\LspTests.cs:line 95&#xD;

</StackTrace>
        </ErrorInfo>
      </Output>
    </UnitTestResult>
    <UnitTestResult executionId="13b2b233-9292-4413-a8b4-4fb4bc3b2f89" testId="efffdfcb-7d7a-595f-c7e4-08ef1692923c" testName="ShouldParseProgressionObject" computerName="XPS-STEF" duration="00:00:00.0003250" startTime="2025-11-06T20:50:24.5907829-05:00" endTime="2025-11-06T20:50:24.5911073-05:00" testType="13cdc9d9-ddb5-4fa4-a97d-d965ccfc6d4b" outcome="Passed" testListId="8c84fa94-04c1-424b-9868-57a2d4851a1d" relativeResultsDirectory="13b2b233-9292-4413-a8b4-4fb4bc3b2f89" />
    <UnitTestResult executionId="a466dd64-bd06-4eaf-8986-990a1e718bca" testId="e999b69b-9366-b445-6f80-02dc55a6b921" testName="ShouldParsePowerObject" computerName="XPS-STEF" duration="00:00:00.0002620" startTime="2025-11-06T20:50:24.5900398-05:00" endTime="2025-11-06T20:50:24.5903015-05:00" testType="13cdc9d9-ddb5-4fa4-a97d-d965ccfc6d4b" outcome="Passed" testListId="8c84fa94-04c1-424b-9868-57a2d4851a1d" relativeResultsDirectory="a466dd64-bd06-4eaf-8986-990a1e718bca" />
    <UnitTestResult executionId="58925efe-e447-44cd-b890-4ec5655bace5" testId="e5f80cad-4934-58f4-7f2b-d5ebe291bcc1" testName="ShouldParseVexTabWithMultipleStaves" computerName="XPS-STEF" duration="00:00:00.0001720" startTime="2025-11-06T20:50:24.7328109-05:00" endTime="2025-11-06T20:50:24.7329830-05:00" testType="13cdc9d9-ddb5-4fa4-a97d-d965ccfc6d4b" outcome="Passed" testListId="8c84fa94-04c1-424b-9868-57a2d4851a1d" relativeResultsDirectory="58925efe-e447-44cd-b890-4ec5655bace5" />
    <UnitTestResult executionId="49a3f518-369a-46c3-a4fb-499cb2f74147" testId="9efcdba7-a486-53f9-d0c9-618041cdc78e" testName="ShouldParseChordObject" computerName="XPS-STEF" duration="00:00:00.0003010" startTime="2025-11-06T20:50:24.5806763-05:00" endTime="2025-11-06T20:50:24.5809771-05:00" testType="13cdc9d9-ddb5-4fa4-a97d-d965ccfc6d4b" outcome="Passed" testListId="8c84fa94-04c1-424b-9868-57a2d4851a1d" relativeResultsDirectory="49a3f518-369a-46c3-a4fb-499cb2f74147" />
    <UnitTestResult executionId="df3d316f-6226-4076-a786-2451d5e24fd8" testId="6e72f1e4-2342-d61c-fcb7-d441c65ed2ea" testName="ShouldParseFunctorApplication" computerName="XPS-STEF" duration="00:00:00.0002270" startTime="2025-11-06T20:50:24.5829290-05:00" endTime="2025-11-06T20:50:24.5831560-05:00" testType="13cdc9d9-ddb5-4fa4-a97d-d965ccfc6d4b" outcome="Passed" testListId="8c84fa94-04c1-424b-9868-57a2d4851a1d" relativeResultsDirectory="df3d316f-6226-4076-a786-2451d5e24fd8" />
    <UnitTestResult executionId="3265ea81-3a1e-48d8-9fef-0bbf9272c598" testId="319b5451-6f12-5172-1b4d-47d88421e26c" testName="ShouldHandleEmptyInput" computerName="XPS-STEF" duration="00:00:00.0014560" startTime="2025-11-06T20:50:24.6281322-05:00" endTime="2025-11-06T20:50:24.6295875-05:00" testType="13cdc9d9-ddb5-4fa4-a97d-d965ccfc6d4b" outcome="Passed" testListId="8c84fa94-04c1-424b-9868-57a2d4851a1d" relativeResultsDirectory="3265ea81-3a1e-48d8-9fef-0bbf9272c598" />
    <UnitTestResult executionId="95baaced-d37e-4143-bb43-8dbbe081f4c9" testId="b7b747bf-85de-2438-b12c-9cbd50658f68" testName="ShouldParseSubobjectClassifier" computerName="XPS-STEF" duration="00:00:00.0003350" startTime="2025-11-06T20:50:24.6053467-05:00" endTime="2025-11-06T20:50:24.6056818-05:00" testType="13cdc9d9-ddb5-4fa4-a97d-d965ccfc6d4b" outcome="Passed" testListId="8c84fa94-04c1-424b-9868-57a2d4851a1d" relativeResultsDirectory="95baaced-d37e-4143-bb43-8dbbe081f4c9" />
    <UnitTestResult executionId="caba8dcc-da73-4cac-93b8-312b7744fb49" testId="5e50c3ba-3b1d-577f-6c0d-5d9b2e498365" testName="ShouldParsePullbackWithParentheses" computerName="XPS-STEF" duration="00:00:00.0005270" startTime="2025-11-06T20:50:24.5911378-05:00" endTime="2025-11-06T20:50:24.5916650-05:00" testType="13cdc9d9-ddb5-4fa4-a97d-d965ccfc6d4b" outcome="Passed" testListId="8c84fa94-04c1-424b-9868-57a2d4851a1d" relativeResultsDirectory="caba8dcc-da73-4cac-93b8-312b7744fb49" />
    <UnitTestResult executionId="83012cc4-16cb-461e-81b5-afb14c54cfd3" testId="d9a4d709-f29e-32dd-e094-9efbda77cfaa" testName="ShouldParseDirectSum" computerName="XPS-STEF" duration="00:00:00.0002290" startTime="2025-11-06T20:50:24.5820130-05:00" endTime="2025-11-06T20:50:24.5822414-05:00" testType="13cdc9d9-ddb5-4fa4-a97d-d965ccfc6d4b" outcome="Passed" testListId="8c84fa94-04c1-424b-9868-57a2d4851a1d" relativeResultsDirectory="83012cc4-16cb-461e-81b5-afb14c54cfd3" />
    <UnitTestResult executionId="0d095d46-11b1-45f8-b7fd-bf859cbcc80b" testId="8900891b-c570-2efe-204d-499ca111aeb0" testName="ShouldParseAsciiTabWithHeader" computerName="XPS-STEF" duration="00:00:00.0003470" startTime="2025-11-06T20:50:24.5203931-05:00" endTime="2025-11-06T20:50:24.5207408-05:00" testType="13cdc9d9-ddb5-4fa4-a97d-d965ccfc6d4b" outcome="Passed" testListId="8c84fa94-04c1-424b-9868-57a2d4851a1d" relativeResultsDirectory="0d095d46-11b1-45f8-b7fd-bf859cbcc80b" />
    <UnitTestResult executionId="ab910029-cc0e-4c05-bece-a60ed8a0d2c8" testId="6d24fc50-103d-7070-196d-a92c89ab1e69" testName="ShouldParseSimpleGrothendieckOperation" computerName="XPS-STEF" duration="00:00:00.0003180" startTime="2025-11-06T20:50:24.6050112-05:00" endTime="2025-11-06T20:50:24.6053289-05:00" testType="13cdc9d9-ddb5-4fa4-a97d-d965ccfc6d4b" outcome="Passed" testListId="8c84fa94-04c1-424b-9868-57a2d4851a1d" relativeResultsDirectory="ab910029-cc0e-4c05-bece-a60ed8a0d2c8" />
    <UnitTestResult executionId="5b2e5ae2-c13c-473f-bdd8-e8749da576cd" testId="6e859e81-dc8d-854b-4e0d-7b67d79d2670" testName="ShouldHandleMultipleSpaces" computerName="XPS-STEF" duration="00:00:00.0003940" startTime="2025-11-06T20:50:24.5797489-05:00" endTime="2025-11-06T20:50:24.5801432-05:00" testType="13cdc9d9-ddb5-4fa4-a97d-d965ccfc6d4b" outcome="Passed" testListId="8c84fa94-04c1-424b-9868-57a2d4851a1d" relativeResultsDirectory="5b2e5ae2-c13c-473f-bdd8-e8749da576cd" />
    <UnitTestResult executionId="3c53c64d-8e33-40ea-9901-db990649b3fd" testId="8dd994c3-2d9a-255d-863e-0314c6ffbdeb" testName="LspWorkflow_ChordProgression_CompletionAndValidation" computerName="XPS-STEF" duration="00:00:00.0006070" startTime="2025-11-06T20:50:24.7064192-05:00" endTime="2025-11-06T20:50:24.7070266-05:00" testType="13cdc9d9-ddb5-4fa4-a97d-d965ccfc6d4b" outcome="Passed" testListId="8c84fa94-04c1-424b-9868-57a2d4851a1d" relativeResultsDirectory="3c53c64d-8e33-40ea-9901-db990649b3fd">
      <Output>
        <StdOut>LSP workflow test completed</StdOut>
      </Output>
    </UnitTestResult>
    <UnitTestResult executionId="c82411ef-d9a8-43d8-b6ba-4748cab9601a" testId="da95db3c-1c20-aab7-1194-8cb0ccd04d92" testName="LspWorkflow_FretboardNavigation_CompletionAndValidation" computerName="XPS-STEF" duration="00:00:00.0007360" startTime="2025-11-06T20:50:24.7070727-05:00" endTime="2025-11-06T20:50:24.7078092-05:00" testType="13cdc9d9-ddb5-4fa4-a97d-d965ccfc6d4b" outcome="Passed" testListId="8c84fa94-04c1-424b-9868-57a2d4851a1d" relativeResultsDirectory="c82411ef-d9a8-43d8-b6ba-4748cab9601a">
      <Output>
        <StdOut>LSP workflow test completed</StdOut>
      </Output>
    </UnitTestResult>
    <UnitTestResult executionId="d67fe67c-4eb6-4486-9b69-c44974b3e450" testId="28753b97-7b9c-872c-07ea-6b699ce3c44e" testName="ShouldHandleInvalidScale" computerName="XPS-STEF" duration="00:00:00.0002090" startTime="2025-11-06T20:50:24.7085305-05:00" endTime="2025-11-06T20:50:24.7087395-05:00" testType="13cdc9d9-ddb5-4fa4-a97d-d965ccfc6d4b" outcome="Passed" testListId="8c84fa94-04c1-424b-9868-57a2d4851a1d" relativeResultsDirectory="d67fe67c-4eb6-4486-9b69-c44974b3e450" />
    <UnitTestResult executionId="518857b3-1699-463f-be6e-f5b7ae8712fe" testId="c61db468-f5fb-ea62-af8b-1a5843609ea5" testName="ShouldParseCoequalizer" computerName="XPS-STEF" duration="00:00:00.0003730" startTime="2025-11-06T20:50:24.5809901-05:00" endTime="2025-11-06T20:50:24.5813623-05:00" testType="13cdc9d9-ddb5-4fa4-a97d-d965ccfc6d4b" outcome="Passed" testListId="8c84fa94-04c1-424b-9868-57a2d4851a1d" relativeResultsDirectory="518857b3-1699-463f-be6e-f5b7ae8712fe" />
    <UnitTestResult executionId="c149af2c-4039-467c-8061-b01b6db77006" testId="a6ee98bb-0ba6-16e3-cc96-8db9694c5171" testName="ShouldHandleEmptyInput" computerName="XPS-STEF" duration="00:00:00.0021460" startTime="2025-11-06T20:50:24.5760531-05:00" endTime="2025-11-06T20:50:24.5781993-05:00" testType="13cdc9d9-ddb5-4fa4-a97d-d965ccfc6d4b" outcome="Passed" testListId="8c84fa94-04c1-424b-9868-57a2d4851a1d" relativeResultsDirectory="c149af2c-4039-467c-8061-b01b6db77006" />
    <UnitTestResult executionId="fab272b2-9c6a-40dc-9780-2eff33fa9f86" testId="76132918-9cdc-0fec-2e04-58460077ef57" testName="ShouldParseTryParseReturnsSomeForValidInput" computerName="XPS-STEF" duration="00:00:00.0001170" startTime="2025-11-06T20:50:24.5471798-05:00" endTime="2025-11-06T20:50:24.5472969-05:00" testType="13cdc9d9-ddb5-4fa4-a97d-d965ccfc6d4b" outcome="Passed" testListId="8c84fa94-04c1-424b-9868-57a2d4851a1d" relativeResultsDirectory="fab272b2-9c6a-40dc-9780-2eff33fa9f86" />
    <UnitTestResult executionId="b072978e-91a1-4b9a-bf31-58871dbd6847" testId="131ecd64-732b-67dc-dac0-c5cf8a8339ec" testName="ShouldHandleInvalidAsciiTab" computerName="XPS-STEF" duration="00:00:00.0386060" startTime="2025-11-06T20:50:24.4810945-05:00" endTime="2025-11-06T20:50:24.5196642-05:00" testType="13cdc9d9-ddb5-4fa4-a97d-d965ccfc6d4b" outcome="Passed" testListId="8c84fa94-04c1-424b-9868-57a2d4851a1d" relativeResultsDirectory="b072978e-91a1-4b9a-bf31-58871dbd6847" />
    <UnitTestResult executionId="f38fe448-4bc5-4838-ab4c-48b3d00995b8" testId="7b5d7b26-b040-1c89-664c-ed358861aecf" testName="ShouldParseTryParseReturnsNoneForInvalidInput" computerName="XPS-STEF" duration="00:00:00.0005010" startTime="2025-11-06T20:50:24.5276972-05:00" endTime="2025-11-06T20:50:24.5281976-05:00" testType="13cdc9d9-ddb5-4fa4-a97d-d965ccfc6d4b" outcome="Passed" testListId="8c84fa94-04c1-424b-9868-57a2d4851a1d" relativeResultsDirectory="f38fe448-4bc5-4838-ab4c-48b3d00995b8" />
    <UnitTestResult executionId="406c1154-78ec-4525-9c11-fb0c285bb30b" testId="bb17c77a-c44d-1cb0-8d22-8a0e2336e1aa" testName="ShouldParsePushout" computerName="XPS-STEF" duration="00:00:00.0004180" startTime="2025-11-06T20:50:24.5920830-05:00" endTime="2025-11-06T20:50:24.5925011-05:00" testType="13cdc9d9-ddb5-4fa4-a97d-d965ccfc6d4b" outcome="Passed" testListId="8c84fa94-04c1-424b-9868-57a2d4851a1d" relativeResultsDirectory="406c1154-78ec-4525-9c11-fb0c285bb30b" />
    <UnitTestResult executionId="2b67024f-1e98-40c3-8d82-eae1b53f6302" testId="53943816-ae92-a5ca-f064-c449a25f1cb1" testName="ShouldParseSheafDefinition" computerName="XPS-STEF" duration="00:00:00.0010640" startTime="2025-11-06T20:50:24.6019505-05:00" endTime="2025-11-06T20:50:24.6030146-05:00" testType="13cdc9d9-ddb5-4fa4-a97d-d965ccfc6d4b" outcome="Passed" testListId="8c84fa94-04c1-424b-9868-57a2d4851a1d" relativeResultsDirectory="2b67024f-1e98-40c3-8d82-eae1b53f6302" />
    <UnitTestResult executionId="819999e0-6734-4834-a373-284e5763a10e" testId="a7fbe11d-e1f1-16ff-10f2-28b5532de14d" testName="ShouldParseTryParseReturnsNoneForInvalidInput" computerName="XPS-STEF" duration="00:00:00.0002150" startTime="2025-11-06T20:50:24.5469553-05:00" endTime="2025-11-06T20:50:24.5471699-05:00" testType="13cdc9d9-ddb5-4fa4-a97d-d965ccfc6d4b" outcome="Passed" testListId="8c84fa94-04c1-424b-9868-57a2d4851a1d" relativeResultsDirectory="819999e0-6734-4834-a373-284e5763a10e" />
    <UnitTestResult executionId="dd778e1f-b45f-4b2c-9598-ab548bfb0c3a" testId="7ae417e9-1437-6caa-1bcc-8fd8fa7ba1d4" testName="ShouldParsePushforward" computerName="XPS-STEF" duration="00:00:00.0003280" startTime="2025-11-06T20:50:24.5916864-05:00" endTime="2025-11-06T20:50:24.5920140-05:00" testType="13cdc9d9-ddb5-4fa4-a97d-d965ccfc6d4b" outcome="Passed" testListId="8c84fa94-04c1-424b-9868-57a2d4851a1d" relativeResultsDirectory="dd778e1f-b45f-4b2c-9598-ab548bfb0c3a" />
    <UnitTestResult executionId="7e08d2c6-0682-4355-a9de-5cea54013812" testId="b2d30d59-0079-77ea-74c8-dfa79be1847c" testName="ShouldParseSubobjectClassifierWithObject" computerName="XPS-STEF" duration="00:00:00.0002130" startTime="2025-11-06T20:50:24.6056995-05:00" endTime="2025-11-06T20:50:24.6059123-05:00" testType="13cdc9d9-ddb5-4fa4-a97d-d965ccfc6d4b" outcome="Passed" testListId="8c84fa94-04c1-424b-9868-57a2d4851a1d" relativeResultsDirectory="7e08d2c6-0682-4355-a9de-5cea54013812" />
    <UnitTestResult executionId="31582137-768c-4db8-a433-a0b7025b01f7" testId="8fbd6780-b682-6dbf-ec42-860e1a1047e6" testName="ShouldConvertDocumentToAsciiTab" computerName="XPS-STEF" duration="00:00:00.0206270" startTime="2025-11-06T20:50:24.6074680-05:00" endTime="2025-11-06T20:50:24.6280959-05:00" testType="13cdc9d9-ddb5-4fa4-a97d-d965ccfc6d4b" outcome="Passed" testListId="8c84fa94-04c1-424b-9868-57a2d4851a1d" relativeResultsDirectory="31582137-768c-4db8-a433-a0b7025b01f7" />
    <UnitTestResult executionId="c936140c-da03-4ad8-a3c3-5e7b53a62282" testId="69f6673d-da13-6848-a248-1d3f6818e9cf" testName="ShouldHandleInvalidOperation" computerName="XPS-STEF" duration="00:00:00.0013320" startTime="2025-11-06T20:50:24.5783415-05:00" endTime="2025-11-06T20:50:24.5796735-05:00" testType="13cdc9d9-ddb5-4fa4-a97d-d965ccfc6d4b" outcome="Passed" testListId="8c84fa94-04c1-424b-9868-57a2d4851a1d" relativeResultsDirectory="c936140c-da03-4ad8-a3c3-5e7b53a62282" />
    <UnitTestResult executionId="b6e5dc3e-ea50-4fe2-9865-586e3bc3f915" testId="0e1084db-2951-c443-adef-6024adc04e3c" testName="DiagnosticsProvider_Validate_ConsecutiveIdenticalChords_ReturnsWarning" computerName="XPS-STEF" duration="00:00:00.0061890" startTime="2025-11-06T20:50:24.6659157-05:00" endTime="2025-11-06T20:50:24.6721040-05:00" testType="13cdc9d9-ddb5-4fa4-a97d-d965ccfc6d4b" outcome="Passed" testListId="8c84fa94-04c1-424b-9868-57a2d4851a1d" relativeResultsDirectory="b6e5dc3e-ea50-4fe2-9865-586e3bc3f915">
      <Output>
        <StdOut>Consecutive identical chords validation test - implementation may vary</StdOut>
      </Output>
    </UnitTestResult>
    <UnitTestResult executionId="21d3667c-e6d4-421a-85c2-ed8a5f84e549" testId="f4d2d790-7534-c790-8f03-7db1d8b9f651" testName="ShouldParseLimit" computerName="XPS-STEF" duration="00:00:00.0005430" startTime="2025-11-06T20:50:24.5883178-05:00" endTime="2025-11-06T20:50:24.5888608-05:00" testType="13cdc9d9-ddb5-4fa4-a97d-d965ccfc6d4b" outcome="Passed" testListId="8c84fa94-04c1-424b-9868-57a2d4851a1d" relativeResultsDirectory="21d3667c-e6d4-421a-85c2-ed8a5f84e549" />
    <UnitTestResult executionId="ea84ef69-9f7a-4949-b0a4-6546c73a3a75" testId="f810e5a1-629d-b4c6-8fe3-607bf077722e" testName="ShouldParseVexTabWithDuration" computerName="XPS-STEF" duration="00:00:00.0004010" startTime="2025-11-06T20:50:24.7323889-05:00" endTime="2025-11-06T20:50:24.7327899-05:00" testType="13cdc9d9-ddb5-4fa4-a97d-d965ccfc6d4b" outcome="Passed" testListId="8c84fa94-04c1-424b-9868-57a2d4851a1d" relativeResultsDirectory="ea84ef69-9f7a-4949-b0a4-6546c73a3a75" />
    <UnitTestResult executionId="169cffa1-f9a4-4f5e-925f-ad8fa488172f" testId="a9f459c4-44f2-b166-a335-504749530092" testName="ShouldParseRotateMorphism" computerName="XPS-STEF" duration="00:00:00.0006130" startTime="2025-11-06T20:50:24.5942788-05:00" endTime="2025-11-06T20:50:24.5948919-05:00" testType="13cdc9d9-ddb5-4fa4-a97d-d965ccfc6d4b" outcome="Passed" testListId="8c84fa94-04c1-424b-9868-57a2d4851a1d" relativeResultsDirectory="169cffa1-f9a4-4f5e-925f-ad8fa488172f" />
    <UnitTestResult executionId="68add542-0a5b-4be2-b7b4-3812ff5c6304" testId="c3f2beed-e79a-afeb-00d5-56932864c57d" testName="ShouldHandleInvalidBase64" computerName="XPS-STEF" duration="00:00:00.0003030" startTime="2025-11-06T20:50:24.6296186-05:00" endTime="2025-11-06T20:50:24.6299219-05:00" testType="13cdc9d9-ddb5-4fa4-a97d-d965ccfc6d4b" outcome="Passed" testListId="8c84fa94-04c1-424b-9868-57a2d4851a1d" relativeResultsDirectory="68add542-0a5b-4be2-b7b4-3812ff5c6304" />
    <UnitTestResult executionId="320912a6-ef13-4090-b2ad-116c6c039ea5" testId="f7874ba3-e230-5534-92e2-903bbbbfa061" testName="ShouldParseFunctorComposition" computerName="XPS-STEF" duration="00:00:00.0012190" startTime="2025-11-06T20:50:24.5843756-05:00" endTime="2025-11-06T20:50:24.5855952-05:00" testType="13cdc9d9-ddb5-4fa4-a97d-d965ccfc6d4b" outcome="Passed" testListId="8c84fa94-04c1-424b-9868-57a2d4851a1d" relativeResultsDirectory="320912a6-ef13-4090-b2ad-116c6c039ea5" />
    <UnitTestResult executionId="5ba173b0-ddf8-4733-9d53-63b533e9a1b3" testId="cdfe2e5a-ebbf-c402-dffd-2a3332110182" testName="CompletionProvider_GetCompletions_ReturnsNavigationCompletions" computerName="XPS-STEF" duration="00:00:00.0006110" startTime="2025-11-06T20:50:24.6591039-05:00" endTime="2025-11-06T20:50:24.6597148-05:00" testType="13cdc9d9-ddb5-4fa4-a97d-d965ccfc6d4b" outcome="Failed" testListId="8c84fa94-04c1-424b-9868-57a2d4851a1d" relativeResultsDirectory="5ba173b0-ddf8-4733-9d53-63b533e9a1b3">
      <Output>
        <ErrorInfo>
          <Message>  Should include CAGED completion&#xD;
Assert.That(completions.Any(c =&gt; c.Label == "CAGED"), Is.True)&#xD;
  Expected: True&#xD;
  But was:  False&#xD;
</Message>
          <StackTrace>   at GA.MusicTheory.DSL.Tests.LspTests.CompletionProvider_GetCompletions_ReturnsNavigationCompletions() in C:\Users\spare\source\repos\ga\Tests\Common\GA.MusicTheory.DSL.Tests\LspTests.cs:line 111&#xD;

1)    at GA.MusicTheory.DSL.Tests.LspTests.CompletionProvider_GetCompletions_ReturnsNavigationCompletions() in C:\Users\spare\source\repos\ga\Tests\Common\GA.MusicTheory.DSL.Tests\LspTests.cs:line 111&#xD;

</StackTrace>
        </ErrorInfo>
      </Output>
    </UnitTestResult>
    <UnitTestResult executionId="9ea04c2b-7080-460b-a87a-470c74bb01e6" testId="a1a78b78-a590-4f8f-2eb2-4eac3cb491f6" testName="ShouldParseSimpleScaleTransformation" computerName="XPS-STEF" duration="00:00:00.0001910" startTime="2025-11-06T20:50:24.7091550-05:00" endTime="2025-11-06T20:50:24.7093459-05:00" testType="13cdc9d9-ddb5-4fa4-a97d-d965ccfc6d4b" outcome="Passed" testListId="8c84fa94-04c1-424b-9868-57a2d4851a1d" relativeResultsDirectory="9ea04c2b-7080-460b-a87a-470c74bb01e6" />
    <UnitTestResult executionId="a4cc6637-f2de-4f56-a4b4-a15416c9b24b" testId="b21509b2-1add-8b86-b3db-6bec42849731" testName="CompletionProvider_GetCompletions_ReturnsChordQualityCompletions" computerName="XPS-STEF" duration="00:00:00.0077040" startTime="2025-11-06T20:50:24.6324165-05:00" endTime="2025-11-06T20:50:24.6401200-05:00" testType="13cdc9d9-ddb5-4fa4-a97d-d965ccfc6d4b" outcome="Passed" testListId="8c84fa94-04c1-424b-9868-57a2d4851a1d" relativeResultsDirectory="a4cc6637-f2de-4f56-a4b4-a15416c9b24b" />
    <UnitTestResult executionId="67ad97a7-a346-4022-9152-14f4fdd03b80" testId="77d35354-2428-c6da-637e-cc7b01bebdfb" testName="ShouldHandleAccidentals" computerName="XPS-STEF" duration="00:00:00.0184819" startTime="2025-11-06T20:50:24.5515537-05:00" endTime="2025-11-06T20:50:24.5700361-05:00" testType="13cdc9d9-ddb5-4fa4-a97d-d965ccfc6d4b" outcome="Passed" testListId="8c84fa94-04c1-424b-9868-57a2d4851a1d" relativeResultsDirectory="67ad97a7-a346-4022-9152-14f4fdd03b80" />
    <UnitTestResult executionId="8829ff1a-8e25-4f2f-bb41-f2f1e817f2c0" testId="ad15d44d-43f5-2f07-f837-382771974c32" testName="ShouldParseProduct" computerName="XPS-STEF" duration="00:00:00.0004390" startTime="2025-11-06T20:50:24.5903120-05:00" endTime="2025-11-06T20:50:24.5907513-05:00" testType="13cdc9d9-ddb5-4fa4-a97d-d965ccfc6d4b" outcome="Passed" testListId="8c84fa94-04c1-424b-9868-57a2d4851a1d" relativeResultsDirectory="8829ff1a-8e25-4f2f-bb41-f2f1e817f2c0" />
    <UnitTestResult executionId="ee164984-88f3-4193-bb2b-f2242ecbdf70" testId="ab008672-36b5-1a70-1ecd-1211cc19c27f" testName="CompletionProvider_GetCompletions_ReturnsTransformationCompletions" computerName="XPS-STEF" duration="00:00:00.0002070" startTime="2025-11-06T20:50:24.6609920-05:00" endTime="2025-11-06T20:50:24.6611984-05:00" testType="13cdc9d9-ddb5-4fa4-a97d-d965ccfc6d4b" outcome="Passed" testListId="8c84fa94-04c1-424b-9868-57a2d4851a1d" relativeResultsDirectory="ee164984-88f3-4193-bb2b-f2242ecbdf70" />
    <UnitTestResult executionId="7f40e4fc-1434-43d4-adc0-a571311475cf" testId="af956073-5723-227c-9027-d9ed025475a2" testName="ShouldParseSimpleVexTab" computerName="XPS-STEF" duration="00:00:00.0033610" startTime="2025-11-06T20:50:24.7289970-05:00" endTime="2025-11-06T20:50:24.7323571-05:00" testType="13cdc9d9-ddb5-4fa4-a97d-d965ccfc6d4b" outcome="Passed" testListId="8c84fa94-04c1-424b-9868-57a2d4851a1d" relativeResultsDirectory="7f40e4fc-1434-43d4-adc0-a571311475cf" />
    <UnitTestResult executionId="ea9281df-a51a-4ef0-9746-8818390c4c07" testId="5e801fec-d9c5-e9ad-ddb9-2206e6c1e994" testName="ShouldParseChordWithQuality" computerName="XPS-STEF" duration="00:00:00.0012359" startTime="2025-11-06T20:50:24.5455176-05:00" endTime="2025-11-06T20:50:24.5467530-05:00" testType="13cdc9d9-ddb5-4fa4-a97d-d965ccfc6d4b" outcome="Passed" testListId="8c84fa94-04c1-424b-9868-57a2d4851a1d" relativeResultsDirectory="ea9281df-a51a-4ef0-9746-8818390c4c07" />
    <UnitTestResult executionId="1a6a6cdc-e92a-4b80-9ad6-fc79b733a45e" testId="ed67a70b-bc45-47a1-9df7-9ffddbc0b26b" testName="ShouldParseNaturalTransformationWithComponents" computerName="XPS-STEF" duration="00:00:00.0003680" startTime="2025-11-06T20:50:24.5894742-05:00" endTime="2025-11-06T20:50:24.5898419-05:00" testType="13cdc9d9-ddb5-4fa4-a97d-d965ccfc6d4b" outcome="Passed" testListId="8c84fa94-04c1-424b-9868-57a2d4851a1d" relativeResultsDirectory="1a6a6cdc-e92a-4b80-9ad6-fc79b733a45e" />
    <UnitTestResult executionId="c0a1ae5b-46ee-426b-8711-c54f08dcd846" testId="9c2d5abb-a359-3d8d-a6b6-242c5e9e85fb" testName="ShouldParseEqualizer" computerName="XPS-STEF" duration="00:00:00.0003470" startTime="2025-11-06T20:50:24.5822664-05:00" endTime="2025-11-06T20:50:24.5826129-05:00" testType="13cdc9d9-ddb5-4fa4-a97d-d965ccfc6d4b" outcome="Passed" testListId="8c84fa94-04c1-424b-9868-57a2d4851a1d" relativeResultsDirectory="c0a1ae5b-46ee-426b-8711-c54f08dcd846" />
    <UnitTestResult executionId="af8187af-3120-41eb-97cc-cd4713572a46" testId="7bc9bd96-9de9-09ab-4f55-667bd1745ba5" testName="ShouldParseInvertMorphism" computerName="XPS-STEF" duration="00:00:00.0004970" startTime="2025-11-06T20:50:24.5877643-05:00" endTime="2025-11-06T20:50:24.5882613-05:00" testType="13cdc9d9-ddb5-4fa4-a97d-d965ccfc6d4b" outcome="Passed" testListId="8c84fa94-04c1-424b-9868-57a2d4851a1d" relativeResultsDirectory="af8187af-3120-41eb-97cc-cd4713572a46" />
    <UnitTestResult executionId="00bc6f76-c750-484b-b834-4ab26284968d" testId="75c48625-4547-7262-8f58-40b76fdc2966" testName="ShouldParseScaleWithMode" computerName="XPS-STEF" duration="00:00:00.0003260" startTime="2025-11-06T20:50:24.7087494-05:00" endTime="2025-11-06T20:50:24.7090753-05:00" testType="13cdc9d9-ddb5-4fa4-a97d-d965ccfc6d4b" outcome="Passed" testListId="8c84fa94-04c1-424b-9868-57a2d4851a1d" relativeResultsDirectory="00bc6f76-c750-484b-b834-4ab26284968d" />
    <UnitTestResult executionId="c43674e1-b7e7-4fef-be06-832808dc2709" testId="3057fb3c-52fd-152c-45cb-cd6c1e39a7bb" testName="DiagnosticsProvider_Validate_ValidFretboardNavigation_ReturnsNoDiagnostics" computerName="XPS-STEF" duration="00:00:00.0291620" startTime="2025-11-06T20:50:24.6762243-05:00" endTime="2025-11-06T20:50:24.7053871-05:00" testType="13cdc9d9-ddb5-4fa4-a97d-d965ccfc6d4b" outcome="Failed" testListId="8c84fa94-04c1-424b-9868-57a2d4851a1d" relativeResultsDirectory="c43674e1-b7e7-4fef-be06-832808dc2709">
      <Output>
        <ErrorInfo>
          <Message>  Valid fretboard navigation should have no diagnostics&#xD;
Assert.That(diagnostics, Is.Empty)&#xD;
  Expected: &lt;empty&gt;&#xD;
  But was:  &lt; &lt;{ Range = { Start = { Line = 0&#xD;
                      Character = 0 }&#xD;
            End = { Line = 0&#xD;
                    Character = 10 } }&#xD;
  Severity = Error&#xD;
  Message =&#xD;
   "Error in Ln: 1 Col: 1&#xD;
position 5 3&#xD;
^&#xD;
Expecting: any char in ‘ABCDEFG’, '#', '##', 'I', 'II', 'III', 'IV', 'V', 'VI',&#xD;
'VII', 'b', 'bb', 'i', 'ii', 'iii', 'iv', 'v', 'vi', 'vii', 'x', '♭', '♮' or&#xD;
'♯'&#xD;
"&#xD;
  Source = Some "music-theory-dsl" }&gt; &gt;&#xD;
</Message>
          <StackTrace>   at GA.MusicTheory.DSL.Tests.LspTests.DiagnosticsProvider_Validate_ValidFretboardNavigation_ReturnsNoDiagnostics() in C:\Users\spare\source\repos\ga\Tests\Common\GA.MusicTheory.DSL.Tests\LspTests.cs:line 155&#xD;

1)    at GA.MusicTheory.DSL.Tests.LspTests.DiagnosticsProvider_Validate_ValidFretboardNavigation_ReturnsNoDiagnostics() in C:\Users\spare\source\repos\ga\Tests\Common\GA.MusicTheory.DSL.Tests\LspTests.cs:line 155&#xD;

</StackTrace>
        </ErrorInfo>
      </Output>
    </UnitTestResult>
    <UnitTestResult executionId="80ee8596-5b01-4c1c-80f7-c948bf1978af" testId="9880c4de-c307-7446-ab9a-d40742d8a5be" testName="ShouldParseNavigationWithDirection" computerName="XPS-STEF" duration="00:00:00.0003080" startTime="2025-11-06T20:50:24.5510047-05:00" endTime="2025-11-06T20:50:24.5513126-05:00" testType="13cdc9d9-ddb5-4fa4-a97d-d965ccfc6d4b" outcome="Passed" testListId="8c84fa94-04c1-424b-9868-57a2d4851a1d" relativeResultsDirectory="80ee8596-5b01-4c1c-80f7-c948bf1978af" />
    <UnitTestResult executionId="d767735d-6d3a-4d5d-88ee-def9e06d78e3" testId="0675ca0c-e0b9-96d3-b6d7-c2d0a2fbddeb" testName="ShouldParseTryParseReturnsSomeForValidInput" computerName="XPS-STEF" duration="00:00:00.0013720" startTime="2025-11-06T20:50:24.5282138-05:00" endTime="2025-11-06T20:50:24.5295855-05:00" testType="13cdc9d9-ddb5-4fa4-a97d-d965ccfc6d4b" outcome="Passed" testListId="8c84fa94-04c1-424b-9868-57a2d4851a1d" relativeResultsDirectory="d767735d-6d3a-4d5d-88ee-def9e06d78e3" />
    <UnitTestResult executionId="44b6eec5-fe16-4880-9c59-be8ebc2e6f8a" testId="8e69000e-5647-a61e-4bf5-e7403e4db627" testName="ShouldHandleNullOrWhitespaceInput" computerName="XPS-STEF" duration="00:00:00.0001340" startTime="2025-11-06T20:50:24.6313856-05:00" endTime="2025-11-06T20:50:24.6315199-05:00" testType="13cdc9d9-ddb5-4fa4-a97d-d965ccfc6d4b" outcome="Passed" testListId="8c84fa94-04c1-424b-9868-57a2d4851a1d" relativeResultsDirectory="44b6eec5-fe16-4880-9c59-be8ebc2e6f8a" />
    <UnitTestResult executionId="c6d1315c-606d-434b-95a8-9f216c90bc33" testId="05b2e316-b2a5-cec6-006f-515226bfec56" testName="ShouldParseSheafGluingWithRules" computerName="XPS-STEF" duration="00:00:00.0003590" startTime="2025-11-06T20:50:24.6039130-05:00" endTime="2025-11-06T20:50:24.6042719-05:00" testType="13cdc9d9-ddb5-4fa4-a97d-d965ccfc6d4b" outcome="Passed" testListId="8c84fa94-04c1-424b-9868-57a2d4851a1d" relativeResultsDirectory="c6d1315c-606d-434b-95a8-9f216c90bc33" />
    <UnitTestResult executionId="477747b7-43ee-4dd5-939a-c41e6fe25e70" testId="cd54cb2c-17e7-9578-dcd8-67a351abac16" testName="CompletionProvider_GetCompletions_ReturnsRomanNumeralCompletions" computerName="XPS-STEF" duration="00:00:00.0008260" startTime="2025-11-06T20:50:24.6597269-05:00" endTime="2025-11-06T20:50:24.6605526-05:00" testType="13cdc9d9-ddb5-4fa4-a97d-d965ccfc6d4b" outcome="Failed" testListId="8c84fa94-04c1-424b-9868-57a2d4851a1d" relativeResultsDirectory="477747b7-43ee-4dd5-939a-c41e6fe25e70">
      <Output>
        <ErrorInfo>
          <Message>  Should include I completion&#xD;
Assert.That(completions.Any(c =&gt; c.Label == "I"), Is.True)&#xD;
  Expected: True&#xD;
  But was:  False&#xD;
</Message>
          <StackTrace>   at GA.MusicTheory.DSL.Tests.LspTests.CompletionProvider_GetCompletions_ReturnsRomanNumeralCompletions() in C:\Users\spare\source\repos\ga\Tests\Common\GA.MusicTheory.DSL.Tests\LspTests.cs:line 45&#xD;

1)    at GA.MusicTheory.DSL.Tests.LspTests.CompletionProvider_GetCompletions_ReturnsRomanNumeralCompletions() in C:\Users\spare\source\repos\ga\Tests\Common\GA.MusicTheory.DSL.Tests\LspTests.cs:line 45&#xD;

</StackTrace>
        </ErrorInfo>
      </Output>
    </UnitTestResult>
    <UnitTestResult executionId="d64e76bd-5962-4e74-80c4-d8fb61117388" testId="2b8213bd-42cf-8dbb-7461-c2bd8fa2d71d" testName="DiagnosticsProvider_Validate_InvalidChordProgression_ReturnsDiagnostics" computerName="XPS-STEF" duration="00:00:00.0008200" startTime="2025-11-06T20:50:24.6747773-05:00" endTime="2025-11-06T20:50:24.6755974-05:00" testType="13cdc9d9-ddb5-4fa4-a97d-d965ccfc6d4b" outcome="Passed" testListId="8c84fa94-04c1-424b-9868-57a2d4851a1d" relativeResultsDirectory="d64e76bd-5962-4e74-80c4-d8fb61117388" />
    <UnitTestResult executionId="5ae99eda-d71c-42e3-9ce8-122040498713" testId="9c11b3af-61f2-099d-e70e-4780fe598809" testName="ShouldHandleInvalidInput" computerName="XPS-STEF" duration="00:00:00.0142230" startTime="2025-11-06T20:50:24.5312536-05:00" endTime="2025-11-06T20:50:24.5454771-05:00" testType="13cdc9d9-ddb5-4fa4-a97d-d965ccfc6d4b" outcome="Passed" testListId="8c84fa94-04c1-424b-9868-57a2d4851a1d" relativeResultsDirectory="5ae99eda-d71c-42e3-9ce8-122040498713" />
    <UnitTestResult executionId="b868a7ba-975f-4c3e-8aaa-c45871c94cf6" testId="af3f6cd3-3456-618f-bef6-4e11c13e19c7" testName="ShouldParseSheafDefinitionWithSections" computerName="XPS-STEF" duration="00:00:00.0004390" startTime="2025-11-06T20:50:24.6030643-05:00" endTime="2025-11-06T20:50:24.6035030-05:00" testType="13cdc9d9-ddb5-4fa4-a97d-d965ccfc6d4b" outcome="Passed" testListId="8c84fa94-04c1-424b-9868-57a2d4851a1d" relativeResultsDirectory="b868a7ba-975f-4c3e-8aaa-c45871c94cf6" />
    <UnitTestResult executionId="b1f43ab5-3483-4abe-ba2e-7c88354e0956" testId="5d28b402-a1f6-bd0b-13c6-1c805f5d3c15" testName="ShouldParseExponential" computerName="XPS-STEF" duration="00:00:00.0002950" startTime="2025-11-06T20:50:24.5826241-05:00" endTime="2025-11-06T20:50:24.5829193-05:00" testType="13cdc9d9-ddb5-4fa4-a97d-d965ccfc6d4b" outcome="Passed" testListId="8c84fa94-04c1-424b-9868-57a2d4851a1d" relativeResultsDirectory="b1f43ab5-3483-4abe-ba2e-7c88354e0956" />
    <UnitTestResult executionId="1665a585-9ae8-49e2-a8d8-a7f2bfbe664f" testId="cbe66b31-5684-9dba-3793-e56c2258245d" testName="ShouldParseTransposeMorphism" computerName="XPS-STEF" duration="00:00:00.0005590" startTime="2025-11-06T20:50:24.6064671-05:00" endTime="2025-11-06T20:50:24.6070261-05:00" testType="13cdc9d9-ddb5-4fa4-a97d-d965ccfc6d4b" outcome="Passed" testListId="8c84fa94-04c1-424b-9868-57a2d4851a1d" relativeResultsDirectory="1665a585-9ae8-49e2-a8d8-a7f2bfbe664f" />
    <UnitTestResult executionId="be25c3cc-9a96-4c94-b0d0-f2d68981b0cc" testId="ba6c83f6-d4b4-de02-55a8-d5f18abf9298" testName="ShouldParseNaturalTransformationApplication" computerName="XPS-STEF" duration="00:00:00.0002690" startTime="2025-11-06T20:50:24.5888773-05:00" endTime="2025-11-06T20:50:24.5891460-05:00" testType="13cdc9d9-ddb5-4fa4-a97d-d965ccfc6d4b" outcome="Passed" testListId="8c84fa94-04c1-424b-9868-57a2d4851a1d" relativeResultsDirectory="be25c3cc-9a96-4c94-b0d0-f2d68981b0cc" />
    <UnitTestResult executionId="44151151-1b03-48ed-ae50-3520dcc6ac3a" testId="371974f1-c983-045f-f0a5-4f947461ecc4" testName="ShouldParseTensorProduct" computerName="XPS-STEF" duration="00:00:00.0001789" startTime="2025-11-06T20:50:24.6060143-05:00" endTime="2025-11-06T20:50:24.6061927-05:00" testType="13cdc9d9-ddb5-4fa4-a97d-d965ccfc6d4b" outcome="Passed" testListId="8c84fa94-04c1-424b-9868-57a2d4851a1d" relativeResultsDirectory="44151151-1b03-48ed-ae50-3520dcc6ac3a" />
    <UnitTestResult executionId="3b20ac53-4249-4e8f-a7fa-9fb10c51fa83" testId="8fc8c47f-a029-a560-f51c-00fce48d51e7" testName="ShouldHandleInvalidGuitarProData" computerName="XPS-STEF" duration="00:00:00.0014090" startTime="2025-11-06T20:50:24.6299433-05:00" endTime="2025-11-06T20:50:24.6313524-05:00" testType="13cdc9d9-ddb5-4fa4-a97d-d965ccfc6d4b" outcome="Passed" testListId="8c84fa94-04c1-424b-9868-57a2d4851a1d" relativeResultsDirectory="3b20ac53-4249-4e8f-a7fa-9fb10c51fa83" />
    <UnitTestResult executionId="d8f2cf93-52d8-48a6-a82b-9d87c1050033" testId="0a0d400c-ad2d-e6c7-d716-3d2968cdb21c" testName="ShouldHandleWhitespaceOnly" computerName="XPS-STEF" duration="00:00:00.0004690" startTime="2025-11-06T20:50:24.5801933-05:00" endTime="2025-11-06T20:50:24.5806622-05:00" testType="13cdc9d9-ddb5-4fa4-a97d-d965ccfc6d4b" outcome="Passed" testListId="8c84fa94-04c1-424b-9868-57a2d4851a1d" relativeResultsDirectory="d8f2cf93-52d8-48a6-a82b-9d87c1050033" />
    <UnitTestResult executionId="bcdbde52-c8e4-4206-af3a-d02fce116fa5" testId="de91a852-6c90-9404-8dcb-d305d1e1ae9a" testName="ShouldParseSimpleAsciiTab" computerName="XPS-STEF" duration="00:00:00.0069140" startTime="2025-11-06T20:50:24.5207592-05:00" endTime="2025-11-06T20:50:24.5276729-05:00" testType="13cdc9d9-ddb5-4fa4-a97d-d965ccfc6d4b" outcome="Passed" testListId="8c84fa94-04c1-424b-9868-57a2d4851a1d" relativeResultsDirectory="bcdbde52-c8e4-4206-af3a-d02fce116fa5" />
    <UnitTestResult executionId="3c76c9b3-51fa-414f-acab-685d32d4c5f7" testId="97882d55-dd5b-489c-ed50-64b27d3f2d6c" testName="ToAsciiTabShouldHandleMultipleTracks" computerName="XPS-STEF" duration="00:00:00.0002960" startTime="2025-11-06T20:50:24.6320161-05:00" endTime="2025-11-06T20:50:24.6323119-05:00" testType="13cdc9d9-ddb5-4fa4-a97d-d965ccfc6d4b" outcome="Passed" testListId="8c84fa94-04c1-424b-9868-57a2d4851a1d" relativeResultsDirectory="3c76c9b3-51fa-414f-acab-685d32d4c5f7" />
    <UnitTestResult executionId="cdd825d0-c861-4c80-b354-0705e57653d5" testId="a7a6bb65-ea86-9a0e-213d-4956b7cae52b" testName="ShouldParseInternalHom" computerName="XPS-STEF" duration="00:00:00.0006440" startTime="2025-11-06T20:50:24.5870794-05:00" endTime="2025-11-06T20:50:24.5877228-05:00" testType="13cdc9d9-ddb5-4fa4-a97d-d965ccfc6d4b" outcome="Passed" testListId="8c84fa94-04c1-424b-9868-57a2d4851a1d" relativeResultsDirectory="cdd825d0-c861-4c80-b354-0705e57653d5" />
    <UnitTestResult executionId="65de6884-bfb3-4b1b-8eef-82fc97ef9d98" testId="19f57b99-2658-d849-cef6-e9224d20ecdd" testName="ShouldParseNoteObject" computerName="XPS-STEF" duration="00:00:00.0001700" startTime="2025-11-06T20:50:24.5898616-05:00" endTime="2025-11-06T20:50:24.5900318-05:00" testType="13cdc9d9-ddb5-4fa4-a97d-d965ccfc6d4b" outcome="Passed" testListId="8c84fa94-04c1-424b-9868-57a2d4851a1d" relativeResultsDirectory="65de6884-bfb3-4b1b-8eef-82fc97ef9d98" />
    <UnitTestResult executionId="59557737-b9de-4e95-bbcf-d5fd687e9a74" testId="9fe554d2-017a-e1b8-2e13-ec3efb0acd56" testName="ShouldParseFunctorDefinitionWithMappings" computerName="XPS-STEF" duration="00:00:00.0003650" startTime="2025-11-06T20:50:24.5866994-05:00" endTime="2025-11-06T20:50:24.5870644-05:00" testType="13cdc9d9-ddb5-4fa4-a97d-d965ccfc6d4b" outcome="Passed" testListId="8c84fa94-04c1-424b-9868-57a2d4851a1d" relativeResultsDirectory="59557737-b9de-4e95-bbcf-d5fd687e9a74" />
    <UnitTestResult executionId="0b093263-d665-4b5a-87be-0adb2410a83e" testId="7774c954-0605-8d20-cd75-d56414f562ca" testName="ShouldParseFileWithValidPath" computerName="XPS-STEF" duration="00:00:00.0004790" startTime="2025-11-06T20:50:24.6315269-05:00" endTime="2025-11-06T20:50:24.6320056-05:00" testType="13cdc9d9-ddb5-4fa4-a97d-d965ccfc6d4b" outcome="Passed" testListId="8c84fa94-04c1-424b-9868-57a2d4851a1d" relativeResultsDirectory="0b093263-d665-4b5a-87be-0adb2410a83e" />
    <UnitTestResult executionId="cd9cbaf1-6bc0-4698-938f-5fb15c510a7c" testId="8cf8b9d7-4b1f-4c5d-9669-eb3eb1d5b4fe" testName="ShouldParseVoicingObject" computerName="XPS-STEF" duration="00:00:00.0002810" startTime="2025-11-06T20:50:24.6070453-05:00" endTime="2025-11-06T20:50:24.6073259-05:00" testType="13cdc9d9-ddb5-4fa4-a97d-d965ccfc6d4b" outcome="Passed" testListId="8c84fa94-04c1-424b-9868-57a2d4851a1d" relativeResultsDirectory="cd9cbaf1-6bc0-4698-938f-5fb15c510a7c" />
    <UnitTestResult executionId="5ed127cf-8f5b-4143-9376-2bbbba28d089" testId="57a0cccc-e85d-d177-3c50-f75f72f094ae" testName="ShouldHandleComplexNesting" computerName="XPS-STEF" duration="00:00:00.0058470" startTime="2025-11-06T20:50:24.5700847-05:00" endTime="2025-11-06T20:50:24.5759311-05:00" testType="13cdc9d9-ddb5-4fa4-a97d-d965ccfc6d4b" outcome="Passed" testListId="8c84fa94-04c1-424b-9868-57a2d4851a1d" relativeResultsDirectory="5ed127cf-8f5b-4143-9376-2bbbba28d089" />
    <UnitTestResult executionId="8d449bf6-f1a0-4a72-bd73-f47b3336bce4" testId="9944f678-7c6b-1632-8dae-c217c56717f4" testName="ShouldHandleInvalidVexTab" computerName="XPS-STEF" duration="00:00:00.0194790" startTime="2025-11-06T20:50:24.7094846-05:00" endTime="2025-11-06T20:50:24.7289639-05:00" testType="13cdc9d9-ddb5-4fa4-a97d-d965ccfc6d4b" outcome="Passed" testListId="8c84fa94-04c1-424b-9868-57a2d4851a1d" relativeResultsDirectory="8d449bf6-f1a0-4a72-bd73-f47b3336bce4" />
    <UnitTestResult executionId="b6165abe-3e6a-4872-911c-29947e2ee3e7" testId="ffaf9f51-5110-eb5a-2206-bcb2a5f79a05" testName="CompletionProvider_ToJson_ConvertsCompletionsToJsonArray" computerName="XPS-STEF" duration="00:00:00.0042690" startTime="2025-11-06T20:50:24.6612071-05:00" endTime="2025-11-06T20:50:24.6654757-05:00" testType="13cdc9d9-ddb5-4fa4-a97d-d965ccfc6d4b" outcome="Passed" testListId="8c84fa94-04c1-424b-9868-57a2d4851a1d" relativeResultsDirectory="b6165abe-3e6a-4872-911c-29947e2ee3e7" />
    <UnitTestResult executionId="c027642f-c0d1-4bad-8c6c-f0a8f5040927" testId="ebc6dd15-a56a-00ac-7e14-f57058eca4f0" testName="ShouldParseNaturalTransformationDefinition" computerName="XPS-STEF" duration="00:00:00.0002950" startTime="2025-11-06T20:50:24.5891578-05:00" endTime="2025-11-06T20:50:24.5894526-05:00" testType="13cdc9d9-ddb5-4fa4-a97d-d965ccfc6d4b" outcome="Passed" testListId="8c84fa94-04c1-424b-9868-57a2d4851a1d" relativeResultsDirectory="c027642f-c0d1-4bad-8c6c-f0a8f5040927" />
    <UnitTestResult executionId="ccbf96a4-c1d0-44e3-b18a-3b2bcd142c01" testId="26a1f469-4430-aa40-6d44-2fb196987c3a" testName="ShouldParseFunctorDefinition" computerName="XPS-STEF" duration="00:00:00.0010660" startTime="2025-11-06T20:50:24.5856152-05:00" endTime="2025-11-06T20:50:24.5866806-05:00" testType="13cdc9d9-ddb5-4fa4-a97d-d965ccfc6d4b" outcome="Passed" testListId="8c84fa94-04c1-424b-9868-57a2d4851a1d" relativeResultsDirectory="ccbf96a4-c1d0-44e3-b18a-3b2bcd142c01" />
    <UnitTestResult executionId="c8bfbab5-e6f2-4d57-aa7e-e680bc33630b" testId="edecf577-b548-d35f-6cfc-0736f2bb5c60" testName="DiagnosticsProvider_Validate_ExcessiveTransposition_ReturnsWarning" computerName="XPS-STEF" duration="00:00:00.0025610" startTime="2025-11-06T20:50:24.6721533-05:00" endTime="2025-11-06T20:50:24.6747136-05:00" testType="13cdc9d9-ddb5-4fa4-a97d-d965ccfc6d4b" outcome="Passed" testListId="8c84fa94-04c1-424b-9868-57a2d4851a1d" relativeResultsDirectory="c8bfbab5-e6f2-4d57-aa7e-e680bc33630b">
      <Output>
        <StdOut>Excessive transposition validation test - implementation may vary</StdOut>
      </Output>
    </UnitTestResult>
    <UnitTestResult executionId="b27f8bb3-d036-43cb-8320-5cd5257ac545" testId="ad57a082-5270-5a77-03d9-00ffc45c9ed8" testName="ShouldParseSheafGluing" computerName="XPS-STEF" duration="00:00:00.0003590" startTime="2025-11-06T20:50:24.6035281-05:00" endTime="2025-11-06T20:50:24.6038868-05:00" testType="13cdc9d9-ddb5-4fa4-a97d-d965ccfc6d4b" outcome="Passed" testListId="8c84fa94-04c1-424b-9868-57a2d4851a1d" relativeResultsDirectory="b27f8bb3-d036-43cb-8320-5cd5257ac545" />
    <UnitTestResult executionId="03e5841b-f7cc-46be-8d2d-1d20be42ec59" testId="df7b8e4f-2419-26ec-2abb-6b32f15b8cda" testName="ShouldHandleInvalidNavigation" computerName="XPS-STEF" duration="00:00:00.0035740" startTime="2025-11-06T20:50:24.5474116-05:00" endTime="2025-11-06T20:50:24.5509857-05:00" testType="13cdc9d9-ddb5-4fa4-a97d-d965ccfc6d4b" outcome="Passed" testListId="8c84fa94-04c1-424b-9868-57a2d4851a1d" relativeResultsDirectory="03e5841b-f7cc-46be-8d2d-1d20be42ec59" />
    <UnitTestResult executionId="eb99279f-bf57-44b6-9c7c-79ae9eb4ae1d" testId="7a6b8484-ed6a-ecdb-99fa-2dd21dca5102" testName="DiagnosticsProvider_Validate_ValidScaleTransformation_ReturnsNoDiagnostics" computerName="XPS-STEF" duration="00:00:00.0003710" startTime="2025-11-06T20:50:24.7060239-05:00" endTime="2025-11-06T20:50:24.7063948-05:00" testType="13cdc9d9-ddb5-4fa4-a97d-d965ccfc6d4b" outcome="Passed" testListId="8c84fa94-04c1-424b-9868-57a2d4851a1d" relativeResultsDirectory="eb99279f-bf57-44b6-9c7c-79ae9eb4ae1d" />
    <UnitTestResult executionId="c11fe0f3-7629-4584-ad9f-50c12687769e" testId="6e233c8e-3b01-c4a0-3df8-0ff7e495d307" testName="LspWorkflow_GrothendieckOperations_CompletionAndValidation" computerName="XPS-STEF" duration="00:00:00.0005689" startTime="2025-11-06T20:50:24.7078259-05:00" endTime="2025-11-06T20:50:24.7083942-05:00" testType="13cdc9d9-ddb5-4fa4-a97d-d965ccfc6d4b" outcome="Passed" testListId="8c84fa94-04c1-424b-9868-57a2d4851a1d" relativeResultsDirectory="c11fe0f3-7629-4584-ad9f-50c12687769e">
      <Output>
        <StdOut>LSP workflow test completed</StdOut>
      </Output>
    </UnitTestResult>
    <UnitTestResult executionId="ad0ba947-7639-46e1-9dea-59d5f0e3e9a6" testId="2f4bb687-dbae-833a-c48f-8d2db4aa0110" testName="ShouldParseSetClassObject" computerName="XPS-STEF" duration="00:00:00.0067100" startTime="2025-11-06T20:50:24.5951620-05:00" endTime="2025-11-06T20:50:24.6018715-05:00" testType="13cdc9d9-ddb5-4fa4-a97d-d965ccfc6d4b" outcome="Passed" testListId="8c84fa94-04c1-424b-9868-57a2d4851a1d" relativeResultsDirectory="ad0ba947-7639-46e1-9dea-59d5f0e3e9a6" />
    <UnitTestResult executionId="08206392-e6f0-4065-a8af-3f36ef8fc855" testId="dad055d9-518d-8544-1e22-a47563acb9c1" testName="ShouldParseCoproduct" computerName="XPS-STEF" duration="00:00:00.0003190" startTime="2025-11-06T20:50:24.5816819-05:00" endTime="2025-11-06T20:50:24.5820010-05:00" testType="13cdc9d9-ddb5-4fa4-a97d-d965ccfc6d4b" outcome="Passed" testListId="8c84fa94-04c1-424b-9868-57a2d4851a1d" relativeResultsDirectory="08206392-e6f0-4065-a8af-3f36ef8fc855" />
    <UnitTestResult executionId="aafa5882-8bd9-4947-9351-1a253e41f639" testId="1f8a7fed-6714-397e-ee6c-be1cfeda2c38" testName="CompletionProvider_ToJson_IncludesRequiredFields" computerName="XPS-STEF" duration="00:00:00.0003869" startTime="2025-11-06T20:50:24.6655146-05:00" endTime="2025-11-06T20:50:24.6659017-05:00" testType="13cdc9d9-ddb5-4fa4-a97d-d965ccfc6d4b" outcome="Passed" testListId="8c84fa94-04c1-424b-9868-57a2d4851a1d" relativeResultsDirectory="aafa5882-8bd9-4947-9351-1a253e41f639" />
    <UnitTestResult executionId="b1dff18b-9f20-4f33-9c13-b7506335541b" testId="869723ed-b4d6-1198-24e2-16633f779f83" testName="ShouldParseReflectMorphism" computerName="XPS-STEF" duration="00:00:00.0011250" startTime="2025-11-06T20:50:24.5926119-05:00" endTime="2025-11-06T20:50:24.5937370-05:00" testType="13cdc9d9-ddb5-4fa4-a97d-d965ccfc6d4b" outcome="Passed" testListId="8c84fa94-04c1-424b-9868-57a2d4851a1d" relativeResultsDirectory="b1dff18b-9f20-4f33-9c13-b7506335541b" />
  </Results>
  <TestDefinitions>
    <UnitTest name="ShouldParseProduct" storage="c:\users\spare\source\repos\ga\tests\common\ga.musictheory.dsl.tests\bin\debug\net9.0\ga.musictheory.dsl.tests.dll" id="ad15d44d-43f5-2f07-f837-382771974c32">
      <Execution id="8829ff1a-8e25-4f2f-bb41-f2f1e817f2c0" />
      <TestMethod codeBase="C:\Users\spare\source\repos\ga\Tests\Common\GA.MusicTheory.DSL.Tests\bin\Debug\net9.0\GA.MusicTheory.DSL.Tests.dll" adapterTypeName="executor://nunit3testexecutor/" className="GA.MusicTheory.DSL.Tests.GrothendieckOperationsParserTests" name="ShouldParseProduct" />
    </UnitTest>
    <UnitTest name="ShouldHandleInvalidAsciiTab" storage="c:\users\spare\source\repos\ga\tests\common\ga.musictheory.dsl.tests\bin\debug\net9.0\ga.musictheory.dsl.tests.dll" id="131ecd64-732b-67dc-dac0-c5cf8a8339ec">
      <Execution id="b072978e-91a1-4b9a-bf31-58871dbd6847" />
      <TestMethod codeBase="C:\Users\spare\source\repos\ga\Tests\Common\GA.MusicTheory.DSL.Tests\bin\Debug\net9.0\GA.MusicTheory.DSL.Tests.dll" adapterTypeName="executor://nunit3testexecutor/" className="GA.MusicTheory.DSL.Tests.AsciiTabParserTests" name="ShouldHandleInvalidAsciiTab" />
    </UnitTest>
    <UnitTest name="ShouldParseSimpleAsciiTab" storage="c:\users\spare\source\repos\ga\tests\common\ga.musictheory.dsl.tests\bin\debug\net9.0\ga.musictheory.dsl.tests.dll" id="de91a852-6c90-9404-8dcb-d305d1e1ae9a">
      <Execution id="bcdbde52-c8e4-4206-af3a-d02fce116fa5" />
      <TestMethod codeBase="C:\Users\spare\source\repos\ga\Tests\Common\GA.MusicTheory.DSL.Tests\bin\Debug\net9.0\GA.MusicTheory.DSL.Tests.dll" adapterTypeName="executor://nunit3testexecutor/" className="GA.MusicTheory.DSL.Tests.AsciiTabParserTests" name="ShouldParseSimpleAsciiTab" />
    </UnitTest>
    <UnitTest name="DiagnosticsProvider_Validate_InvalidChordProgression_ReturnsDiagnostics" storage="c:\users\spare\source\repos\ga\tests\common\ga.musictheory.dsl.tests\bin\debug\net9.0\ga.musictheory.dsl.tests.dll" id="2b8213bd-42cf-8dbb-7461-c2bd8fa2d71d">
      <Execution id="d64e76bd-5962-4e74-80c4-d8fb61117388" />
      <TestMethod codeBase="C:\Users\spare\source\repos\ga\Tests\Common\GA.MusicTheory.DSL.Tests\bin\Debug\net9.0\GA.MusicTheory.DSL.Tests.dll" adapterTypeName="executor://nunit3testexecutor/" className="GA.MusicTheory.DSL.Tests.LspTests" name="DiagnosticsProvider_Validate_InvalidChordProgression_ReturnsDiagnostics" />
    </UnitTest>
    <UnitTest name="ShouldParseSimpleScaleTransformation" storage="c:\users\spare\source\repos\ga\tests\common\ga.musictheory.dsl.tests\bin\debug\net9.0\ga.musictheory.dsl.tests.dll" id="a1a78b78-a590-4f8f-2eb2-4eac3cb491f6">
      <Execution id="9ea04c2b-7080-460b-a87a-470c74bb01e6" />
      <TestMethod codeBase="C:\Users\spare\source\repos\ga\Tests\Common\GA.MusicTheory.DSL.Tests\bin\Debug\net9.0\GA.MusicTheory.DSL.Tests.dll" adapterTypeName="executor://nunit3testexecutor/" className="GA.MusicTheory.DSL.Tests.ScaleTransformationParserTests" name="ShouldParseSimpleScaleTransformation" />
    </UnitTest>
    <UnitTest name="ShouldHandleInvalidInput" storage="c:\users\spare\source\repos\ga\tests\common\ga.musictheory.dsl.tests\bin\debug\net9.0\ga.musictheory.dsl.tests.dll" id="9c11b3af-61f2-099d-e70e-4780fe598809">
      <Execution id="5ae99eda-d71c-42e3-9ce8-122040498713" />
      <TestMethod codeBase="C:\Users\spare\source\repos\ga\Tests\Common\GA.MusicTheory.DSL.Tests\bin\Debug\net9.0\GA.MusicTheory.DSL.Tests.dll" adapterTypeName="executor://nunit3testexecutor/" className="GA.MusicTheory.DSL.Tests.ChordProgressionParserTests" name="ShouldHandleInvalidInput" />
    </UnitTest>
    <UnitTest name="ShouldParsePushforward" storage="c:\users\spare\source\repos\ga\tests\common\ga.musictheory.dsl.tests\bin\debug\net9.0\ga.musictheory.dsl.tests.dll" id="7ae417e9-1437-6caa-1bcc-8fd8fa7ba1d4">
      <Execution id="dd778e1f-b45f-4b2c-9598-ab548bfb0c3a" />
      <TestMethod codeBase="C:\Users\spare\source\repos\ga\Tests\Common\GA.MusicTheory.DSL.Tests\bin\Debug\net9.0\GA.MusicTheory.DSL.Tests.dll" adapterTypeName="executor://nunit3testexecutor/" className="GA.MusicTheory.DSL.Tests.GrothendieckOperationsParserTests" name="ShouldParsePushforward" />
    </UnitTest>
    <UnitTest name="ShouldParseSimpleNavigation" storage="c:\users\spare\source\repos\ga\tests\common\ga.musictheory.dsl.tests\bin\debug\net9.0\ga.musictheory.dsl.tests.dll" id="55236055-0087-f88d-ac73-83dfeb72fb52">
      <Execution id="a83d46ea-21ea-4ca0-88fe-ee7b39e042a8" />
      <TestMethod codeBase="C:\Users\spare\source\repos\ga\Tests\Common\GA.MusicTheory.DSL.Tests\bin\Debug\net9.0\GA.MusicTheory.DSL.Tests.dll" adapterTypeName="executor://nunit3testexecutor/" className="GA.MusicTheory.DSL.Tests.FretboardNavigationParserTests" name="ShouldParseSimpleNavigation" />
    </UnitTest>
    <UnitTest name="ShouldParseFunctorApplication" storage="c:\users\spare\source\repos\ga\tests\common\ga.musictheory.dsl.tests\bin\debug\net9.0\ga.musictheory.dsl.tests.dll" id="6e72f1e4-2342-d61c-fcb7-d441c65ed2ea">
      <Execution id="df3d316f-6226-4076-a786-2451d5e24fd8" />
      <TestMethod codeBase="C:\Users\spare\source\repos\ga\Tests\Common\GA.MusicTheory.DSL.Tests\bin\Debug\net9.0\GA.MusicTheory.DSL.Tests.dll" adapterTypeName="executor://nunit3testexecutor/" className="GA.MusicTheory.DSL.Tests.GrothendieckOperationsParserTests" name="ShouldParseFunctorApplication" />
    </UnitTest>
    <UnitTest name="ShouldHandleEmptyInput" storage="c:\users\spare\source\repos\ga\tests\common\ga.musictheory.dsl.tests\bin\debug\net9.0\ga.musictheory.dsl.tests.dll" id="a6ee98bb-0ba6-16e3-cc96-8db9694c5171">
      <Execution id="c149af2c-4039-467c-8061-b01b6db77006" />
      <TestMethod codeBase="C:\Users\spare\source\repos\ga\Tests\Common\GA.MusicTheory.DSL.Tests\bin\Debug\net9.0\GA.MusicTheory.DSL.Tests.dll" adapterTypeName="executor://nunit3testexecutor/" className="GA.MusicTheory.DSL.Tests.GrothendieckOperationsParserTests" name="ShouldHandleEmptyInput" />
    </UnitTest>
    <UnitTest name="ShouldHandleInvalidGuitarProData" storage="c:\users\spare\source\repos\ga\tests\common\ga.musictheory.dsl.tests\bin\debug\net9.0\ga.musictheory.dsl.tests.dll" id="8fc8c47f-a029-a560-f51c-00fce48d51e7">
      <Execution id="3b20ac53-4249-4e8f-a7fa-9fb10c51fa83" />
      <TestMethod codeBase="C:\Users\spare\source\repos\ga\Tests\Common\GA.MusicTheory.DSL.Tests\bin\Debug\net9.0\GA.MusicTheory.DSL.Tests.dll" adapterTypeName="executor://nunit3testexecutor/" className="GA.MusicTheory.DSL.Tests.GuitarProParserTests" name="ShouldHandleInvalidGuitarProData" />
    </UnitTest>
    <UnitTest name="ShouldParseSetClassObject" storage="c:\users\spare\source\repos\ga\tests\common\ga.musictheory.dsl.tests\bin\debug\net9.0\ga.musictheory.dsl.tests.dll" id="2f4bb687-dbae-833a-c48f-8d2db4aa0110">
      <Execution id="ad0ba947-7639-46e1-9dea-59d5f0e3e9a6" />
      <TestMethod codeBase="C:\Users\spare\source\repos\ga\Tests\Common\GA.MusicTheory.DSL.Tests\bin\Debug\net9.0\GA.MusicTheory.DSL.Tests.dll" adapterTypeName="executor://nunit3testexecutor/" className="GA.MusicTheory.DSL.Tests.GrothendieckOperationsParserTests" name="ShouldParseSetClassObject" />
    </UnitTest>
    <UnitTest name="CompletionProvider_ToJson_IncludesRequiredFields" storage="c:\users\spare\source\repos\ga\tests\common\ga.musictheory.dsl.tests\bin\debug\net9.0\ga.musictheory.dsl.tests.dll" id="1f8a7fed-6714-397e-ee6c-be1cfeda2c38">
      <Execution id="aafa5882-8bd9-4947-9351-1a253e41f639" />
      <TestMethod codeBase="C:\Users\spare\source\repos\ga\Tests\Common\GA.MusicTheory.DSL.Tests\bin\Debug\net9.0\GA.MusicTheory.DSL.Tests.dll" adapterTypeName="executor://nunit3testexecutor/" className="GA.MusicTheory.DSL.Tests.LspTests" name="CompletionProvider_ToJson_IncludesRequiredFields" />
    </UnitTest>
    <UnitTest name="DiagnosticsProvider_Validate_ConsecutiveIdenticalChords_ReturnsWarning" storage="c:\users\spare\source\repos\ga\tests\common\ga.musictheory.dsl.tests\bin\debug\net9.0\ga.musictheory.dsl.tests.dll" id="0e1084db-2951-c443-adef-6024adc04e3c">
      <Execution id="b6e5dc3e-ea50-4fe2-9865-586e3bc3f915" />
      <TestMethod codeBase="C:\Users\spare\source\repos\ga\Tests\Common\GA.MusicTheory.DSL.Tests\bin\Debug\net9.0\GA.MusicTheory.DSL.Tests.dll" adapterTypeName="executor://nunit3testexecutor/" className="GA.MusicTheory.DSL.Tests.LspTests" name="DiagnosticsProvider_Validate_ConsecutiveIdenticalChords_ReturnsWarning" />
    </UnitTest>
    <UnitTest name="ShouldParseReflectMorphism" storage="c:\users\spare\source\repos\ga\tests\common\ga.musictheory.dsl.tests\bin\debug\net9.0\ga.musictheory.dsl.tests.dll" id="869723ed-b4d6-1198-24e2-16633f779f83">
      <Execution id="b1dff18b-9f20-4f33-9c13-b7506335541b" />
      <TestMethod codeBase="C:\Users\spare\source\repos\ga\Tests\Common\GA.MusicTheory.DSL.Tests\bin\Debug\net9.0\GA.MusicTheory.DSL.Tests.dll" adapterTypeName="executor://nunit3testexecutor/" className="GA.MusicTheory.DSL.Tests.GrothendieckOperationsParserTests" name="ShouldParseReflectMorphism" />
    </UnitTest>
    <UnitTest name="ShouldParseSheafDefinitionWithSections" storage="c:\users\spare\source\repos\ga\tests\common\ga.musictheory.dsl.tests\bin\debug\net9.0\ga.musictheory.dsl.tests.dll" id="af3f6cd3-3456-618f-bef6-4e11c13e19c7">
      <Execution id="b868a7ba-975f-4c3e-8aaa-c45871c94cf6" />
      <TestMethod codeBase="C:\Users\spare\source\repos\ga\Tests\Common\GA.MusicTheory.DSL.Tests\bin\Debug\net9.0\GA.MusicTheory.DSL.Tests.dll" adapterTypeName="executor://nunit3testexecutor/" className="GA.MusicTheory.DSL.Tests.GrothendieckOperationsParserTests" name="ShouldParseSheafDefinitionWithSections" />
    </UnitTest>
    <UnitTest name="ShouldHandleInvalidScale" storage="c:\users\spare\source\repos\ga\tests\common\ga.musictheory.dsl.tests\bin\debug\net9.0\ga.musictheory.dsl.tests.dll" id="28753b97-7b9c-872c-07ea-6b699ce3c44e">
      <Execution id="d67fe67c-4eb6-4486-9b69-c44974b3e450" />
      <TestMethod codeBase="C:\Users\spare\source\repos\ga\Tests\Common\GA.MusicTheory.DSL.Tests\bin\Debug\net9.0\GA.MusicTheory.DSL.Tests.dll" adapterTypeName="executor://nunit3testexecutor/" className="GA.MusicTheory.DSL.Tests.ScaleTransformationParserTests" name="ShouldHandleInvalidScale" />
    </UnitTest>
    <UnitTest name="DiagnosticsProvider_Validate_ValidFretboardNavigation_ReturnsNoDiagnostics" storage="c:\users\spare\source\repos\ga\tests\common\ga.musictheory.dsl.tests\bin\debug\net9.0\ga.musictheory.dsl.tests.dll" id="3057fb3c-52fd-152c-45cb-cd6c1e39a7bb">
      <Execution id="c43674e1-b7e7-4fef-be06-832808dc2709" />
      <TestMethod codeBase="C:\Users\spare\source\repos\ga\Tests\Common\GA.MusicTheory.DSL.Tests\bin\Debug\net9.0\GA.MusicTheory.DSL.Tests.dll" adapterTypeName="executor://nunit3testexecutor/" className="GA.MusicTheory.DSL.Tests.LspTests" name="DiagnosticsProvider_Validate_ValidFretboardNavigation_ReturnsNoDiagnostics" />
    </UnitTest>
    <UnitTest name="ShouldParsePushout" storage="c:\users\spare\source\repos\ga\tests\common\ga.musictheory.dsl.tests\bin\debug\net9.0\ga.musictheory.dsl.tests.dll" id="bb17c77a-c44d-1cb0-8d22-8a0e2336e1aa">
      <Execution id="406c1154-78ec-4525-9c11-fb0c285bb30b" />
      <TestMethod codeBase="C:\Users\spare\source\repos\ga\Tests\Common\GA.MusicTheory.DSL.Tests\bin\Debug\net9.0\GA.MusicTheory.DSL.Tests.dll" adapterTypeName="executor://nunit3testexecutor/" className="GA.MusicTheory.DSL.Tests.GrothendieckOperationsParserTests" name="ShouldParsePushout" />
    </UnitTest>
    <UnitTest name="ShouldParseChordWithQuality" storage="c:\users\spare\source\repos\ga\tests\common\ga.musictheory.dsl.tests\bin\debug\net9.0\ga.musictheory.dsl.tests.dll" id="5e801fec-d9c5-e9ad-ddb9-2206e6c1e994">
      <Execution id="ea9281df-a51a-4ef0-9746-8818390c4c07" />
      <TestMethod codeBase="C:\Users\spare\source\repos\ga\Tests\Common\GA.MusicTheory.DSL.Tests\bin\Debug\net9.0\GA.MusicTheory.DSL.Tests.dll" adapterTypeName="executor://nunit3testexecutor/" className="GA.MusicTheory.DSL.Tests.ChordProgressionParserTests" name="ShouldParseChordWithQuality" />
    </UnitTest>
    <UnitTest name="ShouldParseProgressionObject" storage="c:\users\spare\source\repos\ga\tests\common\ga.musictheory.dsl.tests\bin\debug\net9.0\ga.musictheory.dsl.tests.dll" id="efffdfcb-7d7a-595f-c7e4-08ef1692923c">
      <Execution id="13b2b233-9292-4413-a8b4-4fb4bc3b2f89" />
      <TestMethod codeBase="C:\Users\spare\source\repos\ga\Tests\Common\GA.MusicTheory.DSL.Tests\bin\Debug\net9.0\GA.MusicTheory.DSL.Tests.dll" adapterTypeName="executor://nunit3testexecutor/" className="GA.MusicTheory.DSL.Tests.GrothendieckOperationsParserTests" name="ShouldParseProgressionObject" />
    </UnitTest>
    <UnitTest name="DiagnosticsProvider_Validate_ValidChordProgression_ReturnsNoDiagnostics" storage="c:\users\spare\source\repos\ga\tests\common\ga.musictheory.dsl.tests\bin\debug\net9.0\ga.musictheory.dsl.tests.dll" id="ddd4ebde-3951-2dfd-b072-1f92bc0f4d6e">
      <Execution id="e8234268-cad6-419a-bf13-656897660962" />
      <TestMethod codeBase="C:\Users\spare\source\repos\ga\Tests\Common\GA.MusicTheory.DSL.Tests\bin\Debug\net9.0\GA.MusicTheory.DSL.Tests.dll" adapterTypeName="executor://nunit3testexecutor/" className="GA.MusicTheory.DSL.Tests.LspTests" name="DiagnosticsProvider_Validate_ValidChordProgression_ReturnsNoDiagnostics" />
    </UnitTest>
    <UnitTest name="ShouldParseSimpleVexTab" storage="c:\users\spare\source\repos\ga\tests\common\ga.musictheory.dsl.tests\bin\debug\net9.0\ga.musictheory.dsl.tests.dll" id="af956073-5723-227c-9027-d9ed025475a2">
      <Execution id="7f40e4fc-1434-43d4-adc0-a571311475cf" />
      <TestMethod codeBase="C:\Users\spare\source\repos\ga\Tests\Common\GA.MusicTheory.DSL.Tests\bin\Debug\net9.0\GA.MusicTheory.DSL.Tests.dll" adapterTypeName="executor://nunit3testexecutor/" className="GA.MusicTheory.DSL.Tests.VexTabParserTests" name="ShouldParseSimpleVexTab" />
    </UnitTest>
    <UnitTest name="ShouldParseSimpleChordProgression" storage="c:\users\spare\source\repos\ga\tests\common\ga.musictheory.dsl.tests\bin\debug\net9.0\ga.musictheory.dsl.tests.dll" id="cff518c9-0d72-3ac8-0ff9-8fee162b1246">
      <Execution id="43368904-1f00-4361-a7a2-5e0ab373b6ee" />
      <TestMethod codeBase="C:\Users\spare\source\repos\ga\Tests\Common\GA.MusicTheory.DSL.Tests\bin\Debug\net9.0\GA.MusicTheory.DSL.Tests.dll" adapterTypeName="executor://nunit3testexecutor/" className="GA.MusicTheory.DSL.Tests.ChordProgressionParserTests" name="ShouldParseSimpleChordProgression" />
    </UnitTest>
    <UnitTest name="ShouldParseFunctorDefinition" storage="c:\users\spare\source\repos\ga\tests\common\ga.musictheory.dsl.tests\bin\debug\net9.0\ga.musictheory.dsl.tests.dll" id="26a1f469-4430-aa40-6d44-2fb196987c3a">
      <Execution id="ccbf96a4-c1d0-44e3-b18a-3b2bcd142c01" />
      <TestMethod codeBase="C:\Users\spare\source\repos\ga\Tests\Common\GA.MusicTheory.DSL.Tests\bin\Debug\net9.0\GA.MusicTheory.DSL.Tests.dll" adapterTypeName="executor://nunit3testexecutor/" className="GA.MusicTheory.DSL.Tests.GrothendieckOperationsParserTests" name="ShouldParseFunctorDefinition" />
    </UnitTest>
    <UnitTest name="ShouldParseVexTabWithTechniques" storage="c:\users\spare\source\repos\ga\tests\common\ga.musictheory.dsl.tests\bin\debug\net9.0\ga.musictheory.dsl.tests.dll" id="bfec47c0-31a4-bb9c-e7b1-0afb1b3b4d56">
      <Execution id="bce21f76-97f5-4ded-bb9a-a7767e96f1e3" />
      <TestMethod codeBase="C:\Users\spare\source\repos\ga\Tests\Common\GA.MusicTheory.DSL.Tests\bin\Debug\net9.0\GA.MusicTheory.DSL.Tests.dll" adapterTypeName="executor://nunit3testexecutor/" className="GA.MusicTheory.DSL.Tests.VexTabParserTests" name="ShouldParseVexTabWithTechniques" />
    </UnitTest>
    <UnitTest name="ShouldParseScaleObject" storage="c:\users\spare\source\repos\ga\tests\common\ga.musictheory.dsl.tests\bin\debug\net9.0\ga.musictheory.dsl.tests.dll" id="24c4d3af-9205-602b-8875-e383cedbb037">
      <Execution id="2953017d-f506-4db2-a467-92b053c6b07a" />
      <TestMethod codeBase="C:\Users\spare\source\repos\ga\Tests\Common\GA.MusicTheory.DSL.Tests\bin\Debug\net9.0\GA.MusicTheory.DSL.Tests.dll" adapterTypeName="executor://nunit3testexecutor/" className="GA.MusicTheory.DSL.Tests.GrothendieckOperationsParserTests" name="ShouldParseScaleObject" />
    </UnitTest>
    <UnitTest name="CompletionProvider_ToJson_ConvertsCompletionsToJsonArray" storage="c:\users\spare\source\repos\ga\tests\common\ga.musictheory.dsl.tests\bin\debug\net9.0\ga.musictheory.dsl.tests.dll" id="ffaf9f51-5110-eb5a-2206-bcb2a5f79a05">
      <Execution id="b6165abe-3e6a-4872-911c-29947e2ee3e7" />
      <TestMethod codeBase="C:\Users\spare\source\repos\ga\Tests\Common\GA.MusicTheory.DSL.Tests\bin\Debug\net9.0\GA.MusicTheory.DSL.Tests.dll" adapterTypeName="executor://nunit3testexecutor/" className="GA.MusicTheory.DSL.Tests.LspTests" name="CompletionProvider_ToJson_ConvertsCompletionsToJsonArray" />
    </UnitTest>
    <UnitTest name="ToAsciiTabShouldHandleMultipleTracks" storage="c:\users\spare\source\repos\ga\tests\common\ga.musictheory.dsl.tests\bin\debug\net9.0\ga.musictheory.dsl.tests.dll" id="97882d55-dd5b-489c-ed50-64b27d3f2d6c">
      <Execution id="3c76c9b3-51fa-414f-acab-685d32d4c5f7" />
      <TestMethod codeBase="C:\Users\spare\source\repos\ga\Tests\Common\GA.MusicTheory.DSL.Tests\bin\Debug\net9.0\GA.MusicTheory.DSL.Tests.dll" adapterTypeName="executor://nunit3testexecutor/" className="GA.MusicTheory.DSL.Tests.GuitarProParserTests" name="ToAsciiTabShouldHandleMultipleTracks" />
    </UnitTest>
    <UnitTest name="CompletionProvider_GetCompletions_ReturnsTransformationCompletions" storage="c:\users\spare\source\repos\ga\tests\common\ga.musictheory.dsl.tests\bin\debug\net9.0\ga.musictheory.dsl.tests.dll" id="ab008672-36b5-1a70-1ecd-1211cc19c27f">
      <Execution id="ee164984-88f3-4193-bb2b-f2242ecbdf70" />
      <TestMethod codeBase="C:\Users\spare\source\repos\ga\Tests\Common\GA.MusicTheory.DSL.Tests\bin\Debug\net9.0\GA.MusicTheory.DSL.Tests.dll" adapterTypeName="executor://nunit3testexecutor/" className="GA.MusicTheory.DSL.Tests.LspTests" name="CompletionProvider_GetCompletions_ReturnsTransformationCompletions" />
    </UnitTest>
    <UnitTest name="ShouldParseColimit" storage="c:\users\spare\source\repos\ga\tests\common\ga.musictheory.dsl.tests\bin\debug\net9.0\ga.musictheory.dsl.tests.dll" id="38c1c90a-c374-d625-1c23-ed099783479c">
      <Execution id="41d546b6-9ebb-4115-a74a-66b7707c8da0" />
      <TestMethod codeBase="C:\Users\spare\source\repos\ga\Tests\Common\GA.MusicTheory.DSL.Tests\bin\Debug\net9.0\GA.MusicTheory.DSL.Tests.dll" adapterTypeName="executor://nunit3testexecutor/" className="GA.MusicTheory.DSL.Tests.GrothendieckOperationsParserTests" name="ShouldParseColimit" />
    </UnitTest>
    <UnitTest name="ShouldParseSheafDefinition" storage="c:\users\spare\source\repos\ga\tests\common\ga.musictheory.dsl.tests\bin\debug\net9.0\ga.musictheory.dsl.tests.dll" id="53943816-ae92-a5ca-f064-c449a25f1cb1">
      <Execution id="2b67024f-1e98-40c3-8d82-eae1b53f6302" />
      <TestMethod codeBase="C:\Users\spare\source\repos\ga\Tests\Common\GA.MusicTheory.DSL.Tests\bin\Debug\net9.0\GA.MusicTheory.DSL.Tests.dll" adapterTypeName="executor://nunit3testexecutor/" className="GA.MusicTheory.DSL.Tests.GrothendieckOperationsParserTests" name="ShouldParseSheafDefinition" />
    </UnitTest>
    <UnitTest name="CompletionProvider_GetCompletions_ReturnsNavigationCompletions" storage="c:\users\spare\source\repos\ga\tests\common\ga.musictheory.dsl.tests\bin\debug\net9.0\ga.musictheory.dsl.tests.dll" id="cdfe2e5a-ebbf-c402-dffd-2a3332110182">
      <Execution id="5ba173b0-ddf8-4733-9d53-63b533e9a1b3" />
      <TestMethod codeBase="C:\Users\spare\source\repos\ga\Tests\Common\GA.MusicTheory.DSL.Tests\bin\Debug\net9.0\GA.MusicTheory.DSL.Tests.dll" adapterTypeName="executor://nunit3testexecutor/" className="GA.MusicTheory.DSL.Tests.LspTests" name="CompletionProvider_GetCompletions_ReturnsNavigationCompletions" />
    </UnitTest>
    <UnitTest name="ShouldParseInvertMorphism" storage="c:\users\spare\source\repos\ga\tests\common\ga.musictheory.dsl.tests\bin\debug\net9.0\ga.musictheory.dsl.tests.dll" id="7bc9bd96-9de9-09ab-4f55-667bd1745ba5">
      <Execution id="af8187af-3120-41eb-97cc-cd4713572a46" />
      <TestMethod codeBase="C:\Users\spare\source\repos\ga\Tests\Common\GA.MusicTheory.DSL.Tests\bin\Debug\net9.0\GA.MusicTheory.DSL.Tests.dll" adapterTypeName="executor://nunit3testexecutor/" className="GA.MusicTheory.DSL.Tests.GrothendieckOperationsParserTests" name="ShouldParseInvertMorphism" />
    </UnitTest>
    <UnitTest name="ShouldParseChordObject" storage="c:\users\spare\source\repos\ga\tests\common\ga.musictheory.dsl.tests\bin\debug\net9.0\ga.musictheory.dsl.tests.dll" id="9efcdba7-a486-53f9-d0c9-618041cdc78e">
      <Execution id="49a3f518-369a-46c3-a4fb-499cb2f74147" />
      <TestMethod codeBase="C:\Users\spare\source\repos\ga\Tests\Common\GA.MusicTheory.DSL.Tests\bin\Debug\net9.0\GA.MusicTheory.DSL.Tests.dll" adapterTypeName="executor://nunit3testexecutor/" className="GA.MusicTheory.DSL.Tests.GrothendieckOperationsParserTests" name="ShouldParseChordObject" />
    </UnitTest>
    <UnitTest name="ShouldHandleComplexNesting" storage="c:\users\spare\source\repos\ga\tests\common\ga.musictheory.dsl.tests\bin\debug\net9.0\ga.musictheory.dsl.tests.dll" id="57a0cccc-e85d-d177-3c50-f75f72f094ae">
      <Execution id="5ed127cf-8f5b-4143-9376-2bbbba28d089" />
      <TestMethod codeBase="C:\Users\spare\source\repos\ga\Tests\Common\GA.MusicTheory.DSL.Tests\bin\Debug\net9.0\GA.MusicTheory.DSL.Tests.dll" adapterTypeName="executor://nunit3testexecutor/" className="GA.MusicTheory.DSL.Tests.GrothendieckOperationsParserTests" name="ShouldHandleComplexNesting" />
    </UnitTest>
    <UnitTest name="ShouldParseFileWithValidPath" storage="c:\users\spare\source\repos\ga\tests\common\ga.musictheory.dsl.tests\bin\debug\net9.0\ga.musictheory.dsl.tests.dll" id="7774c954-0605-8d20-cd75-d56414f562ca">
      <Execution id="0b093263-d665-4b5a-87be-0adb2410a83e" />
      <TestMethod codeBase="C:\Users\spare\source\repos\ga\Tests\Common\GA.MusicTheory.DSL.Tests\bin\Debug\net9.0\GA.MusicTheory.DSL.Tests.dll" adapterTypeName="executor://nunit3testexecutor/" className="GA.MusicTheory.DSL.Tests.GuitarProParserTests" name="ShouldParseFileWithValidPath" />
    </UnitTest>
    <UnitTest name="DiagnosticsProvider_Validate_ValidScaleTransformation_ReturnsNoDiagnostics" storage="c:\users\spare\source\repos\ga\tests\common\ga.musictheory.dsl.tests\bin\debug\net9.0\ga.musictheory.dsl.tests.dll" id="7a6b8484-ed6a-ecdb-99fa-2dd21dca5102">
      <Execution id="eb99279f-bf57-44b6-9c7c-79ae9eb4ae1d" />
      <TestMethod codeBase="C:\Users\spare\source\repos\ga\Tests\Common\GA.MusicTheory.DSL.Tests\bin\Debug\net9.0\GA.MusicTheory.DSL.Tests.dll" adapterTypeName="executor://nunit3testexecutor/" className="GA.MusicTheory.DSL.Tests.LspTests" name="DiagnosticsProvider_Validate_ValidScaleTransformation_ReturnsNoDiagnostics" />
    </UnitTest>
    <UnitTest name="ShouldParseEqualizer" storage="c:\users\spare\source\repos\ga\tests\common\ga.musictheory.dsl.tests\bin\debug\net9.0\ga.musictheory.dsl.tests.dll" id="9c2d5abb-a359-3d8d-a6b6-242c5e9e85fb">
      <Execution id="c0a1ae5b-46ee-426b-8711-c54f08dcd846" />
      <TestMethod codeBase="C:\Users\spare\source\repos\ga\Tests\Common\GA.MusicTheory.DSL.Tests\bin\Debug\net9.0\GA.MusicTheory.DSL.Tests.dll" adapterTypeName="executor://nunit3testexecutor/" className="GA.MusicTheory.DSL.Tests.GrothendieckOperationsParserTests" name="ShouldParseEqualizer" />
    </UnitTest>
    <UnitTest name="ShouldParseTryParseReturnsNoneForInvalidInput" storage="c:\users\spare\source\repos\ga\tests\common\ga.musictheory.dsl.tests\bin\debug\net9.0\ga.musictheory.dsl.tests.dll" id="7b5d7b26-b040-1c89-664c-ed358861aecf">
      <Execution id="f38fe448-4bc5-4838-ab4c-48b3d00995b8" />
      <TestMethod codeBase="C:\Users\spare\source\repos\ga\Tests\Common\GA.MusicTheory.DSL.Tests\bin\Debug\net9.0\GA.MusicTheory.DSL.Tests.dll" adapterTypeName="executor://nunit3testexecutor/" className="GA.MusicTheory.DSL.Tests.AsciiTabParserTests" name="ShouldParseTryParseReturnsNoneForInvalidInput" />
    </UnitTest>
    <UnitTest name="ShouldParseSubobjectClassifier" storage="c:\users\spare\source\repos\ga\tests\common\ga.musictheory.dsl.tests\bin\debug\net9.0\ga.musictheory.dsl.tests.dll" id="b7b747bf-85de-2438-b12c-9cbd50658f68">
      <Execution id="95baaced-d37e-4143-bb43-8dbbe081f4c9" />
      <TestMethod codeBase="C:\Users\spare\source\repos\ga\Tests\Common\GA.MusicTheory.DSL.Tests\bin\Debug\net9.0\GA.MusicTheory.DSL.Tests.dll" adapterTypeName="executor://nunit3testexecutor/" className="GA.MusicTheory.DSL.Tests.GrothendieckOperationsParserTests" name="ShouldParseSubobjectClassifier" />
    </UnitTest>
    <UnitTest name="CompletionProvider_GetCompletions_ReturnsGrothendieckCompletions" storage="c:\users\spare\source\repos\ga\tests\common\ga.musictheory.dsl.tests\bin\debug\net9.0\ga.musictheory.dsl.tests.dll" id="6f39e934-b52a-e293-1050-b8a626e346af">
      <Execution id="0b1b48ec-2f61-4510-9a34-9011e8f1b817" />
      <TestMethod codeBase="C:\Users\spare\source\repos\ga\Tests\Common\GA.MusicTheory.DSL.Tests\bin\Debug\net9.0\GA.MusicTheory.DSL.Tests.dll" adapterTypeName="executor://nunit3testexecutor/" className="GA.MusicTheory.DSL.Tests.LspTests" name="CompletionProvider_GetCompletions_ReturnsGrothendieckCompletions" />
    </UnitTest>
    <UnitTest name="LspWorkflow_GrothendieckOperations_CompletionAndValidation" storage="c:\users\spare\source\repos\ga\tests\common\ga.musictheory.dsl.tests\bin\debug\net9.0\ga.musictheory.dsl.tests.dll" id="6e233c8e-3b01-c4a0-3df8-0ff7e495d307">
      <Execution id="c11fe0f3-7629-4584-ad9f-50c12687769e" />
      <TestMethod codeBase="C:\Users\spare\source\repos\ga\Tests\Common\GA.MusicTheory.DSL.Tests\bin\Debug\net9.0\GA.MusicTheory.DSL.Tests.dll" adapterTypeName="executor://nunit3testexecutor/" className="GA.MusicTheory.DSL.Tests.LspTests" name="LspWorkflow_GrothendieckOperations_CompletionAndValidation" />
    </UnitTest>
    <UnitTest name="ShouldParseInternalHom" storage="c:\users\spare\source\repos\ga\tests\common\ga.musictheory.dsl.tests\bin\debug\net9.0\ga.musictheory.dsl.tests.dll" id="a7a6bb65-ea86-9a0e-213d-4956b7cae52b">
      <Execution id="cdd825d0-c861-4c80-b354-0705e57653d5" />
      <TestMethod codeBase="C:\Users\spare\source\repos\ga\Tests\Common\GA.MusicTheory.DSL.Tests\bin\Debug\net9.0\GA.MusicTheory.DSL.Tests.dll" adapterTypeName="executor://nunit3testexecutor/" className="GA.MusicTheory.DSL.Tests.GrothendieckOperationsParserTests" name="ShouldParseInternalHom" />
    </UnitTest>
    <UnitTest name="CompletionProvider_GetCompletions_ReturnsScaleTypeCompletions" storage="c:\users\spare\source\repos\ga\tests\common\ga.musictheory.dsl.tests\bin\debug\net9.0\ga.musictheory.dsl.tests.dll" id="d4638c84-2fbc-06b0-2fab-31093b917662">
      <Execution id="0053bfa1-a101-445d-bd26-008eda4b1639" />
      <TestMethod codeBase="C:\Users\spare\source\repos\ga\Tests\Common\GA.MusicTheory.DSL.Tests\bin\Debug\net9.0\GA.MusicTheory.DSL.Tests.dll" adapterTypeName="executor://nunit3testexecutor/" className="GA.MusicTheory.DSL.Tests.LspTests" name="CompletionProvider_GetCompletions_ReturnsScaleTypeCompletions" />
    </UnitTest>
    <UnitTest name="CompletionProvider_GetCompletions_ReturnsRomanNumeralCompletions" storage="c:\users\spare\source\repos\ga\tests\common\ga.musictheory.dsl.tests\bin\debug\net9.0\ga.musictheory.dsl.tests.dll" id="cd54cb2c-17e7-9578-dcd8-67a351abac16">
      <Execution id="477747b7-43ee-4dd5-939a-c41e6fe25e70" />
      <TestMethod codeBase="C:\Users\spare\source\repos\ga\Tests\Common\GA.MusicTheory.DSL.Tests\bin\Debug\net9.0\GA.MusicTheory.DSL.Tests.dll" adapterTypeName="executor://nunit3testexecutor/" className="GA.MusicTheory.DSL.Tests.LspTests" name="CompletionProvider_GetCompletions_ReturnsRomanNumeralCompletions" />
    </UnitTest>
    <UnitTest name="ShouldParseTensorProduct" storage="c:\users\spare\source\repos\ga\tests\common\ga.musictheory.dsl.tests\bin\debug\net9.0\ga.musictheory.dsl.tests.dll" id="371974f1-c983-045f-f0a5-4f947461ecc4">
      <Execution id="44151151-1b03-48ed-ae50-3520dcc6ac3a" />
      <TestMethod codeBase="C:\Users\spare\source\repos\ga\Tests\Common\GA.MusicTheory.DSL.Tests\bin\Debug\net9.0\GA.MusicTheory.DSL.Tests.dll" adapterTypeName="executor://nunit3testexecutor/" className="GA.MusicTheory.DSL.Tests.GrothendieckOperationsParserTests" name="ShouldParseTensorProduct" />
    </UnitTest>
    <UnitTest name="ShouldParseSheafGluing" storage="c:\users\spare\source\repos\ga\tests\common\ga.musictheory.dsl.tests\bin\debug\net9.0\ga.musictheory.dsl.tests.dll" id="ad57a082-5270-5a77-03d9-00ffc45c9ed8">
      <Execution id="b27f8bb3-d036-43cb-8320-5cd5257ac545" />
      <TestMethod codeBase="C:\Users\spare\source\repos\ga\Tests\Common\GA.MusicTheory.DSL.Tests\bin\Debug\net9.0\GA.MusicTheory.DSL.Tests.dll" adapterTypeName="executor://nunit3testexecutor/" className="GA.MusicTheory.DSL.Tests.GrothendieckOperationsParserTests" name="ShouldParseSheafGluing" />
    </UnitTest>
    <UnitTest name="ShouldParseSheafRestriction" storage="c:\users\spare\source\repos\ga\tests\common\ga.musictheory.dsl.tests\bin\debug\net9.0\ga.musictheory.dsl.tests.dll" id="0c4d10a4-fb59-4018-7aab-325e418d6ccc">
      <Execution id="aa2d165e-f8ed-4481-9c73-93abde23332f" />
      <TestMethod codeBase="C:\Users\spare\source\repos\ga\Tests\Common\GA.MusicTheory.DSL.Tests\bin\Debug\net9.0\GA.MusicTheory.DSL.Tests.dll" adapterTypeName="executor://nunit3testexecutor/" className="GA.MusicTheory.DSL.Tests.GrothendieckOperationsParserTests" name="ShouldParseSheafRestriction" />
    </UnitTest>
    <UnitTest name="ShouldParseTransposeMorphism" storage="c:\users\spare\source\repos\ga\tests\common\ga.musictheory.dsl.tests\bin\debug\net9.0\ga.musictheory.dsl.tests.dll" id="cbe66b31-5684-9dba-3793-e56c2258245d">
      <Execution id="1665a585-9ae8-49e2-a8d8-a7f2bfbe664f" />
      <TestMethod codeBase="C:\Users\spare\source\repos\ga\Tests\Common\GA.MusicTheory.DSL.Tests\bin\Debug\net9.0\GA.MusicTheory.DSL.Tests.dll" adapterTypeName="executor://nunit3testexecutor/" className="GA.MusicTheory.DSL.Tests.GrothendieckOperationsParserTests" name="ShouldParseTransposeMorphism" />
    </UnitTest>
    <UnitTest name="ShouldHandleEmptyInput" storage="c:\users\spare\source\repos\ga\tests\common\ga.musictheory.dsl.tests\bin\debug\net9.0\ga.musictheory.dsl.tests.dll" id="319b5451-6f12-5172-1b4d-47d88421e26c">
      <Execution id="3265ea81-3a1e-48d8-9fef-0bbf9272c598" />
      <TestMethod codeBase="C:\Users\spare\source\repos\ga\Tests\Common\GA.MusicTheory.DSL.Tests\bin\Debug\net9.0\GA.MusicTheory.DSL.Tests.dll" adapterTypeName="executor://nunit3testexecutor/" className="GA.MusicTheory.DSL.Tests.GuitarProParserTests" name="ShouldHandleEmptyInput" />
    </UnitTest>
[...]
      <TestMethod codeBase="C:\Users\spare\source\repos\ga\Tests\Common\GA.MusicTheory.DSL.Tests\bin\Debug\net9.0\GA.MusicTheory.DSL.Tests.dll" adapterTypeName="executor://nunit3testexecutor/" className="GA.MusicTheory.DSL.Tests.GrothendieckOperationsParserTests" name="ShouldHandleAccidentals" />
    </UnitTest>
    <UnitTest name="ShouldParseSubobjectClassifierWithObject" storage="c:\users\spare\source\repos\ga\tests\common\ga.musictheory.dsl.tests\bin\debug\net9.0\ga.musictheory.dsl.tests.dll" id="b2d30d59-0079-77ea-74c8-dfa79be1847c">
      <Execution id="7e08d2c6-0682-4355-a9de-5cea54013812" />
      <TestMethod codeBase="C:\Users\spare\source\repos\ga\Tests\Common\GA.MusicTheory.DSL.Tests\bin\Debug\net9.0\GA.MusicTheory.DSL.Tests.dll" adapterTypeName="executor://nunit3testexecutor/" className="GA.MusicTheory.DSL.Tests.GrothendieckOperationsParserTests" name="ShouldParseSubobjectClassifierWithObject" />
    </UnitTest>
    <UnitTest name="ShouldParseNavigationWithDirection" storage="c:\users\spare\source\repos\ga\tests\common\ga.musictheory.dsl.tests\bin\debug\net9.0\ga.musictheory.dsl.tests.dll" id="9880c4de-c307-7446-ab9a-d40742d8a5be">
      <Execution id="80ee8596-5b01-4c1c-80f7-c948bf1978af" />
      <TestMethod codeBase="C:\Users\spare\source\repos\ga\Tests\Common\GA.MusicTheory.DSL.Tests\bin\Debug\net9.0\GA.MusicTheory.DSL.Tests.dll" adapterTypeName="executor://nunit3testexecutor/" className="GA.MusicTheory.DSL.Tests.FretboardNavigationParserTests" name="ShouldParseNavigationWithDirection" />
    </UnitTest>
    <UnitTest name="ShouldParseNaturalTransformationApplication" storage="c:\users\spare\source\repos\ga\tests\common\ga.musictheory.dsl.tests\bin\debug\net9.0\ga.musictheory.dsl.tests.dll" id="ba6c83f6-d4b4-de02-55a8-d5f18abf9298">
      <Execution id="be25c3cc-9a96-4c94-b0d0-f2d68981b0cc" />
      <TestMethod codeBase="C:\Users\spare\source\repos\ga\Tests\Common\GA.MusicTheory.DSL.Tests\bin\Debug\net9.0\GA.MusicTheory.DSL.Tests.dll" adapterTypeName="executor://nunit3testexecutor/" className="GA.MusicTheory.DSL.Tests.GrothendieckOperationsParserTests" name="ShouldParseNaturalTransformationApplication" />
    </UnitTest>
    <UnitTest name="ShouldParseSheafGluingWithRules" storage="c:\users\spare\source\repos\ga\tests\common\ga.musictheory.dsl.tests\bin\debug\net9.0\ga.musictheory.dsl.tests.dll" id="05b2e316-b2a5-cec6-006f-515226bfec56">
      <Execution id="c6d1315c-606d-434b-95a8-9f216c90bc33" />
      <TestMethod codeBase="C:\Users\spare\source\repos\ga\Tests\Common\GA.MusicTheory.DSL.Tests\bin\Debug\net9.0\GA.MusicTheory.DSL.Tests.dll" adapterTypeName="executor://nunit3testexecutor/" className="GA.MusicTheory.DSL.Tests.GrothendieckOperationsParserTests" name="ShouldParseSheafGluingWithRules" />
    </UnitTest>
    <UnitTest name="DiagnosticsProvider_Validate_ExcessiveTransposition_ReturnsWarning" storage="c:\users\spare\source\repos\ga\tests\common\ga.musictheory.dsl.tests\bin\debug\net9.0\ga.musictheory.dsl.tests.dll" id="edecf577-b548-d35f-6cfc-0736f2bb5c60">
      <Execution id="c8bfbab5-e6f2-4d57-aa7e-e680bc33630b" />
      <TestMethod codeBase="C:\Users\spare\source\repos\ga\Tests\Common\GA.MusicTheory.DSL.Tests\bin\Debug\net9.0\GA.MusicTheory.DSL.Tests.dll" adapterTypeName="executor://nunit3testexecutor/" className="GA.MusicTheory.DSL.Tests.LspTests" name="DiagnosticsProvider_Validate_ExcessiveTransposition_ReturnsWarning" />
    </UnitTest>
  </TestDefinitions>
  <TestEntries>
    <TestEntry testId="cff518c9-0d72-3ac8-0ff9-8fee162b1246" executionId="43368904-1f00-4361-a7a2-5e0ab373b6ee" testListId="8c84fa94-04c1-424b-9868-57a2d4851a1d" />
    <TestEntry testId="bfec47c0-31a4-bb9c-e7b1-0afb1b3b4d56" executionId="bce21f76-97f5-4ded-bb9a-a7767e96f1e3" testListId="8c84fa94-04c1-424b-9868-57a2d4851a1d" />
    <TestEntry testId="55236055-0087-f88d-ac73-83dfeb72fb52" executionId="a83d46ea-21ea-4ca0-88fe-ee7b39e042a8" testListId="8c84fa94-04c1-424b-9868-57a2d4851a1d" />
    <TestEntry testId="24c4d3af-9205-602b-8875-e383cedbb037" executionId="2953017d-f506-4db2-a467-92b053c6b07a" testListId="8c84fa94-04c1-424b-9868-57a2d4851a1d" />
    <TestEntry testId="ddd4ebde-3951-2dfd-b072-1f92bc0f4d6e" executionId="e8234268-cad6-419a-bf13-656897660962" testListId="8c84fa94-04c1-424b-9868-57a2d4851a1d" />
    <TestEntry testId="cab000f6-8023-b0eb-6279-5b0562be9da6" executionId="678aa15e-b2bb-419a-9cc2-191505b9cff3" testListId="8c84fa94-04c1-424b-9868-57a2d4851a1d" />
    <TestEntry testId="d4638c84-2fbc-06b0-2fab-31093b917662" executionId="0053bfa1-a101-445d-bd26-008eda4b1639" testListId="8c84fa94-04c1-424b-9868-57a2d4851a1d" />
    <TestEntry testId="0c4d10a4-fb59-4018-7aab-325e418d6ccc" executionId="aa2d165e-f8ed-4481-9c73-93abde23332f" testListId="8c84fa94-04c1-424b-9868-57a2d4851a1d" />
    <TestEntry testId="38c1c90a-c374-d625-1c23-ed099783479c" executionId="41d546b6-9ebb-4115-a74a-66b7707c8da0" testListId="8c84fa94-04c1-424b-9868-57a2d4851a1d" />
    <TestEntry testId="6f39e934-b52a-e293-1050-b8a626e346af" executionId="0b1b48ec-2f61-4510-9a34-9011e8f1b817" testListId="8c84fa94-04c1-424b-9868-57a2d4851a1d" />
    <TestEntry testId="efffdfcb-7d7a-595f-c7e4-08ef1692923c" executionId="13b2b233-9292-4413-a8b4-4fb4bc3b2f89" testListId="8c84fa94-04c1-424b-9868-57a2d4851a1d" />
    <TestEntry testId="e999b69b-9366-b445-6f80-02dc55a6b921" executionId="a466dd64-bd06-4eaf-8986-990a1e718bca" testListId="8c84fa94-04c1-424b-9868-57a2d4851a1d" />
    <TestEntry testId="e5f80cad-4934-58f4-7f2b-d5ebe291bcc1" executionId="58925efe-e447-44cd-b890-4ec5655bace5" testListId="8c84fa94-04c1-424b-9868-57a2d4851a1d" />
    <TestEntry testId="9efcdba7-a486-53f9-d0c9-618041cdc78e" executionId="49a3f518-369a-46c3-a4fb-499cb2f74147" testListId="8c84fa94-04c1-424b-9868-57a2d4851a1d" />
    <TestEntry testId="6e72f1e4-2342-d61c-fcb7-d441c65ed2ea" executionId="df3d316f-6226-4076-a786-2451d5e24fd8" testListId="8c84fa94-04c1-424b-9868-57a2d4851a1d" />
    <TestEntry testId="319b5451-6f12-5172-1b4d-47d88421e26c" executionId="3265ea81-3a1e-48d8-9fef-0bbf9272c598" testListId="8c84fa94-04c1-424b-9868-57a2d4851a1d" />
    <TestEntry testId="b7b747bf-85de-2438-b12c-9cbd50658f68" executionId="95baaced-d37e-4143-bb43-8dbbe081f4c9" testListId="8c84fa94-04c1-424b-9868-57a2d4851a1d" />
    <TestEntry testId="5e50c3ba-3b1d-577f-6c0d-5d9b2e498365" executionId="caba8dcc-da73-4cac-93b8-312b7744fb49" testListId="8c84fa94-04c1-424b-9868-57a2d4851a1d" />
    <TestEntry testId="d9a4d709-f29e-32dd-e094-9efbda77cfaa" executionId="83012cc4-16cb-461e-81b5-afb14c54cfd3" testListId="8c84fa94-04c1-424b-9868-57a2d4851a1d" />
    <TestEntry testId="8900891b-c570-2efe-204d-499ca111aeb0" executionId="0d095d46-11b1-45f8-b7fd-bf859cbcc80b" testListId="8c84fa94-04c1-424b-9868-57a2d4851a1d" />
    <TestEntry testId="6d24fc50-103d-7070-196d-a92c89ab1e69" executionId="ab910029-cc0e-4c05-bece-a60ed8a0d2c8" testListId="8c84fa94-04c1-424b-9868-57a2d4851a1d" />
    <TestEntry testId="6e859e81-dc8d-854b-4e0d-7b67d79d2670" executionId="5b2e5ae2-c13c-473f-bdd8-e8749da576cd" testListId="8c84fa94-04c1-424b-9868-57a2d4851a1d" />
    <TestEntry testId="8dd994c3-2d9a-255d-863e-0314c6ffbdeb" executionId="3c53c64d-8e33-40ea-9901-db990649b3fd" testListId="8c84fa94-04c1-424b-9868-57a2d4851a1d" />
    <TestEntry testId="da95db3c-1c20-aab7-1194-8cb0ccd04d92" executionId="c82411ef-d9a8-43d8-b6ba-4748cab9601a" testListId="8c84fa94-04c1-424b-9868-57a2d4851a1d" />
    <TestEntry testId="28753b97-7b9c-872c-07ea-6b699ce3c44e" executionId="d67fe67c-4eb6-4486-9b69-c44974b3e450" testListId="8c84fa94-04c1-424b-9868-57a2d4851a1d" />
    <TestEntry testId="c61db468-f5fb-ea62-af8b-1a5843609ea5" executionId="518857b3-1699-463f-be6e-f5b7ae8712fe" testListId="8c84fa94-04c1-424b-9868-57a2d4851a1d" />
    <TestEntry testId="a6ee98bb-0ba6-16e3-cc96-8db9694c5171" executionId="c149af2c-4039-467c-8061-b01b6db77006" testListId="8c84fa94-04c1-424b-9868-57a2d4851a1d" />
    <TestEntry testId="76132918-9cdc-0fec-2e04-58460077ef57" executionId="fab272b2-9c6a-40dc-9780-2eff33fa9f86" testListId="8c84fa94-04c1-424b-9868-57a2d4851a1d" />
    <TestEntry testId="131ecd64-732b-67dc-dac0-c5cf8a8339ec" executionId="b072978e-91a1-4b9a-bf31-58871dbd6847" testListId="8c84fa94-04c1-424b-9868-57a2d4851a1d" />
    <TestEntry testId="7b5d7b26-b040-1c89-664c-ed358861aecf" executionId="f38fe448-4bc5-4838-ab4c-48b3d00995b8" testListId="8c84fa94-04c1-424b-9868-57a2d4851a1d" />
    <TestEntry testId="bb17c77a-c44d-1cb0-8d22-8a0e2336e1aa" executionId="406c1154-78ec-4525-9c11-fb0c285bb30b" testListId="8c84fa94-04c1-424b-9868-57a2d4851a1d" />
    <TestEntry testId="53943816-ae92-a5ca-f064-c449a25f1cb1" executionId="2b67024f-1e98-40c3-8d82-eae1b53f6302" testListId="8c84fa94-04c1-424b-9868-57a2d4851a1d" />
    <TestEntry testId="a7fbe11d-e1f1-16ff-10f2-28b5532de14d" executionId="819999e0-6734-4834-a373-284e5763a10e" testListId="8c84fa94-04c1-424b-9868-57a2d4851a1d" />
    <TestEntry testId="7ae417e9-1437-6caa-1bcc-8fd8fa7ba1d4" executionId="dd778e1f-b45f-4b2c-9598-ab548bfb0c3a" testListId="8c84fa94-04c1-424b-9868-57a2d4851a1d" />
    <TestEntry testId="b2d30d59-0079-77ea-74c8-dfa79be1847c" executionId="7e08d2c6-0682-4355-a9de-5cea54013812" testListId="8c84fa94-04c1-424b-9868-57a2d4851a1d" />
    <TestEntry testId="8fbd6780-b682-6dbf-ec42-860e1a1047e6" executionId="31582137-768c-4db8-a433-a0b7025b01f7" testListId="8c84fa94-04c1-424b-9868-57a2d4851a1d" />
    <TestEntry testId="69f6673d-da13-6848-a248-1d3f6818e9cf" executionId="c936140c-da03-4ad8-a3c3-5e7b53a62282" testListId="8c84fa94-04c1-424b-9868-57a2d4851a1d" />
    <TestEntry testId="0e1084db-2951-c443-adef-6024adc04e3c" executionId="b6e5dc3e-ea50-4fe2-9865-586e3bc3f915" testListId="8c84fa94-04c1-424b-9868-57a2d4851a1d" />
    <TestEntry testId="f4d2d790-7534-c790-8f03-7db1d8b9f651" executionId="21d3667c-e6d4-421a-85c2-ed8a5f84e549" testListId="8c84fa94-04c1-424b-9868-57a2d4851a1d" />
    <TestEntry testId="f810e5a1-629d-b4c6-8fe3-607bf077722e" executionId="ea84ef69-9f7a-4949-b0a4-6546c73a3a75" testListId="8c84fa94-04c1-424b-9868-57a2d4851a1d" />
    <TestEntry testId="a9f459c4-44f2-b166-a335-504749530092" executionId="169cffa1-f9a4-4f5e-925f-ad8fa488172f" testListId="8c84fa94-04c1-424b-9868-57a2d4851a1d" />
    <TestEntry testId="c3f2beed-e79a-afeb-00d5-56932864c57d" executionId="68add542-0a5b-4be2-b7b4-3812ff5c6304" testListId="8c84fa94-04c1-424b-9868-57a2d4851a1d" />
    <TestEntry testId="f7874ba3-e230-5534-92e2-903bbbbfa061" executionId="320912a6-ef13-4090-b2ad-116c6c039ea5" testListId="8c84fa94-04c1-424b-9868-57a2d4851a1d" />
    <TestEntry testId="cdfe2e5a-ebbf-c402-dffd-2a3332110182" executionId="5ba173b0-ddf8-4733-9d53-63b533e9a1b3" testListId="8c84fa94-04c1-424b-9868-57a2d4851a1d" />
    <TestEntry testId="a1a78b78-a590-4f8f-2eb2-4eac3cb491f6" executionId="9ea04c2b-7080-460b-a87a-470c74bb01e6" testListId="8c84fa94-04c1-424b-9868-57a2d4851a1d" />
    <TestEntry testId="b21509b2-1add-8b86-b3db-6bec42849731" executionId="a4cc6637-f2de-4f56-a4b4-a15416c9b24b" testListId="8c84fa94-04c1-424b-9868-57a2d4851a1d" />
    <TestEntry testId="77d35354-2428-c6da-637e-cc7b01bebdfb" executionId="67ad97a7-a346-4022-9152-14f4fdd03b80" testListId="8c84fa94-04c1-424b-9868-57a2d4851a1d" />
    <TestEntry testId="ad15d44d-43f5-2f07-f837-382771974c32" executionId="8829ff1a-8e25-4f2f-bb41-f2f1e817f2c0" testListId="8c84fa94-04c1-424b-9868-57a2d4851a1d" />
    <TestEntry testId="ab008672-36b5-1a70-1ecd-1211cc19c27f" executionId="ee164984-88f3-4193-bb2b-f2242ecbdf70" testListId="8c84fa94-04c1-424b-9868-57a2d4851a1d" />
    <TestEntry testId="af956073-5723-227c-9027-d9ed025475a2" executionId="7f40e4fc-1434-43d4-adc0-a571311475cf" testListId="8c84fa94-04c1-424b-9868-57a2d4851a1d" />
    <TestEntry testId="5e801fec-d9c5-e9ad-ddb9-2206e6c1e994" executionId="ea9281df-a51a-4ef0-9746-8818390c4c07" testListId="8c84fa94-04c1-424b-9868-57a2d4851a1d" />
    <TestEntry testId="ed67a70b-bc45-47a1-9df7-9ffddbc0b26b" executionId="1a6a6cdc-e92a-4b80-9ad6-fc79b733a45e" testListId="8c84fa94-04c1-424b-9868-57a2d4851a1d" />
    <TestEntry testId="9c2d5abb-a359-3d8d-a6b6-242c5e9e85fb" executionId="c0a1ae5b-46ee-426b-8711-c54f08dcd846" testListId="8c84fa94-04c1-424b-9868-57a2d4851a1d" />
    <TestEntry testId="7bc9bd96-9de9-09ab-4f55-667bd1745ba5" executionId="af8187af-3120-41eb-97cc-cd4713572a46" testListId="8c84fa94-04c1-424b-9868-57a2d4851a1d" />
    <TestEntry testId="75c48625-4547-7262-8f58-40b76fdc2966" executionId="00bc6f76-c750-484b-b834-4ab26284968d" testListId="8c84fa94-04c1-424b-9868-57a2d4851a1d" />
    <TestEntry testId="3057fb3c-52fd-152c-45cb-cd6c1e39a7bb" executionId="c43674e1-b7e7-4fef-be06-832808dc2709" testListId="8c84fa94-04c1-424b-9868-57a2d4851a1d" />
    <TestEntry testId="9880c4de-c307-7446-ab9a-d40742d8a5be" executionId="80ee8596-5b01-4c1c-80f7-c948bf1978af" testListId="8c84fa94-04c1-424b-9868-57a2d4851a1d" />
    <TestEntry testId="0675ca0c-e0b9-96d3-b6d7-c2d0a2fbddeb" executionId="d767735d-6d3a-4d5d-88ee-def9e06d78e3" testListId="8c84fa94-04c1-424b-9868-57a2d4851a1d" />
    <TestEntry testId="8e69000e-5647-a61e-4bf5-e7403e4db627" executionId="44b6eec5-fe16-4880-9c59-be8ebc2e6f8a" testListId="8c84fa94-04c1-424b-9868-57a2d4851a1d" />
    <TestEntry testId="05b2e316-b2a5-cec6-006f-515226bfec56" executionId="c6d1315c-606d-434b-95a8-9f216c90bc33" testListId="8c84fa94-04c1-424b-9868-57a2d4851a1d" />
    <TestEntry testId="cd54cb2c-17e7-9578-dcd8-67a351abac16" executionId="477747b7-43ee-4dd5-939a-c41e6fe25e70" testListId="8c84fa94-04c1-424b-9868-57a2d4851a1d" />
    <TestEntry testId="2b8213bd-42cf-8dbb-7461-c2bd8fa2d71d" executionId="d64e76bd-5962-4e74-80c4-d8fb61117388" testListId="8c84fa94-04c1-424b-9868-57a2d4851a1d" />
    <TestEntry testId="9c11b3af-61f2-099d-e70e-4780fe598809" executionId="5ae99eda-d71c-42e3-9ce8-122040498713" testListId="8c84fa94-04c1-424b-9868-57a2d4851a1d" />
    <TestEntry testId="af3f6cd3-3456-618f-bef6-4e11c13e19c7" executionId="b868a7ba-975f-4c3e-8aaa-c45871c94cf6" testListId="8c84fa94-04c1-424b-9868-57a2d4851a1d" />
    <TestEntry testId="5d28b402-a1f6-bd0b-13c6-1c805f5d3c15" executionId="b1f43ab5-3483-4abe-ba2e-7c88354e0956" testListId="8c84fa94-04c1-424b-9868-57a2d4851a1d" />
    <TestEntry testId="cbe66b31-5684-9dba-3793-e56c2258245d" executionId="1665a585-9ae8-49e2-a8d8-a7f2bfbe664f" testListId="8c84fa94-04c1-424b-9868-57a2d4851a1d" />
    <TestEntry testId="ba6c83f6-d4b4-de02-55a8-d5f18abf9298" executionId="be25c3cc-9a96-4c94-b0d0-f2d68981b0cc" testListId="8c84fa94-04c1-424b-9868-57a2d4851a1d" />
    <TestEntry testId="371974f1-c983-045f-f0a5-4f947461ecc4" executionId="44151151-1b03-48ed-ae50-3520dcc6ac3a" testListId="8c84fa94-04c1-424b-9868-57a2d4851a1d" />
    <TestEntry testId="8fc8c47f-a029-a560-f51c-00fce48d51e7" executionId="3b20ac53-4249-4e8f-a7fa-9fb10c51fa83" testListId="8c84fa94-04c1-424b-9868-57a2d4851a1d" />
    <TestEntry testId="0a0d400c-ad2d-e6c7-d716-3d2968cdb21c" executionId="d8f2cf93-52d8-48a6-a82b-9d87c1050033" testListId="8c84fa94-04c1-424b-9868-57a2d4851a1d" />
    <TestEntry testId="de91a852-6c90-9404-8dcb-d305d1e1ae9a" executionId="bcdbde52-c8e4-4206-af3a-d02fce116fa5" testListId="8c84fa94-04c1-424b-9868-57a2d4851a1d" />
    <TestEntry testId="97882d55-dd5b-489c-ed50-64b27d3f2d6c" executionId="3c76c9b3-51fa-414f-acab-685d32d4c5f7" testListId="8c84fa94-04c1-424b-9868-57a2d4851a1d" />
    <TestEntry testId="a7a6bb65-ea86-9a0e-213d-4956b7cae52b" executionId="cdd825d0-c861-4c80-b354-0705e57653d5" testListId="8c84fa94-04c1-424b-9868-57a2d4851a1d" />
    <TestEntry testId="19f57b99-2658-d849-cef6-e9224d20ecdd" executionId="65de6884-bfb3-4b1b-8eef-82fc97ef9d98" testListId="8c84fa94-04c1-424b-9868-57a2d4851a1d" />
    <TestEntry testId="9fe554d2-017a-e1b8-2e13-ec3efb0acd56" executionId="59557737-b9de-4e95-bbcf-d5fd687e9a74" testListId="8c84fa94-04c1-424b-9868-57a2d4851a1d" />
    <TestEntry testId="7774c954-0605-8d20-cd75-d56414f562ca" executionId="0b093263-d665-4b5a-87be-0adb2410a83e" testListId="8c84fa94-04c1-424b-9868-57a2d4851a1d" />
    <TestEntry testId="8cf8b9d7-4b1f-4c5d-9669-eb3eb1d5b4fe" executionId="cd9cbaf1-6bc0-4698-938f-5fb15c510a7c" testListId="8c84fa94-04c1-424b-9868-57a2d4851a1d" />
    <TestEntry testId="57a0cccc-e85d-d177-3c50-f75f72f094ae" executionId="5ed127cf-8f5b-4143-9376-2bbbba28d089" testListId="8c84fa94-04c1-424b-9868-57a2d4851a1d" />
    <TestEntry testId="9944f678-7c6b-1632-8dae-c217c56717f4" executionId="8d449bf6-f1a0-4a72-bd73-f47b3336bce4" testListId="8c84fa94-04c1-424b-9868-57a2d4851a1d" />
    <TestEntry testId="ffaf9f51-5110-eb5a-2206-bcb2a5f79a05" executionId="b6165abe-3e6a-4872-911c-29947e2ee3e7" testListId="8c84fa94-04c1-424b-9868-57a2d4851a1d" />
    <TestEntry testId="ebc6dd15-a56a-00ac-7e14-f57058eca4f0" executionId="c027642f-c0d1-4bad-8c6c-f0a8f5040927" testListId="8c84fa94-04c1-424b-9868-57a2d4851a1d" />
    <TestEntry testId="26a1f469-4430-aa40-6d44-2fb196987c3a" executionId="ccbf96a4-c1d0-44e3-b18a-3b2bcd142c01" testListId="8c84fa94-04c1-424b-9868-57a2d4851a1d" />
    <TestEntry testId="edecf577-b548-d35f-6cfc-0736f2bb5c60" executionId="c8bfbab5-e6f2-4d57-aa7e-e680bc33630b" testListId="8c84fa94-04c1-424b-9868-57a2d4851a1d" />
    <TestEntry testId="ad57a082-5270-5a77-03d9-00ffc45c9ed8" executionId="b27f8bb3-d036-43cb-8320-5cd5257ac545" testListId="8c84fa94-04c1-424b-9868-57a2d4851a1d" />
    <TestEntry testId="df7b8e4f-2419-26ec-2abb-6b32f15b8cda" executionId="03e5841b-f7cc-46be-8d2d-1d20be42ec59" testListId="8c84fa94-04c1-424b-9868-57a2d4851a1d" />
    <TestEntry testId="7a6b8484-ed6a-ecdb-99fa-2dd21dca5102" executionId="eb99279f-bf57-44b6-9c7c-79ae9eb4ae1d" testListId="8c84fa94-04c1-424b-9868-57a2d4851a1d" />
    <TestEntry testId="6e233c8e-3b01-c4a0-3df8-0ff7e495d307" executionId="c11fe0f3-7629-4584-ad9f-50c12687769e" testListId="8c84fa94-04c1-424b-9868-57a2d4851a1d" />
    <TestEntry testId="2f4bb687-dbae-833a-c48f-8d2db4aa0110" executionId="ad0ba947-7639-46e1-9dea-59d5f0e3e9a6" testListId="8c84fa94-04c1-424b-9868-57a2d4851a1d" />
    <TestEntry testId="dad055d9-518d-8544-1e22-a47563acb9c1" executionId="08206392-e6f0-4065-a8af-3f36ef8fc855" testListId="8c84fa94-04c1-424b-9868-57a2d4851a1d" />
    <TestEntry testId="1f8a7fed-6714-397e-ee6c-be1cfeda2c38" executionId="aafa5882-8bd9-4947-9351-1a253e41f639" testListId="8c84fa94-04c1-424b-9868-57a2d4851a1d" />
    <TestEntry testId="869723ed-b4d6-1198-24e2-16633f779f83" executionId="b1dff18b-9f20-4f33-9c13-b7506335541b" testListId="8c84fa94-04c1-424b-9868-57a2d4851a1d" />
  </TestEntries>
  <TestLists>
    <TestList name="Results Not in a List" id="8c84fa94-04c1-424b-9868-57a2d4851a1d" />
    <TestList name="All Loaded Results" id="19431567-8539-422a-85d7-44ee4e166bda" />
  </TestLists>
  <ResultSummary outcome="Failed">
    <Counters total="91" executed="91" passed="87" failed="4" error="0" timeout="0" aborted="0" inconclusive="0" passedButRunAborted="0" notRunnable="0" notExecuted="0" disconnected="0" warning="0" completed="0" inProgress="0" pending="0" />
    <Output>
      <StdOut>NUnit Adapter 4.6.0.0: Test execution started&#xD;
Running all tests in C:\Users\spare\source\repos\ga\Tests\Common\GA.MusicTheory.DSL.Tests\bin\Debug\net9.0\GA.MusicTheory.DSL.Tests.dll&#xD;
   NUnit3TestExecutor discovered 91 of 91 NUnit test cases using Current Discovery mode, Non-Explicit run&#xD;
DiagnosticsProvider_Validate_ConsecutiveIdenticalChords_ReturnsWarning: Consecutive identical chords validation test - implementation may vary&#xD;
DiagnosticsProvider_Validate_ExcessiveTransposition_ReturnsWarning: Excessive transposition validation test - implementation may vary&#xD;
LspWorkflow_ChordProgression_CompletionAndValidation: LSP workflow test completed&#xD;
LspWorkflow_FretboardNavigation_CompletionAndValidation: LSP workflow test completed&#xD;
LspWorkflow_GrothendieckOperations_CompletionAndValidation: LSP workflow test completed&#xD;
NUnit Adapter 4.6.0.0: Test execution complete&#xD;
</StdOut>
    </Output>
  </ResultSummary>
</TestRun>