<?xml version="1.0" encoding="utf-8"?>
<TestRun id="d779fa4c-353f-4380-ac29-43bf8c501289" name="spareilleux@XPS-STEF 2025-11-06 20:50:28" runUser="XPS-STEF\spareilleux" xmlns="http://microsoft.com/schemas/VisualStudio/TeamTest/2010">
  <Times creation="2025-11-06T20:50:28.7561921-05:00" queuing="2025-11-06T20:50:28.7561930-05:00" start="2025-11-06T20:50:23.9716578-05:00" finish="2025-11-06T20:52:02.7656942-05:00" />
  <TestSettings name="default" id="a8f7f4c3-93e1-46f6-89f0-b2766d0d6dfe">
    <Deployment runDeploymentRoot="spareilleux_XPS-STEF_2025-11-06_20_50_28" />
  </TestSettings>
  <Results>
    <UnitTestResult executionId="3c4b7744-8013-4c05-9835-86d3ffc0bcfc" testId="31afffb1-cc8a-f9bf-6309-c01c2d2d80d4" testName="GetLearningProgressAsync_WhenApiReturnsNull_ReturnsNoDataMessage" computerName="XPS-STEF" duration="00:00:00.0082000" startTime="2025-11-06T20:51:01.4816791-05:00" endTime="2025-11-06T20:51:01.4898795-05:00" testType="13cdc9d9-ddb5-4fa4-a97d-d965ccfc6d4b" outcome="Failed" testListId="8c84fa94-04c1-424b-9868-57a2d4851a1d" relativeResultsDirectory="3c4b7744-8013-4c05-9835-86d3ffc0bcfc">
      <Output>
        <ErrorInfo>
          <Message>System.NotSupportedException : Unsupported expression: x =&gt; x.GetUserProgressAsync(It.IsAny&lt;string&gt;(), It.IsAny&lt;CancellationToken&gt;())&#xD;
Non-overridable members (here: GraphitiClient.GetUserProgressAsync) may not be used in setup / verification expressions.</Message>
          <StackTrace>   at Moq.Guard.IsOverridable(MethodInfo method, Expression expression) in /_/src/Moq/Guard.cs:line 99&#xD;
   at Moq.MethodExpectation..ctor(LambdaExpression expression, MethodInfo method, IReadOnlyList`1 arguments, Boolean exactGenericTypeArguments, Boolean skipMatcherInitialization, Boolean allowNonOverridable) in /_/src/Moq/MethodExpectation.cs:line 87&#xD;
   at Moq.ExpressionExtensions.&lt;Split&gt;g__Split|5_0(Expression e, Expression&amp; r, MethodExpectation&amp; p, Boolean assignment, Boolean allowNonOverridableLastProperty) in /_/src/Moq/ExpressionExtensions.cs:line 219&#xD;
   at Moq.ExpressionExtensions.Split(LambdaExpression expression, Boolean allowNonOverridableLastProperty) in /_/src/Moq/ExpressionExtensions.cs:line 149&#xD;
   at Moq.Mock.SetupRecursive[TSetup](Mock mock, LambdaExpression expression, Func`4 setupLast, Boolean allowNonOverridableLastProperty) in /_/src/Moq/Mock.cs:line 645&#xD;
   at Moq.Mock.Setup(Mock mock, LambdaExpression expression, Condition condition) in /_/src/Moq/Mock.cs:line 500&#xD;
   at Moq.Mock`1.Setup[TResult](Expression`1 expression) in /_/src/Moq/Mock`1.cs:line 452&#xD;
   at GuitarAlchemistChatbot.Tests.Plugins.GraphitiPluginTests.GetLearningProgressAsync_WhenApiReturnsNull_ReturnsNoDataMessage() in C:\Users\spare\source\repos\ga\Tests\Apps\GuitarAlchemistChatbot.Tests\Plugins\GraphitiPluginTests.cs:line 235&#xD;
   at NUnit.Framework.Internal.TaskAwaitAdapter.GenericAdapter`1.GetResult()&#xD;
   at NUnit.Framework.Internal.AsyncToSyncAdapter.Await[TResult](Func`1 invoke)&#xD;
   at NUnit.Framework.Internal.AsyncToSyncAdapter.Await(Func`1 invoke)&#xD;
   at NUnit.Framework.Internal.Commands.TestMethodCommand.RunTestMethod(TestExecutionContext context)&#xD;
   at NUnit.Framework.Internal.Commands.TestMethodCommand.Execute(TestExecutionContext context)&#xD;
   at NUnit.Framework.Internal.Commands.BeforeAndAfterTestCommand.&lt;&gt;c__DisplayClass1_0.&lt;Execute&gt;b__0()&#xD;
   at NUnit.Framework.Internal.Commands.DelegatingTestCommand.RunTestMethodInThreadAbortSafeZone(TestExecutionContext context, Action action)
</StackTrace>
        </ErrorInfo>
      </Output>
    </UnitTestResult>
    <UnitTestResult executionId="c29b92a2-48e6-4b7a-85c5-038542f99645" testId="f7f9256c-5eb9-2bd6-f8bb-5414cc212277" testName="SearchKnowledgeGraphAsync_WhenApiReturnsNull_ReturnsNoResultsMessage" computerName="XPS-STEF" duration="00:00:00.0007110" startTime="2025-11-06T20:51:01.4971669-05:00" endTime="2025-11-06T20:51:01.4978775-05:00" testType="13cdc9d9-ddb5-4fa4-a97d-d965ccfc6d4b" outcome="Failed" testListId="8c84fa94-04c1-424b-9868-57a2d4851a1d" relativeResultsDirectory="c29b92a2-48e6-4b7a-85c5-038542f99645">
      <Output>
        <ErrorInfo>
          <Message>System.NotSupportedException : Unsupported expression: x =&gt; x.SearchAsync(It.IsAny&lt;string&gt;(), It.IsAny&lt;string&gt;(), It.IsAny&lt;int&gt;(), It.IsAny&lt;CancellationToken&gt;())&#xD;
Non-overridable members (here: GraphitiClient.SearchAsync) may not be used in setup / verification expressions.</Message>
          <StackTrace>   at Moq.Guard.IsOverridable(MethodInfo method, Expression expression) in /_/src/Moq/Guard.cs:line 99&#xD;
   at Moq.MethodExpectation..ctor(LambdaExpression expression, MethodInfo method, IReadOnlyList`1 arguments, Boolean exactGenericTypeArguments, Boolean skipMatcherInitialization, Boolean allowNonOverridable) in /_/src/Moq/MethodExpectation.cs:line 87&#xD;
   at Moq.ExpressionExtensions.&lt;Split&gt;g__Split|5_0(Expression e, Expression&amp; r, MethodExpectation&amp; p, Boolean assignment, Boolean allowNonOverridableLastProperty) in /_/src/Moq/ExpressionExtensions.cs:line 219&#xD;
   at Moq.ExpressionExtensions.Split(LambdaExpression expression, Boolean allowNonOverridableLastProperty) in /_/src/Moq/ExpressionExtensions.cs:line 149&#xD;
   at Moq.Mock.SetupRecursive[TSetup](Mock mock, LambdaExpression expression, Func`4 setupLast, Boolean allowNonOverridableLastProperty) in /_/src/Moq/Mock.cs:line 645&#xD;
   at Moq.Mock.Setup(Mock mock, LambdaExpression expression, Condition condition) in /_/src/Moq/Mock.cs:line 500&#xD;
   at Moq.Mock`1.Setup[TResult](Expression`1 expression) in /_/src/Moq/Mock`1.cs:line 452&#xD;
   at GuitarAlchemistChatbot.Tests.Plugins.GraphitiPluginTests.SearchKnowledgeGraphAsync_WhenApiReturnsNull_ReturnsNoResultsMessage() in C:\Users\spare\source\repos\ga\Tests\Apps\GuitarAlchemistChatbot.Tests\Plugins\GraphitiPluginTests.cs:line 102&#xD;
   at NUnit.Framework.Internal.TaskAwaitAdapter.GenericAdapter`1.GetResult()&#xD;
   at NUnit.Framework.Internal.AsyncToSyncAdapter.Await[TResult](Func`1 invoke)&#xD;
   at NUnit.Framework.Internal.AsyncToSyncAdapter.Await(Func`1 invoke)&#xD;
   at NUnit.Framework.Internal.Commands.TestMethodCommand.RunTestMethod(TestExecutionContext context)&#xD;
   at NUnit.Framework.Internal.Commands.TestMethodCommand.Execute(TestExecutionContext context)&#xD;
   at NUnit.Framework.Internal.Commands.BeforeAndAfterTestCommand.&lt;&gt;c__DisplayClass1_0.&lt;Execute&gt;b__0()&#xD;
   at NUnit.Framework.Internal.Commands.DelegatingTestCommand.RunTestMethodInThreadAbortSafeZone(TestExecutionContext context, Action action)
</StackTrace>
        </ErrorInfo>
      </Output>
    </UnitTestResult>
    <UnitTestResult executionId="2d582c3b-9768-4605-9df4-66db57cf76a1" testId="82f95bc9-e4a4-ee5f-c567-eaa3b18db9f8" testName="GeneratePracticePathAsync_WithHighDiversity_ShowsHighDiversityRecommendation" computerName="XPS-STEF" duration="00:00:00.0007440" startTime="2025-11-06T20:51:01.5030519-05:00" endTime="2025-11-06T20:51:01.5037957-05:00" testType="13cdc9d9-ddb5-4fa4-a97d-d965ccfc6d4b" outcome="Failed" testListId="8c84fa94-04c1-424b-9868-57a2d4851a1d" relativeResultsDirectory="2d582c3b-9768-4605-9df4-66db57cf76a1">
      <Output>
        <ErrorInfo>
          <Message>System.NotSupportedException : Unsupported expression: x =&gt; x.GeneratePracticePathAsync(It.IsAny&lt;int[]&gt;(), It.IsAny&lt;string&gt;(), It.IsAny&lt;int&gt;(), It.IsAny&lt;string&gt;(), It.IsAny&lt;CancellationToken&gt;())&#xD;
Non-overridable members (here: GaApiClient.GeneratePracticePathAsync) may not be used in setup / verification expressions.</Message>
          <StackTrace>   at Moq.Guard.IsOverridable(MethodInfo method, Expression expression) in /_/src/Moq/Guard.cs:line 99&#xD;
   at Moq.MethodExpectation..ctor(LambdaExpression expression, MethodInfo method, IReadOnlyList`1 arguments, Boolean exactGenericTypeArguments, Boolean skipMatcherInitialization, Boolean allowNonOverridable) in /_/src/Moq/MethodExpectation.cs:line 87&#xD;
   at Moq.ExpressionExtensions.&lt;Split&gt;g__Split|5_0(Expression e, Expression&amp; r, MethodExpectation&amp; p, Boolean assignment, Boolean allowNonOverridableLastProperty) in /_/src/Moq/ExpressionExtensions.cs:line 219&#xD;
   at Moq.ExpressionExtensions.Split(LambdaExpression expression, Boolean allowNonOverridableLastProperty) in /_/src/Moq/ExpressionExtensions.cs:line 149&#xD;
   at Moq.Mock.SetupRecursive[TSetup](Mock mock, LambdaExpression expression, Func`4 setupLast, Boolean allowNonOverridableLastProperty) in /_/src/Moq/Mock.cs:line 645&#xD;
   at Moq.Mock.Setup(Mock mock, LambdaExpression expression, Condition condition) in /_/src/Moq/Mock.cs:line 500&#xD;
   at Moq.Mock`1.Setup[TResult](Expression`1 expression) in /_/src/Moq/Mock`1.cs:line 452&#xD;
   at GuitarAlchemistChatbot.Tests.Plugins.PracticePathPluginTests.GeneratePracticePathAsync_WithHighDiversity_ShowsHighDiversityRecommendation() in C:\Users\spare\source\repos\ga\Tests\Apps\GuitarAlchemistChatbot.Tests\Plugins\PracticePathPluginTests.cs:line 209&#xD;
   at NUnit.Framework.Internal.TaskAwaitAdapter.GenericAdapter`1.GetResult()&#xD;
   at NUnit.Framework.Internal.AsyncToSyncAdapter.Await[TResult](Func`1 invoke)&#xD;
   at NUnit.Framework.Internal.AsyncToSyncAdapter.Await(Func`1 invoke)&#xD;
   at NUnit.Framework.Internal.Commands.TestMethodCommand.RunTestMethod(TestExecutionContext context)&#xD;
   at NUnit.Framework.Internal.Commands.TestMethodCommand.Execute(TestExecutionContext context)&#xD;
   at NUnit.Framework.Internal.Commands.BeforeAndAfterTestCommand.&lt;&gt;c__DisplayClass1_0.&lt;Execute&gt;b__0()&#xD;
   at NUnit.Framework.Internal.Commands.DelegatingTestCommand.RunTestMethodInThreadAbortSafeZone(TestExecutionContext context, Action action)
</StackTrace>
        </ErrorInfo>
      </Output>
    </UnitTestResult>
    <UnitTestResult executionId="69cb8a32-cc5d-47e4-8e94-f0fa3f617302" testId="0189dc9c-52b4-97ab-5766-c16ac0fc6002" testName="AnalyzeProgressionAsync_WithValidProgression_ReturnsAnalysis" computerName="XPS-STEF" duration="00:00:04.0868920" startTime="2025-11-06T20:51:13.8205952-05:00" endTime="2025-11-06T20:51:17.9077489-05:00" testType="13cdc9d9-ddb5-4fa4-a97d-d965ccfc6d4b" outcome="Failed" testListId="8c84fa94-04c1-424b-9868-57a2d4851a1d" relativeResultsDirectory="69cb8a32-cc5d-47e4-8e94-f0fa3f617302">
      <Output>
        <ErrorInfo>
          <Message>  Should return analysis result&#xD;
Assert.That(result, Is.Not.Null)&#xD;
  Expected: not null&#xD;
  But was:  null&#xD;
</Message>
          <StackTrace>   at GuitarAlchemistChatbot.Tests.Services.GaApiClientTests.AnalyzeProgressionAsync_WithValidProgression_ReturnsAnalysis() in C:\Users\spare\source\repos\ga\Tests\Apps\GuitarAlchemistChatbot.Tests\Services\GaApiClientTests.cs:line 78&#xD;
   at NUnit.Framework.Internal.TaskAwaitAdapter.GenericAdapter`1.BlockUntilCompleted()&#xD;
   at NUnit.Framework.Internal.MessagePumpStrategy.NoMessagePumpStrategy.WaitForCompletion(AwaitAdapter awaiter)&#xD;
   at NUnit.Framework.Internal.AsyncToSyncAdapter.Await[TResult](Func`1 invoke)&#xD;
   at NUnit.Framework.Internal.AsyncToSyncAdapter.Await(Func`1 invoke)&#xD;
   at NUnit.Framework.Internal.Commands.TestMethodCommand.RunTestMethod(TestExecutionContext context)&#xD;
   at NUnit.Framework.Internal.Commands.TestMethodCommand.Execute(TestExecutionContext context)&#xD;
   at NUnit.Framework.Internal.Commands.BeforeAndAfterTestCommand.&lt;&gt;c__DisplayClass1_0.&lt;Execute&gt;b__0()&#xD;
   at NUnit.Framework.Internal.Commands.DelegatingTestCommand.RunTestMethodInThreadAbortSafeZone(TestExecutionContext context, Action action)&#xD;

1)    at GuitarAlchemistChatbot.Tests.Services.GaApiClientTests.AnalyzeProgressionAsync_WithValidProgression_ReturnsAnalysis() in C:\Users\spare\source\repos\ga\Tests\Apps\GuitarAlchemistChatbot.Tests\Services\GaApiClientTests.cs:line 78&#xD;

</StackTrace>
        </ErrorInfo>
      </Output>
    </UnitTestResult>
    <UnitTestResult executionId="5625edfa-ad59-49cc-a453-b911179ec8f8" testId="a3d2b178-afdf-42aa-9bc7-32888a30029a" testName="StreamResponseAsync_WhenSemanticSearchDisabled_SkipsLookup" computerName="XPS-STEF" duration="00:00:00.0063100" startTime="2025-11-06T20:51:01.5361133-05:00" endTime="2025-11-06T20:51:01.5424229-05:00" testType="13cdc9d9-ddb5-4fa4-a97d-d965ccfc6d4b" outcome="Passed" testListId="8c84fa94-04c1-424b-9868-57a2d4851a1d" relativeResultsDirectory="5625edfa-ad59-49cc-a453-b911179ec8f8" />
    <UnitTestResult executionId="6b3e6aaa-3107-4b7c-87ce-1bae9defee8e" testId="eb9da776-e363-2e39-3365-fdbb05f35cb6" testName="BSPWorkflow_GenerateBasicAndIntelligentDungeons_Success" computerName="XPS-STEF" duration="00:00:04.2020970" startTime="2025-11-06T20:50:24.5095660-05:00" endTime="2025-11-06T20:50:28.7118991-05:00" testType="13cdc9d9-ddb5-4fa4-a97d-d965ccfc6d4b" outcome="Failed" testListId="8c84fa94-04c1-424b-9868-57a2d4851a1d" relativeResultsDirectory="6b3e6aaa-3107-4b7c-87ce-1bae9defee8e">
      <Output>
        <StdOut>Step 1: Generating basic BSP dungeon...&#xD;
info: GuitarAlchemistChatbot.Plugins.BSPDungeonPlugin[0]&#xD;
      Generating BSP dungeon: 80x60, depth=4&#xD;
info: GuitarAlchemistChatbot.Services.GaApiClient[0]&#xD;
      Generating BSP dungeon: 80x60&#xD;
fail: GuitarAlchemistChatbot.Services.GaApiClient[0]&#xD;
      Error generating BSP dungeon&#xD;
      System.Net.Http.HttpRequestException: No connection could be made because the target machine actively refused it. (localhost:7001)&#xD;
       ---&gt; System.Net.Sockets.SocketException (10061): No connection could be made because the target machine actively refused it.&#xD;
         at System.Net.Sockets.Socket.AwaitableSocketAsyncEventArgs.ThrowException(SocketError error, CancellationToken cancellationToken)&#xD;
         at System.Net.Sockets.Socket.AwaitableSocketAsyncEventArgs.System.Threading.Tasks.Sources.IValueTaskSource.GetResult(Int16 token)&#xD;
         at System.Net.Sockets.Socket.&lt;ConnectAsync&gt;g__WaitForConnectWithCancellation|285_0(AwaitableSocketAsyncEventArgs saea, ValueTask connectTask, CancellationToken cancellationToken)&#xD;
         at System.Net.Http.HttpConnectionPool.ConnectToTcpHostAsync(String host, Int32 port, HttpRequestMessage initialRequest, Boolean async, CancellationToken cancellationToken)&#xD;
         --- End of inner exception stack trace ---&#xD;
         at System.Net.Http.HttpConnectionPool.ConnectToTcpHostAsync(String host, Int32 port, HttpRequestMessage initialRequest, Boolean async, CancellationToken cancellationToken)&#xD;
         at System.Net.Http.HttpConnectionPool.ConnectAsync(HttpRequestMessage request, Boolean async, CancellationToken cancellationToken)&#xD;
         at System.Net.Http.HttpConnectionPool.CreateHttp11ConnectionAsync(HttpRequestMessage request, Boolean async, CancellationToken cancellationToken)&#xD;
         at System.Net.Http.HttpConnectionPool.InjectNewHttp11ConnectionAsync(QueueItem queueItem)&#xD;
         at System.Threading.Tasks.TaskCompletionSourceWithCancellation`1.WaitWithCancellationAsync(CancellationToken cancellationToken)&#xD;
         at System.Net.Http.HttpConnectionPool.SendWithVersionDetectionAndRetryAsync(HttpRequestMessage request, Boolean async, Boolean doRequestAuth, CancellationToken cancellationToken)&#xD;
         at System.Net.Http.RedirectHandler.SendAsync(HttpRequestMessage request, Boolean async, CancellationToken cancellationToken)&#xD;
         at System.Net.Http.HttpClient.&lt;SendAsync&gt;g__Core|83_0(HttpRequestMessage request, HttpCompletionOption completionOption, CancellationTokenSource cts, Boolean disposeCts, CancellationTokenSource pendingRequestsCts, CancellationToken originalCancellationToken)&#xD;
         at GuitarAlchemistChatbot.Services.GaApiClient.GenerateDungeonAsync(Int32 width, Int32 height, Int32 maxDepth, Nullable`1 seed, CancellationToken cancellationToken) in C:\Users\spare\source\repos\ga\Apps\GuitarAlchemistChatbot\Services\GaApiClient.cs:line 157</StdOut>
        <ErrorInfo>
          <Message>  Assert.That(basicDungeon, Does.Contain("BSP Dungeon Generated"))&#xD;
  Expected: String containing "BSP Dungeon Generated"&#xD;
  But was:  "Error: Failed to generate dungeon. The GaApi service may be unavailable."&#xD;
</Message>
          <StackTrace>   at GuitarAlchemistChatbot.Tests.Integration.EndToEndIntegrationTests.BSPWorkflow_GenerateBasicAndIntelligentDungeons_Success() in C:\Users\spare\source\repos\ga\Tests\Apps\GuitarAlchemistChatbot.Tests\Integration\EndToEndIntegrationTests.cs:line 260&#xD;
   at NUnit.Framework.Internal.TaskAwaitAdapter.GenericAdapter`1.BlockUntilCompleted()&#xD;
   at NUnit.Framework.Internal.MessagePumpStrategy.NoMessagePumpStrategy.WaitForCompletion(AwaitAdapter awaiter)&#xD;
   at NUnit.Framework.Internal.AsyncToSyncAdapter.Await[TResult](Func`1 invoke)&#xD;
   at NUnit.Framework.Internal.AsyncToSyncAdapter.Await(Func`1 invoke)&#xD;
   at NUnit.Framework.Internal.Commands.TestMethodCommand.RunTestMethod(TestExecutionContext context)&#xD;
   at NUnit.Framework.Internal.Commands.TestMethodCommand.Execute(TestExecutionContext context)&#xD;
   at NUnit.Framework.Internal.Commands.BeforeAndAfterTestCommand.&lt;&gt;c__DisplayClass1_0.&lt;Execute&gt;b__0()&#xD;
   at NUnit.Framework.Internal.Commands.DelegatingTestCommand.RunTestMethodInThreadAbortSafeZone(TestExecutionContext context, Action action)&#xD;

1)    at GuitarAlchemistChatbot.Tests.Integration.EndToEndIntegrationTests.BSPWorkflow_GenerateBasicAndIntelligentDungeons_Success() in C:\Users\spare\source\repos\ga\Tests\Apps\GuitarAlchemistChatbot.Tests\Integration\EndToEndIntegrationTests.cs:line 260&#xD;

</StackTrace>
        </ErrorInfo>
      </Output>
    </UnitTestResult>
    <UnitTestResult executionId="a5cb29a6-a4b5-44b8-ba23-2936cf85c1f5" testId="83457130-2621-4c08-d301-bc49a9a74441" testName="GeneratePracticePathAsync_WithDifferentStrategies_ReturnsValidPaths(&quot;Balanced&quot;)" computerName="XPS-STEF" duration="00:00:04.0852170" startTime="2025-11-06T20:51:54.5263096-05:00" endTime="2025-11-06T20:51:58.6117878-05:00" testType="13cdc9d9-ddb5-4fa4-a97d-d965ccfc6d4b" outcome="Failed" testListId="8c84fa94-04c1-424b-9868-57a2d4851a1d" relativeResultsDirectory="a5cb29a6-a4b5-44b8-ba23-2936cf85c1f5">
      <Output>
        <ErrorInfo>
          <Message>  Strategy Balanced should return a path&#xD;
Assert.That(result, Is.Not.Null)&#xD;
  Expected: not null&#xD;
  But was:  null&#xD;
</Message>
          <StackTrace>   at GuitarAlchemistChatbot.Tests.Services.GaApiClientTests.GeneratePracticePathAsync_WithDifferentStrategies_ReturnsValidPaths(String strategy) in C:\Users\spare\source\repos\ga\Tests\Apps\GuitarAlchemistChatbot.Tests\Services\GaApiClientTests.cs:line 181&#xD;
   at NUnit.Framework.Internal.TaskAwaitAdapter.GenericAdapter`1.BlockUntilCompleted()&#xD;
   at NUnit.Framework.Internal.MessagePumpStrategy.NoMessagePumpStrategy.WaitForCompletion(AwaitAdapter awaiter)&#xD;
   at NUnit.Framework.Internal.AsyncToSyncAdapter.Await[TResult](Func`1 invoke)&#xD;
   at NUnit.Framework.Internal.AsyncToSyncAdapter.Await(Func`1 invoke)&#xD;
   at NUnit.Framework.Internal.Commands.TestMethodCommand.RunTestMethod(TestExecutionContext context)&#xD;
   at NUnit.Framework.Internal.Commands.TestMethodCommand.Execute(TestExecutionContext context)&#xD;
   at NUnit.Framework.Internal.Commands.BeforeAndAfterTestCommand.&lt;&gt;c__DisplayClass1_0.&lt;Execute&gt;b__0()&#xD;
   at NUnit.Framework.Internal.Commands.DelegatingTestCommand.RunTestMethodInThreadAbortSafeZone(TestExecutionContext context, Action action)&#xD;

1)    at GuitarAlchemistChatbot.Tests.Services.GaApiClientTests.GeneratePracticePathAsync_WithDifferentStrategies_ReturnsValidPaths(String strategy) in C:\Users\spare\source\repos\ga\Tests\Apps\GuitarAlchemistChatbot.Tests\Services\GaApiClientTests.cs:line 181&#xD;

</StackTrace>
        </ErrorInfo>
      </Output>
    </UnitTestResult>
    <UnitTestResult executionId="d7af5629-96db-403b-b3b5-1b9d56300141" testId="da329fa2-766d-15ee-3a65-ac683c5891ff" testName="SearchKnowledgeGraphAsync_WithNoResults_ReturnsNoResultsMessage" computerName="XPS-STEF" duration="00:00:00.0006860" startTime="2025-11-06T20:51:01.4978957-05:00" endTime="2025-11-06T20:51:01.4985816-05:00" testType="13cdc9d9-ddb5-4fa4-a97d-d965ccfc6d4b" outcome="Failed" testListId="8c84fa94-04c1-424b-9868-57a2d4851a1d" relativeResultsDirectory="d7af5629-96db-403b-b3b5-1b9d56300141">
      <Output>
        <ErrorInfo>
          <Message>System.NotSupportedException : Unsupported expression: x =&gt; x.SearchAsync(It.IsAny&lt;string&gt;(), It.IsAny&lt;string&gt;(), It.IsAny&lt;int&gt;(), It.IsAny&lt;CancellationToken&gt;())&#xD;
Non-overridable members (here: GraphitiClient.SearchAsync) may not be used in setup / verification expressions.</Message>
          <StackTrace>   at Moq.Guard.IsOverridable(MethodInfo method, Expression expression) in /_/src/Moq/Guard.cs:line 99&#xD;
   at Moq.MethodExpectation..ctor(LambdaExpression expression, MethodInfo method, IReadOnlyList`1 arguments, Boolean exactGenericTypeArguments, Boolean skipMatcherInitialization, Boolean allowNonOverridable) in /_/src/Moq/MethodExpectation.cs:line 87&#xD;
   at Moq.ExpressionExtensions.&lt;Split&gt;g__Split|5_0(Expression e, Expression&amp; r, MethodExpectation&amp; p, Boolean assignment, Boolean allowNonOverridableLastProperty) in /_/src/Moq/ExpressionExtensions.cs:line 219&#xD;
   at Moq.ExpressionExtensions.Split(LambdaExpression expression, Boolean allowNonOverridableLastProperty) in /_/src/Moq/ExpressionExtensions.cs:line 149&#xD;
   at Moq.Mock.SetupRecursive[TSetup](Mock mock, LambdaExpression expression, Func`4 setupLast, Boolean allowNonOverridableLastProperty) in /_/src/Moq/Mock.cs:line 645&#xD;
   at Moq.Mock.Setup(Mock mock, LambdaExpression expression, Condition condition) in /_/src/Moq/Mock.cs:line 500&#xD;
   at Moq.Mock`1.Setup[TResult](Expression`1 expression) in /_/src/Moq/Mock`1.cs:line 452&#xD;
   at GuitarAlchemistChatbot.Tests.Plugins.GraphitiPluginTests.SearchKnowledgeGraphAsync_WithNoResults_ReturnsNoResultsMessage() in C:\Users\spare\source\repos\ga\Tests\Apps\GuitarAlchemistChatbot.Tests\Plugins\GraphitiPluginTests.cs:line 81&#xD;
   at NUnit.Framework.Internal.TaskAwaitAdapter.GenericAdapter`1.GetResult()&#xD;
   at NUnit.Framework.Internal.AsyncToSyncAdapter.Await[TResult](Func`1 invoke)&#xD;
   at NUnit.Framework.Internal.AsyncToSyncAdapter.Await(Func`1 invoke)&#xD;
   at NUnit.Framework.Internal.Commands.TestMethodCommand.RunTestMethod(TestExecutionContext context)&#xD;
   at NUnit.Framework.Internal.Commands.TestMethodCommand.Execute(TestExecutionContext context)&#xD;
   at NUnit.Framework.Internal.Commands.BeforeAndAfterTestCommand.&lt;&gt;c__DisplayClass1_0.&lt;Execute&gt;b__0()&#xD;
   at NUnit.Framework.Internal.Commands.DelegatingTestCommand.RunTestMethodInThreadAbortSafeZone(TestExecutionContext context, Action action)
</StackTrace>
        </ErrorInfo>
      </Output>
    </UnitTestResult>
    <UnitTestResult executionId="de7a0827-1c66-4695-9d8f-c04533b4f6db" testId="a148e85a-de3a-f503-5db7-1acde6e907ce" testName="SearchKnowledgeGraphAsync_WithValidQuery_ReturnsFormattedResults" computerName="XPS-STEF" duration="00:00:00.0007720" startTime="2025-11-06T20:51:01.4986022-05:00" endTime="2025-11-06T20:51:01.4993744-05:00" testType="13cdc9d9-ddb5-4fa4-a97d-d965ccfc6d4b" outcome="Failed" testListId="8c84fa94-04c1-424b-9868-57a2d4851a1d" relativeResultsDirectory="de7a0827-1c66-4695-9d8f-c04533b4f6db">
      <Output>
        <ErrorInfo>
          <Message>System.NotSupportedException : Unsupported expression: x =&gt; x.SearchAsync(It.IsAny&lt;string&gt;(), It.IsAny&lt;string&gt;(), It.IsAny&lt;int&gt;(), It.IsAny&lt;CancellationToken&gt;())&#xD;
Non-overridable members (here: GraphitiClient.SearchAsync) may not be used in setup / verification expressions.</Message>
          <StackTrace>   at Moq.Guard.IsOverridable(MethodInfo method, Expression expression) in /_/src/Moq/Guard.cs:line 99&#xD;
   at Moq.MethodExpectation..ctor(LambdaExpression expression, MethodInfo method, IReadOnlyList`1 arguments, Boolean exactGenericTypeArguments, Boolean skipMatcherInitialization, Boolean allowNonOverridable) in /_/src/Moq/MethodExpectation.cs:line 87&#xD;
   at Moq.ExpressionExtensions.&lt;Split&gt;g__Split|5_0(Expression e, Expression&amp; r, MethodExpectation&amp; p, Boolean assignment, Boolean allowNonOverridableLastProperty) in /_/src/Moq/ExpressionExtensions.cs:line 219&#xD;
   at Moq.ExpressionExtensions.Split(LambdaExpression expression, Boolean allowNonOverridableLastProperty) in /_/src/Moq/ExpressionExtensions.cs:line 149&#xD;
   at Moq.Mock.SetupRecursive[TSetup](Mock mock, LambdaExpression expression, Func`4 setupLast, Boolean allowNonOverridableLastProperty) in /_/src/Moq/Mock.cs:line 645&#xD;
   at Moq.Mock.Setup(Mock mock, LambdaExpression expression, Condition condition) in /_/src/Moq/Mock.cs:line 500&#xD;
   at Moq.Mock`1.Setup[TResult](Expression`1 expression) in /_/src/Moq/Mock`1.cs:line 452&#xD;
   at GuitarAlchemistChatbot.Tests.Plugins.GraphitiPluginTests.SearchKnowledgeGraphAsync_WithValidQuery_ReturnsFormattedResults() in C:\Users\spare\source\repos\ga\Tests\Apps\GuitarAlchemistChatbot.Tests\Plugins\GraphitiPluginTests.cs:line 51&#xD;
   at NUnit.Framework.Internal.TaskAwaitAdapter.GenericAdapter`1.GetResult()&#xD;
   at NUnit.Framework.Internal.AsyncToSyncAdapter.Await[TResult](Func`1 invoke)&#xD;
   at NUnit.Framework.Internal.AsyncToSyncAdapter.Await(Func`1 invoke)&#xD;
   at NUnit.Framework.Internal.Commands.TestMethodCommand.RunTestMethod(TestExecutionContext context)&#xD;
   at NUnit.Framework.Internal.Commands.TestMethodCommand.Execute(TestExecutionContext context)&#xD;
   at NUnit.Framework.Internal.Commands.BeforeAndAfterTestCommand.&lt;&gt;c__DisplayClass1_0.&lt;Execute&gt;b__0()&#xD;
   at NUnit.Framework.Internal.Commands.DelegatingTestCommand.RunTestMethodInThreadAbortSafeZone(TestExecutionContext context, Action action)
</StackTrace>
        </ErrorInfo>
      </Output>
    </UnitTestResult>
    <UnitTestResult executionId="9ce273b5-16d8-4cbc-950a-a254a98439f7" testId="2bf95a06-dbf8-61cc-38f1-8bc3510f96ac" testName="CompleteWorkflow_AnalyzeShapeGraphThenGenerateDungeon_Success" computerName="XPS-STEF" duration="00:00:04.1058570" startTime="2025-11-06T20:50:36.8681067-05:00" endTime="2025-11-06T20:50:40.9742260-05:00" testType="13cdc9d9-ddb5-4fa4-a97d-d965ccfc6d4b" outcome="Failed" testListId="8c84fa94-04c1-424b-9868-57a2d4851a1d" relativeResultsDirectory="9ce273b5-16d8-4cbc-950a-a254a98439f7">
      <Output>
        <StdOut>Step 1: Analyzing shape graph...&#xD;
info: GuitarAlchemistChatbot.Plugins.ShapeGraphPlugin[0]&#xD;
      Analyzing shape graph: pitchClasses=0,4,7, tuning=E2 A2 D3 G3 B3 E4&#xD;
info: GuitarAlchemistChatbot.Services.GaApiClient[0]&#xD;
      Analyzing shape graph: 0,4,7, tuning=E2 A2 D3 G3 B3 E4&#xD;
fail: GuitarAlchemistChatbot.Services.GaApiClient[0]&#xD;
      Error analyzing shape graph&#xD;
      System.Net.Http.HttpRequestException: No connection could be made because the target machine actively refused it. (localhost:7001)&#xD;
       ---&gt; System.Net.Sockets.SocketException (10061): No connection could be made because the target machine actively refused it.&#xD;
         at System.Net.Sockets.Socket.AwaitableSocketAsyncEventArgs.ThrowException(SocketError error, CancellationToken cancellationToken)&#xD;
         at System.Net.Sockets.Socket.AwaitableSocketAsyncEventArgs.System.Threading.Tasks.Sources.IValueTaskSource.GetResult(Int16 token)&#xD;
         at System.Net.Sockets.Socket.&lt;ConnectAsync&gt;g__WaitForConnectWithCancellation|285_0(AwaitableSocketAsyncEventArgs saea, ValueTask connectTask, CancellationToken cancellationToken)&#xD;
         at System.Net.Http.HttpConnectionPool.ConnectToTcpHostAsync(String host, Int32 port, HttpRequestMessage initialRequest, Boolean async, CancellationToken cancellationToken)&#xD;
         --- End of inner exception stack trace ---&#xD;
         at System.Net.Http.HttpConnectionPool.ConnectToTcpHostAsync(String host, Int32 port, HttpRequestMessage initialRequest, Boolean async, CancellationToken cancellationToken)&#xD;
         at System.Net.Http.HttpConnectionPool.ConnectAsync(HttpRequestMessage request, Boolean async, CancellationToken cancellationToken)&#xD;
         at System.Net.Http.HttpConnectionPool.CreateHttp11ConnectionAsync(HttpRequestMessage request, Boolean async, CancellationToken cancellationToken)&#xD;
         at System.Net.Http.HttpConnectionPool.InjectNewHttp11ConnectionAsync(QueueItem queueItem)&#xD;
         at System.Threading.Tasks.TaskCompletionSourceWithCancellation`1.WaitWithCancellationAsync(CancellationToken cancellationToken)&#xD;
         at System.Net.Http.HttpConnectionPool.SendWithVersionDetectionAndRetryAsync(HttpRequestMessage request, Boolean async, Boolean doRequestAuth, CancellationToken cancellationToken)&#xD;
         at System.Net.Http.RedirectHandler.SendAsync(HttpRequestMessage request, Boolean async, CancellationToken cancellationToken)&#xD;
         at System.Net.Http.HttpClient.&lt;SendAsync&gt;g__Core|83_0(HttpRequestMessage request, HttpCompletionOption completionOption, CancellationTokenSource cts, Boolean disposeCts, CancellationTokenSource pendingRequestsCts, CancellationToken originalCancellationToken)&#xD;
         at GuitarAlchemistChatbot.Services.GaApiClient.AnalyzeShapeGraphAsync(Int32[] pitchClasses, String tuningId, Int32 clusterCount, Int32 topCentralShapes, CancellationToken cancellationToken) in C:\Users\spare\source\repos\ga\Apps\GuitarAlchemistChatbot\Services\GaApiClient.cs:line 117</StdOut>
        <ErrorInfo>
          <Message>  Assert.That(shapeGraphResult, Does.Contain("Shape Graph Analysis"))&#xD;
  Expected: String containing "Shape Graph Analysis"&#xD;
  But was:  "Error: Failed to analyze shape graph. The GaApi service may be unavailable."&#xD;
</Message>
          <StackTrace>   at GuitarAlchemistChatbot.Tests.Integration.EndToEndIntegrationTests.CompleteWorkflow_AnalyzeShapeGraphThenGenerateDungeon_Success() in C:\Users\spare\source\repos\ga\Tests\Apps\GuitarAlchemistChatbot.Tests\Integration\EndToEndIntegrationTests.cs:line 130&#xD;
   at NUnit.Framework.Internal.TaskAwaitAdapter.GenericAdapter`1.BlockUntilCompleted()&#xD;
   at NUnit.Framework.Internal.MessagePumpStrategy.NoMessagePumpStrategy.WaitForCompletion(AwaitAdapter awaiter)&#xD;
   at NUnit.Framework.Internal.AsyncToSyncAdapter.Await[TResult](Func`1 invoke)&#xD;
   at NUnit.Framework.Internal.AsyncToSyncAdapter.Await(Func`1 invoke)&#xD;
   at NUnit.Framework.Internal.Commands.TestMethodCommand.RunTestMethod(TestExecutionContext context)&#xD;
   at NUnit.Framework.Internal.Commands.TestMethodCommand.Execute(TestExecutionContext context)&#xD;
   at NUnit.Framework.Internal.Commands.BeforeAndAfterTestCommand.&lt;&gt;c__DisplayClass1_0.&lt;Execute&gt;b__0()&#xD;
   at NUnit.Framework.Internal.Commands.DelegatingTestCommand.RunTestMethodInThreadAbortSafeZone(TestExecutionContext context, Action action)&#xD;

1)    at GuitarAlchemistChatbot.Tests.Integration.EndToEndIntegrationTests.CompleteWorkflow_AnalyzeShapeGraphThenGenerateDungeon_Success() in C:\Users\spare\source\repos\ga\Tests\Apps\GuitarAlchemistChatbot.Tests\Integration\EndToEndIntegrationTests.cs:line 130&#xD;

</StackTrace>
        </ErrorInfo>
      </Output>
    </UnitTestResult>
    <UnitTestResult executionId="06e46419-298d-44ef-8f16-46568b6fc912" testId="4da09213-aa30-ca4a-a4a8-071884d3942d" testName="AnalyzeShapeGraphAsync_WithInvalidPitchClasses_ReturnsErrorMessage" computerName="XPS-STEF" duration="00:00:00.0005400" startTime="2025-11-06T20:51:01.5123918-05:00" endTime="2025-11-06T20:51:01.5129314-05:00" testType="13cdc9d9-ddb5-4fa4-a97d-d965ccfc6d4b" outcome="Passed" testListId="8c84fa94-04c1-424b-9868-57a2d4851a1d" relativeResultsDirectory="06e46419-298d-44ef-8f16-46568b6fc912">
      <Output>
        <StdOut>Error: No valid pitch classes provided. Please provide pitch classes as comma-separated numbers (0-11).</StdOut>
      </Output>
    </UnitTestResult>
    <UnitTestResult executionId="8911d444-1255-4714-985a-4c230ba23d18" testId="dd22a6c0-76fe-088c-2952-da0fbaa1c478" testName="NormalizeHistory_TrimsAndLimits" computerName="XPS-STEF" duration="00:00:00.0020079" startTime="2025-11-06T20:51:01.5340748-05:00" endTime="2025-11-06T20:51:01.5360825-05:00" testType="13cdc9d9-ddb5-4fa4-a97d-d965ccfc6d4b" outcome="Passed" testListId="8c84fa94-04c1-424b-9868-57a2d4851a1d" relativeResultsDirectory="8911d444-1255-4714-985a-4c230ba23d18" />
    <UnitTestResult executionId="2882dbef-3937-484a-975d-f0adecb024c8" testId="667ffee6-2b38-8005-1bf4-526c63960921" testName="AnalyzeProgressionAsync_WithSuggestions_IncludesSuggestions" computerName="XPS-STEF" duration="00:00:00.0009070" startTime="2025-11-06T20:51:01.4795275-05:00" endTime="2025-11-06T20:51:01.4804348-05:00" testType="13cdc9d9-ddb5-4fa4-a97d-d965ccfc6d4b" outcome="Failed" testListId="8c84fa94-04c1-424b-9868-57a2d4851a1d" relativeResultsDirectory="2882dbef-3937-484a-975d-f0adecb024c8">
      <Output>
        <ErrorInfo>
          <Message>System.NotSupportedException : Unsupported expression: x =&gt; x.AnalyzeProgressionAsync(It.IsAny&lt;string[]&gt;(), It.IsAny&lt;CancellationToken&gt;())&#xD;
Non-overridable members (here: GaApiClient.AnalyzeProgressionAsync) may not be used in setup / verification expressions.</Message>
          <StackTrace>   at Moq.Guard.IsOverridable(MethodInfo method, Expression expression) in /_/src/Moq/Guard.cs:line 99&#xD;
   at Moq.MethodExpectation..ctor(LambdaExpression expression, MethodInfo method, IReadOnlyList`1 arguments, Boolean exactGenericTypeArguments, Boolean skipMatcherInitialization, Boolean allowNonOverridable) in /_/src/Moq/MethodExpectation.cs:line 87&#xD;
   at Moq.ExpressionExtensions.&lt;Split&gt;g__Split|5_0(Expression e, Expression&amp; r, MethodExpectation&amp; p, Boolean assignment, Boolean allowNonOverridableLastProperty) in /_/src/Moq/ExpressionExtensions.cs:line 219&#xD;
   at Moq.ExpressionExtensions.Split(LambdaExpression expression, Boolean allowNonOverridableLastProperty) in /_/src/Moq/ExpressionExtensions.cs:line 149&#xD;
   at Moq.Mock.SetupRecursive[TSetup](Mock mock, LambdaExpression expression, Func`4 setupLast, Boolean allowNonOverridableLastProperty) in /_/src/Moq/Mock.cs:line 645&#xD;
   at Moq.Mock.Setup(Mock mock, LambdaExpression expression, Condition condition) in /_/src/Moq/Mock.cs:line 500&#xD;
   at Moq.Mock`1.Setup[TResult](Expression`1 expression) in /_/src/Moq/Mock`1.cs:line 452&#xD;
   at GuitarAlchemistChatbot.Tests.Plugins.ChordProgressionPluginTests.AnalyzeProgressionAsync_WithSuggestions_IncludesSuggestions() in C:\Users\spare\source\repos\ga\Tests\Apps\GuitarAlchemistChatbot.Tests\Plugins\ChordProgressionPluginTests.cs:line 145&#xD;
   at NUnit.Framework.Internal.TaskAwaitAdapter.GenericAdapter`1.GetResult()&#xD;
   at NUnit.Framework.Internal.AsyncToSyncAdapter.Await[TResult](Func`1 invoke)&#xD;
   at NUnit.Framework.Internal.AsyncToSyncAdapter.Await(Func`1 invoke)&#xD;
   at NUnit.Framework.Internal.Commands.TestMethodCommand.RunTestMethod(TestExecutionContext context)&#xD;
   at NUnit.Framework.Internal.Commands.TestMethodCommand.Execute(TestExecutionContext context)&#xD;
   at NUnit.Framework.Internal.Commands.BeforeAndAfterTestCommand.&lt;&gt;c__DisplayClass1_0.&lt;Execute&gt;b__0()&#xD;
   at NUnit.Framework.Internal.Commands.DelegatingTestCommand.RunTestMethodInThreadAbortSafeZone(TestExecutionContext context, Action action)
</StackTrace>
        </ErrorInfo>
      </Output>
    </UnitTestResult>
    <UnitTestResult executionId="64b7e7e2-afe6-403b-9c47-96afebf3628d" testId="0432c5cd-83aa-ec81-b7d4-f4c950800ed8" testName="AnalyzeShapeGraphAsync_WhenApiReturnsNull_ReturnsErrorMessage" computerName="XPS-STEF" duration="00:00:00.0023490" startTime="2025-11-06T20:51:01.5076153-05:00" endTime="2025-11-06T20:51:01.5099641-05:00" testType="13cdc9d9-ddb5-4fa4-a97d-d965ccfc6d4b" outcome="Failed" testListId="8c84fa94-04c1-424b-9868-57a2d4851a1d" relativeResultsDirectory="64b7e7e2-afe6-403b-9c47-96afebf3628d">
      <Output>
        <ErrorInfo>
          <Message>System.NotSupportedException : Unsupported expression: x =&gt; x.AnalyzeShapeGraphAsync(It.IsAny&lt;int[]&gt;(), It.IsAny&lt;string&gt;(), It.IsAny&lt;int&gt;(), It.IsAny&lt;int&gt;(), It.IsAny&lt;CancellationToken&gt;())&#xD;
Non-overridable members (here: GaApiClient.AnalyzeShapeGraphAsync) may not be used in setup / verification expressions.</Message>
          <StackTrace>   at Moq.Guard.IsOverridable(MethodInfo method, Expression expression) in /_/src/Moq/Guard.cs:line 99&#xD;
   at Moq.MethodExpectation..ctor(LambdaExpression expression, MethodInfo method, IReadOnlyList`1 arguments, Boolean exactGenericTypeArguments, Boolean skipMatcherInitialization, Boolean allowNonOverridable) in /_/src/Moq/MethodExpectation.cs:line 87&#xD;
   at Moq.ExpressionExtensions.&lt;Split&gt;g__Split|5_0(Expression e, Expression&amp; r, MethodExpectation&amp; p, Boolean assignment, Boolean allowNonOverridableLastProperty) in /_/src/Moq/ExpressionExtensions.cs:line 219&#xD;
   at Moq.ExpressionExtensions.Split(LambdaExpression expression, Boolean allowNonOverridableLastProperty) in /_/src/Moq/ExpressionExtensions.cs:line 149&#xD;
   at Moq.Mock.SetupRecursive[TSetup](Mock mock, LambdaExpression expression, Func`4 setupLast, Boolean allowNonOverridableLastProperty) in /_/src/Moq/Mock.cs:line 645&#xD;
   at Moq.Mock.Setup(Mock mock, LambdaExpression expression, Condition condition) in /_/src/Moq/Mock.cs:line 500&#xD;
   at Moq.Mock`1.Setup[TResult](Expression`1 expression) in /_/src/Moq/Mock`1.cs:line 452&#xD;
   at GuitarAlchemistChatbot.Tests.Plugins.ShapeGraphPluginTests.AnalyzeShapeGraphAsync_WhenApiReturnsNull_ReturnsErrorMessage() in C:\Users\spare\source\repos\ga\Tests\Apps\GuitarAlchemistChatbot.Tests\Plugins\ShapeGraphPluginTests.cs:line 306&#xD;
   at NUnit.Framework.Internal.TaskAwaitAdapter.GenericAdapter`1.GetResult()&#xD;
   at NUnit.Framework.Internal.AsyncToSyncAdapter.Await[TResult](Func`1 invoke)&#xD;
   at NUnit.Framework.Internal.AsyncToSyncAdapter.Await(Func`1 invoke)&#xD;
   at NUnit.Framework.Internal.Commands.TestMethodCommand.RunTestMethod(TestExecutionContext context)&#xD;
   at NUnit.Framework.Internal.Commands.TestMethodCommand.Execute(TestExecutionContext context)&#xD;
   at NUnit.Framework.Internal.Commands.BeforeAndAfterTestCommand.&lt;&gt;c__DisplayClass1_0.&lt;Execute&gt;b__0()&#xD;
   at NUnit.Framework.Internal.Commands.DelegatingTestCommand.RunTestMethodInThreadAbortSafeZone(TestExecutionContext context, Action action)
</StackTrace>
        </ErrorInfo>
      </Output>
    </UnitTestResult>
    <UnitTestResult executionId="6782b5c3-13ac-4fe1-9680-7a287faea654" testId="dd47ffc1-2535-2793-7c5e-46b457560b0e" testName="RecordLearningEpisodeAsync_WithFailure_ReturnsFailureMessage" computerName="XPS-STEF" duration="00:00:00.0006800" startTime="2025-11-06T20:51:01.4957558-05:00" endTime="2025-11-06T20:51:01.4964353-05:00" testType="13cdc9d9-ddb5-4fa4-a97d-d965ccfc6d4b" outcome="Failed" testListId="8c84fa94-04c1-424b-9868-57a2d4851a1d" relativeResultsDirectory="6782b5c3-13ac-4fe1-9680-7a287faea654">
      <Output>
        <ErrorInfo>
          <Message>System.NotSupportedException : Unsupported expression: x =&gt; x.AddEpisodeAsync(It.IsAny&lt;string&gt;(), It.IsAny&lt;string&gt;(), It.IsAny&lt;Dictionary&lt;string, object&gt;&gt;(), It.IsAny&lt;CancellationToken&gt;())&#xD;
Non-overridable members (here: GraphitiClient.AddEpisodeAsync) may not be used in setup / verification expressions.</Message>
          <StackTrace>   at Moq.Guard.IsOverridable(MethodInfo method, Expression expression) in /_/src/Moq/Guard.cs:line 99&#xD;
   at Moq.MethodExpectation..ctor(LambdaExpression expression, MethodInfo method, IReadOnlyList`1 arguments, Boolean exactGenericTypeArguments, Boolean skipMatcherInitialization, Boolean allowNonOverridable) in /_/src/Moq/MethodExpectation.cs:line 87&#xD;
   at Moq.ExpressionExtensions.&lt;Split&gt;g__Split|5_0(Expression e, Expression&amp; r, MethodExpectation&amp; p, Boolean assignment, Boolean allowNonOverridableLastProperty) in /_/src/Moq/ExpressionExtensions.cs:line 219&#xD;
   at Moq.ExpressionExtensions.Split(LambdaExpression expression, Boolean allowNonOverridableLastProperty) in /_/src/Moq/ExpressionExtensions.cs:line 149&#xD;
   at Moq.Mock.SetupRecursive[TSetup](Mock mock, LambdaExpression expression, Func`4 setupLast, Boolean allowNonOverridableLastProperty) in /_/src/Moq/Mock.cs:line 645&#xD;
   at Moq.Mock.Setup(Mock mock, LambdaExpression expression, Condition condition) in /_/src/Moq/Mock.cs:line 500&#xD;
   at Moq.Mock`1.Setup[TResult](Expression`1 expression) in /_/src/Moq/Mock`1.cs:line 452&#xD;
   at GuitarAlchemistChatbot.Tests.Plugins.GraphitiPluginTests.RecordLearningEpisodeAsync_WithFailure_ReturnsFailureMessage() in C:\Users\spare\source\repos\ga\Tests\Apps\GuitarAlchemistChatbot.Tests\Plugins\GraphitiPluginTests.cs:line 295&#xD;
   at NUnit.Framework.Internal.TaskAwaitAdapter.GenericAdapter`1.GetResult()&#xD;
   at NUnit.Framework.Internal.AsyncToSyncAdapter.Await[TResult](Func`1 invoke)&#xD;
   at NUnit.Framework.Internal.AsyncToSyncAdapter.Await(Func`1 invoke)&#xD;
   at NUnit.Framework.Internal.Commands.TestMethodCommand.RunTestMethod(TestExecutionContext context)&#xD;
   at NUnit.Framework.Internal.Commands.TestMethodCommand.Execute(TestExecutionContext context)&#xD;
   at NUnit.Framework.Internal.Commands.BeforeAndAfterTestCommand.&lt;&gt;c__DisplayClass1_0.&lt;Execute&gt;b__0()&#xD;
   at NUnit.Framework.Internal.Commands.DelegatingTestCommand.RunTestMethodInThreadAbortSafeZone(TestExecutionContext context, Action action)
</StackTrace>
        </ErrorInfo>
      </Output>
    </UnitTestResult>
    <UnitTestResult executionId="c57f0694-a1c9-4027-bae2-985c4b25c4ec" testId="3e51d9ae-6cca-2180-4f11-0a2d7ff9915d" testName="AnalyzeShapeGraphAsync_WithHighAlgebraicConnectivity_ShowsWellConnected" computerName="XPS-STEF" duration="00:00:00.0009510" startTime="2025-11-06T20:51:01.5114181-05:00" endTime="2025-11-06T20:51:01.5123689-05:00" testType="13cdc9d9-ddb5-4fa4-a97d-d965ccfc6d4b" outcome="Failed" testListId="8c84fa94-04c1-424b-9868-57a2d4851a1d" relativeResultsDirectory="c57f0694-a1c9-4027-bae2-985c4b25c4ec">
      <Output>
        <ErrorInfo>
          <Message>System.NotSupportedException : Unsupported expression: x =&gt; x.AnalyzeShapeGraphAsync(It.IsAny&lt;int[]&gt;(), It.IsAny&lt;string&gt;(), It.IsAny&lt;int&gt;(), It.IsAny&lt;int&gt;(), It.IsAny&lt;CancellationToken&gt;())&#xD;
Non-overridable members (here: GaApiClient.AnalyzeShapeGraphAsync) may not be used in setup / verification expressions.</Message>
          <StackTrace>   at Moq.Guard.IsOverridable(MethodInfo method, Expression expression) in /_/src/Moq/Guard.cs:line 99&#xD;
   at Moq.MethodExpectation..ctor(LambdaExpression expression, MethodInfo method, IReadOnlyList`1 arguments, Boolean exactGenericTypeArguments, Boolean skipMatcherInitialization, Boolean allowNonOverridable) in /_/src/Moq/MethodExpectation.cs:line 87&#xD;
   at Moq.ExpressionExtensions.&lt;Split&gt;g__Split|5_0(Expression e, Expression&amp; r, MethodExpectation&amp; p, Boolean assignment, Boolean allowNonOverridableLastProperty) in /_/src/Moq/ExpressionExtensions.cs:line 219&#xD;
   at Moq.ExpressionExtensions.Split(LambdaExpression expression, Boolean allowNonOverridableLastProperty) in /_/src/Moq/ExpressionExtensions.cs:line 149&#xD;
   at Moq.Mock.SetupRecursive[TSetup](Mock mock, LambdaExpression expression, Func`4 setupLast, Boolean allowNonOverridableLastProperty) in /_/src/Moq/Mock.cs:line 645&#xD;
   at Moq.Mock.Setup(Mock mock, LambdaExpression expression, Condition condition) in /_/src/Moq/Mock.cs:line 500&#xD;
   at Moq.Mock`1.Setup[TResult](Expression`1 expression) in /_/src/Moq/Mock`1.cs:line 452&#xD;
   at GuitarAlchemistChatbot.Tests.Plugins.ShapeGraphPluginTests.AnalyzeShapeGraphAsync_WithHighAlgebraicConnectivity_ShowsWellConnected() in C:\Users\spare\source\repos\ga\Tests\Apps\GuitarAlchemistChatbot.Tests\Plugins\ShapeGraphPluginTests.cs:line 113&#xD;
   at NUnit.Framework.Internal.TaskAwaitAdapter.GenericAdapter`1.GetResult()&#xD;
   at NUnit.Framework.Internal.AsyncToSyncAdapter.Await[TResult](Func`1 invoke)&#xD;
   at NUnit.Framework.Internal.AsyncToSyncAdapter.Await(Func`1 invoke)&#xD;
   at NUnit.Framework.Internal.Commands.TestMethodCommand.RunTestMethod(TestExecutionContext context)&#xD;
   at NUnit.Framework.Internal.Commands.TestMethodCommand.Execute(TestExecutionContext context)&#xD;
   at NUnit.Framework.Internal.Commands.BeforeAndAfterTestCommand.&lt;&gt;c__DisplayClass1_0.&lt;Execute&gt;b__0()&#xD;
   at NUnit.Framework.Internal.Commands.DelegatingTestCommand.RunTestMethodInThreadAbortSafeZone(TestExecutionContext context, Action action)
</StackTrace>
        </ErrorInfo>
      </Output>
    </UnitTestResult>
    <UnitTestResult executionId="77adba27-7733-4f88-a9d5-40ca61b376c5" testId="e105a802-3b1d-bb6c-af3a-b79895ffb190" testName="GenerateIntelligentDungeonAsync_WhenApiReturnsNull_ReturnsErrorMessage" computerName="XPS-STEF" duration="00:00:00.0015510" startTime="2025-11-06T20:51:01.4629899-05:00" endTime="2025-11-06T20:51:01.4645412-05:00" testType="13cdc9d9-ddb5-4fa4-a97d-d965ccfc6d4b" outcome="Failed" testListId="8c84fa94-04c1-424b-9868-57a2d4851a1d" relativeResultsDirectory="77adba27-7733-4f88-a9d5-40ca61b376c5">
      <Output>
        <ErrorInfo>
          <Message>System.NotSupportedException : Unsupported expression: x =&gt; x.GenerateIntelligentDungeonAsync(It.IsAny&lt;int[]&gt;(), It.IsAny&lt;string&gt;(), It.IsAny&lt;int&gt;(), It.IsAny&lt;int&gt;(), It.IsAny&lt;CancellationToken&gt;())&#xD;
Non-overridable members (here: GaApiClient.GenerateIntelligentDungeonAsync) may not be used in setup / verification expressions.</Message>
          <StackTrace>   at Moq.Guard.IsOverridable(MethodInfo method, Expression expression) in /_/src/Moq/Guard.cs:line 99&#xD;
   at Moq.MethodExpectation..ctor(LambdaExpression expression, MethodInfo method, IReadOnlyList`1 arguments, Boolean exactGenericTypeArguments, Boolean skipMatcherInitialization, Boolean allowNonOverridable) in /_/src/Moq/MethodExpectation.cs:line 87&#xD;
   at Moq.ExpressionExtensions.&lt;Split&gt;g__Split|5_0(Expression e, Expression&amp; r, MethodExpectation&amp; p, Boolean assignment, Boolean allowNonOverridableLastProperty) in /_/src/Moq/ExpressionExtensions.cs:line 219&#xD;
   at Moq.ExpressionExtensions.Split(LambdaExpression expression, Boolean allowNonOverridableLastProperty) in /_/src/Moq/ExpressionExtensions.cs:line 149&#xD;
   at Moq.Mock.SetupRecursive[TSetup](Mock mock, LambdaExpression expression, Func`4 setupLast, Boolean allowNonOverridableLastProperty) in /_/src/Moq/Mock.cs:line 645&#xD;
   at Moq.Mock.Setup(Mock mock, LambdaExpression expression, Condition condition) in /_/src/Moq/Mock.cs:line 500&#xD;
   at Moq.Mock`1.Setup[TResult](Expression`1 expression) in /_/src/Moq/Mock`1.cs:line 452&#xD;
   at GuitarAlchemistChatbot.Tests.Plugins.BSPDungeonPluginTests.GenerateIntelligentDungeonAsync_WhenApiReturnsNull_ReturnsErrorMessage() in C:\Users\spare\source\repos\ga\Tests\Apps\GuitarAlchemistChatbot.Tests\Plugins\BSPDungeonPluginTests.cs:line 320&#xD;
   at NUnit.Framework.Internal.TaskAwaitAdapter.GenericAdapter`1.GetResult()&#xD;
   at NUnit.Framework.Internal.AsyncToSyncAdapter.Await[TResult](Func`1 invoke)&#xD;
   at NUnit.Framework.Internal.AsyncToSyncAdapter.Await(Func`1 invoke)&#xD;
   at NUnit.Framework.Internal.Commands.TestMethodCommand.RunTestMethod(TestExecutionContext context)&#xD;
   at NUnit.Framework.Internal.Commands.TestMethodCommand.Execute(TestExecutionContext context)&#xD;
   at NUnit.Framework.Internal.Commands.BeforeAndAfterTestCommand.&lt;&gt;c__DisplayClass1_0.&lt;Execute&gt;b__0()&#xD;
   at NUnit.Framework.Internal.Commands.DelegatingTestCommand.RunTestMethodInThreadAbortSafeZone(TestExecutionContext context, Action action)
</StackTrace>
        </ErrorInfo>
      </Output>
    </UnitTestResult>
    <UnitTestResult executionId="dde0399c-6a90-4bda-a486-ea344d86c018" testId="3d2997f0-f2f7-a55e-0257-b08bc0d389a0" testName="GeneratePracticePathAsync_WithValidParameters_ReturnsFormattedPath" computerName="XPS-STEF" duration="00:00:00.0007829" startTime="2025-11-06T20:51:01.5067176-05:00" endTime="2025-11-06T20:51:01.5075009-05:00" testType="13cdc9d9-ddb5-4fa4-a97d-d965ccfc6d4b" outcome="Failed" testListId="8c84fa94-04c1-424b-9868-57a2d4851a1d" relativeResultsDirectory="dde0399c-6a90-4bda-a486-ea344d86c018">
      <Output>
        <ErrorInfo>
          <Message>System.NotSupportedException : Unsupported expression: x =&gt; x.GeneratePracticePathAsync(It.IsAny&lt;int[]&gt;(), It.IsAny&lt;string&gt;(), It.IsAny&lt;int&gt;(), It.IsAny&lt;string&gt;(), It.IsAny&lt;CancellationToken&gt;())&#xD;
Non-overridable members (here: GaApiClient.GeneratePracticePathAsync) may not be used in setup / verification expressions.</Message>
          <StackTrace>   at Moq.Guard.IsOverridable(MethodInfo method, Expression expression) in /_/src/Moq/Guard.cs:line 99&#xD;
   at Moq.MethodExpectation..ctor(LambdaExpression expression, MethodInfo method, IReadOnlyList`1 arguments, Boolean exactGenericTypeArguments, Boolean skipMatcherInitialization, Boolean allowNonOverridable) in /_/src/Moq/MethodExpectation.cs:line 87&#xD;
   at Moq.ExpressionExtensions.&lt;Split&gt;g__Split|5_0(Expression e, Expression&amp; r, MethodExpectation&amp; p, Boolean assignment, Boolean allowNonOverridableLastProperty) in /_/src/Moq/ExpressionExtensions.cs:line 219&#xD;
   at Moq.ExpressionExtensions.Split(LambdaExpression expression, Boolean allowNonOverridableLastProperty) in /_/src/Moq/ExpressionExtensions.cs:line 149&#xD;
   at Moq.Mock.SetupRecursive[TSetup](Mock mock, LambdaExpression expression, Func`4 setupLast, Boolean allowNonOverridableLastProperty) in /_/src/Moq/Mock.cs:line 645&#xD;
   at Moq.Mock.Setup(Mock mock, LambdaExpression expression, Condition condition) in /_/src/Moq/Mock.cs:line 500&#xD;
   at Moq.Mock`1.Setup[TResult](Expression`1 expression) in /_/src/Moq/Mock`1.cs:line 452&#xD;
   at GuitarAlchemistChatbot.Tests.Plugins.PracticePathPluginTests.GeneratePracticePathAsync_WithValidParameters_ReturnsFormattedPath() in C:\Users\spare\source\repos\ga\Tests\Apps\GuitarAlchemistChatbot.Tests\Plugins\PracticePathPluginTests.cs:line 57&#xD;
   at NUnit.Framework.Internal.TaskAwaitAdapter.GenericAdapter`1.GetResult()&#xD;
   at NUnit.Framework.Internal.AsyncToSyncAdapter.Await[TResult](Func`1 invoke)&#xD;
   at NUnit.Framework.Internal.AsyncToSyncAdapter.Await(Func`1 invoke)&#xD;
   at NUnit.Framework.Internal.Commands.TestMethodCommand.RunTestMethod(TestExecutionContext context)&#xD;
   at NUnit.Framework.Internal.Commands.TestMethodCommand.Execute(TestExecutionContext context)&#xD;
   at NUnit.Framework.Internal.Commands.BeforeAndAfterTestCommand.&lt;&gt;c__DisplayClass1_0.&lt;Execute&gt;b__0()&#xD;
   at NUnit.Framework.Internal.Commands.DelegatingTestCommand.RunTestMethodInThreadAbortSafeZone(TestExecutionContext context, Action action)
</StackTrace>
        </ErrorInfo>
      </Output>
    </UnitTestResult>
    <UnitTestResult executionId="2f369ba4-509b-4fcb-9254-f4399e7b5ce9" testId="cfab3442-48f3-a313-2d3e-dea354cf6a94" testName="GenerateDungeonAsync_WithSeed_ReturnsReproducibleDungeon" computerName="XPS-STEF" duration="00:00:08.1290420" startTime="2025-11-06T20:51:26.0656996-05:00" endTime="2025-11-06T20:51:34.1952620-05:00" testType="13cdc9d9-ddb5-4fa4-a97d-d965ccfc6d4b" outcome="Failed" testListId="8c84fa94-04c1-424b-9868-57a2d4851a1d" relativeResultsDirectory="2f369ba4-509b-4fcb-9254-f4399e7b5ce9">
      <Output>
        <ErrorInfo>
          <Message>  Assert.That(result1, Is.Not.Null)&#xD;
  Expected: not null&#xD;
  But was:  null&#xD;
</Message>
          <StackTrace>   at GuitarAlchemistChatbot.Tests.Services.GaApiClientTests.GenerateDungeonAsync_WithSeed_ReturnsReproducibleDungeon() in C:\Users\spare\source\repos\ga\Tests\Apps\GuitarAlchemistChatbot.Tests\Services\GaApiClientTests.cs:line 271&#xD;
   at NUnit.Framework.Internal.TaskAwaitAdapter.GenericAdapter`1.BlockUntilCompleted()&#xD;
   at NUnit.Framework.Internal.MessagePumpStrategy.NoMessagePumpStrategy.WaitForCompletion(AwaitAdapter awaiter)&#xD;
   at NUnit.Framework.Internal.AsyncToSyncAdapter.Await[TResult](Func`1 invoke)&#xD;
   at NUnit.Framework.Internal.AsyncToSyncAdapter.Await(Func`1 invoke)&#xD;
   at NUnit.Framework.Internal.Commands.TestMethodCommand.RunTestMethod(TestExecutionContext context)&#xD;
   at NUnit.Framework.Internal.Commands.TestMethodCommand.Execute(TestExecutionContext context)&#xD;
   at NUnit.Framework.Internal.Commands.BeforeAndAfterTestCommand.&lt;&gt;c__DisplayClass1_0.&lt;Execute&gt;b__0()&#xD;
   at NUnit.Framework.Internal.Commands.DelegatingTestCommand.RunTestMethodInThreadAbortSafeZone(TestExecutionContext context, Action action)&#xD;

1)    at GuitarAlchemistChatbot.Tests.Services.GaApiClientTests.GenerateDungeonAsync_WithSeed_ReturnsReproducibleDungeon() in C:\Users\spare\source\repos\ga\Tests\Apps\GuitarAlchemistChatbot.Tests\Services\GaApiClientTests.cs:line 271&#xD;

</StackTrace>
        </ErrorInfo>
      </Output>
    </UnitTestResult>
    <UnitTestResult executionId="2b6fc284-b3f3-48dc-b032-f30b725e8662" testId="f0d138fc-fa96-a890-8d17-ba896117ed5a" testName="GeneratePracticePathAsync_WhenApiReturnsNull_ReturnsErrorMessage" computerName="XPS-STEF" duration="00:00:00.0018340" startTime="2025-11-06T20:51:01.4994903-05:00" endTime="2025-11-06T20:51:01.5013238-05:00" testType="13cdc9d9-ddb5-4fa4-a97d-d965ccfc6d4b" outcome="Failed" testListId="8c84fa94-04c1-424b-9868-57a2d4851a1d" relativeResultsDirectory="2b6fc284-b3f3-48dc-b032-f30b725e8662">
      <Output>
        <ErrorInfo>
          <Message>System.NotSupportedException : Unsupported expression: x =&gt; x.GeneratePracticePathAsync(It.IsAny&lt;int[]&gt;(), It.IsAny&lt;string&gt;(), It.IsAny&lt;int&gt;(), It.IsAny&lt;string&gt;(), It.IsAny&lt;CancellationToken&gt;())&#xD;
Non-overridable members (here: GaApiClient.GeneratePracticePathAsync) may not be used in setup / verification expressions.</Message>
          <StackTrace>   at Moq.Guard.IsOverridable(MethodInfo method, Expression expression) in /_/src/Moq/Guard.cs:line 99&#xD;
   at Moq.MethodExpectation..ctor(LambdaExpression expression, MethodInfo method, IReadOnlyList`1 arguments, Boolean exactGenericTypeArguments, Boolean skipMatcherInitialization, Boolean allowNonOverridable) in /_/src/Moq/MethodExpectation.cs:line 87&#xD;
   at Moq.ExpressionExtensions.&lt;Split&gt;g__Split|5_0(Expression e, Expression&amp; r, MethodExpectation&amp; p, Boolean assignment, Boolean allowNonOverridableLastProperty) in /_/src/Moq/ExpressionExtensions.cs:line 219&#xD;
   at Moq.ExpressionExtensions.Split(LambdaExpression expression, Boolean allowNonOverridableLastProperty) in /_/src/Moq/ExpressionExtensions.cs:line 149&#xD;
   at Moq.Mock.SetupRecursive[TSetup](Mock mock, LambdaExpression expression, Func`4 setupLast, Boolean allowNonOverridableLastProperty) in /_/src/Moq/Mock.cs:line 645&#xD;
   at Moq.Mock.Setup(Mock mock, LambdaExpression expression, Condition condition) in /_/src/Moq/Mock.cs:line 500&#xD;
   at Moq.Mock`1.Setup[TResult](Expression`1 expression) in /_/src/Moq/Mock`1.cs:line 452&#xD;
   at GuitarAlchemistChatbot.Tests.Plugins.PracticePathPluginTests.GeneratePracticePathAsync_WhenApiReturnsNull_ReturnsErrorMessage() in C:\Users\spare\source\repos\ga\Tests\Apps\GuitarAlchemistChatbot.Tests\Plugins\PracticePathPluginTests.cs:line 231&#xD;
   at NUnit.Framework.Internal.TaskAwaitAdapter.GenericAdapter`1.GetResult()&#xD;
   at NUnit.Framework.Internal.AsyncToSyncAdapter.Await[TResult](Func`1 invoke)&#xD;
   at NUnit.Framework.Internal.AsyncToSyncAdapter.Await(Func`1 invoke)&#xD;
   at NUnit.Framework.Internal.Commands.TestMethodCommand.RunTestMethod(TestExecutionContext context)&#xD;
   at NUnit.Framework.Internal.Commands.TestMethodCommand.Execute(TestExecutionContext context)&#xD;
   at NUnit.Framework.Internal.Commands.BeforeAndAfterTestCommand.&lt;&gt;c__DisplayClass1_0.&lt;Execute&gt;b__0()&#xD;
   at NUnit.Framework.Internal.Commands.DelegatingTestCommand.RunTestMethodInThreadAbortSafeZone(TestExecutionContext context, Action action)
</StackTrace>
        </ErrorInfo>
      </Output>
    </UnitTestResult>
    <UnitTestResult executionId="49f181ea-0df7-4356-b7c2-273cd5127e48" testId="5a9a7c4e-20ef-c5e2-70b6-5e7373fcd0d6" testName="CompleteWorkflow_AnalyzeProgressionThenGeneratePracticePath_Success" computerName="XPS-STEF" duration="00:00:04.0813510" startTime="2025-11-06T20:50:32.7864592-05:00" endTime="2025-11-06T20:50:36.8680707-05:00" testType="13cdc9d9-ddb5-4fa4-a97d-d965ccfc6d4b" outcome="Failed" testListId="8c84fa94-04c1-424b-9868-57a2d4851a1d" relativeResultsDirectory="49f181ea-0df7-4356-b7c2-273cd5127e48">
      <Output>
        <StdOut>Step 1: Analyzing chord progression...&#xD;
info: GuitarAlchemistChatbot.Plugins.ChordProgressionPlugin[0]&#xD;
      Analyzing progression: 0,4,7 | 5,9,0 | 7,11,2 | 0,4,7&#xD;
info: GuitarAlchemistChatbot.Services.GaApiClient[0]&#xD;
      Analyzing progression: 0 -&gt; 4 -&gt; 7 -&gt; | -&gt; 5 -&gt; 9 -&gt; 0 -&gt; | -&gt; 7 -&gt; 11 -&gt; 2 -&gt; | -&gt; 0 -&gt; 4 -&gt; 7&#xD;
fail: GuitarAlchemistChatbot.Services.GaApiClient[0]&#xD;
      Error analyzing progression&#xD;
      System.Net.Http.HttpRequestException: No connection could be made because the target machine actively refused it. (localhost:7001)&#xD;
       ---&gt; System.Net.Sockets.SocketException (10061): No connection could be made because the target machine actively refused it.&#xD;
         at System.Net.Sockets.Socket.AwaitableSocketAsyncEventArgs.ThrowException(SocketError error, CancellationToken cancellationToken)&#xD;
         at System.Net.Sockets.Socket.AwaitableSocketAsyncEventArgs.System.Threading.Tasks.Sources.IValueTaskSource.GetResult(Int16 token)&#xD;
         at System.Net.Sockets.Socket.&lt;ConnectAsync&gt;g__WaitForConnectWithCancellation|285_0(AwaitableSocketAsyncEventArgs saea, ValueTask connectTask, CancellationToken cancellationToken)&#xD;
         at System.Net.Http.HttpConnectionPool.ConnectToTcpHostAsync(String host, Int32 port, HttpRequestMessage initialRequest, Boolean async, CancellationToken cancellationToken)&#xD;
         --- End of inner exception stack trace ---&#xD;
         at System.Net.Http.HttpConnectionPool.ConnectToTcpHostAsync(String host, Int32 port, HttpRequestMessage initialRequest, Boolean async, CancellationToken cancellationToken)&#xD;
         at System.Net.Http.HttpConnectionPool.ConnectAsync(HttpRequestMessage request, Boolean async, CancellationToken cancellationToken)&#xD;
         at System.Net.Http.HttpConnectionPool.CreateHttp11ConnectionAsync(HttpRequestMessage request, Boolean async, CancellationToken cancellationToken)&#xD;
         at System.Net.Http.HttpConnectionPool.InjectNewHttp11ConnectionAsync(QueueItem queueItem)&#xD;
         at System.Threading.Tasks.TaskCompletionSourceWithCancellation`1.WaitWithCancellationAsync(CancellationToken cancellationToken)&#xD;
         at System.Net.Http.HttpConnectionPool.SendWithVersionDetectionAndRetryAsync(HttpRequestMessage request, Boolean async, Boolean doRequestAuth, CancellationToken cancellationToken)&#xD;
         at System.Net.Http.RedirectHandler.SendAsync(HttpRequestMessage request, Boolean async, CancellationToken cancellationToken)&#xD;
         at System.Net.Http.HttpClient.&lt;SendAsync&gt;g__Core|83_0(HttpRequestMessage request, HttpCompletionOption completionOption, CancellationTokenSource cts, Boolean disposeCts, CancellationTokenSource pendingRequestsCts, CancellationToken originalCancellationToken)&#xD;
         at GuitarAlchemistChatbot.Services.GaApiClient.AnalyzeProgressionAsync(String[] chordNames, CancellationToken cancellationToken) in C:\Users\spare\source\repos\ga\Apps\GuitarAlchemistChatbot\Services\GaApiClient.cs:line 28</StdOut>
        <ErrorInfo>
          <Message>  Assert.That(analysisResult, Does.Contain("Chord Progression Analysis"))&#xD;
  Expected: String containing "Chord Progression Analysis"&#xD;
  But was:  "Error: Failed to analyze progression. The GaApi service may be unavailable."&#xD;
</Message>
          <StackTrace>   at GuitarAlchemistChatbot.Tests.Integration.EndToEndIntegrationTests.CompleteWorkflow_AnalyzeProgressionThenGeneratePracticePath_Success() in C:\Users\spare\source\repos\ga\Tests\Apps\GuitarAlchemistChatbot.Tests\Integration\EndToEndIntegrationTests.cs:line 99&#xD;
   at NUnit.Framework.Internal.TaskAwaitAdapter.GenericAdapter`1.BlockUntilCompleted()&#xD;
   at NUnit.Framework.Internal.MessagePumpStrategy.NoMessagePumpStrategy.WaitForCompletion(AwaitAdapter awaiter)&#xD;
   at NUnit.Framework.Internal.AsyncToSyncAdapter.Await[TResult](Func`1 invoke)&#xD;
   at NUnit.Framework.Internal.AsyncToSyncAdapter.Await(Func`1 invoke)&#xD;
   at NUnit.Framework.Internal.Commands.TestMethodCommand.RunTestMethod(TestExecutionContext context)&#xD;
   at NUnit.Framework.Internal.Commands.TestMethodCommand.Execute(TestExecutionContext context)&#xD;
   at NUnit.Framework.Internal.Commands.BeforeAndAfterTestCommand.&lt;&gt;c__DisplayClass1_0.&lt;Execute&gt;b__0()&#xD;
   at NUnit.Framework.Internal.Commands.DelegatingTestCommand.RunTestMethodInThreadAbortSafeZone(TestExecutionContext context, Action action)&#xD;

1)    at GuitarAlchemistChatbot.Tests.Integration.EndToEndIntegrationTests.CompleteWorkflow_AnalyzeProgressionThenGeneratePracticePath_Success() in C:\Users\spare\source\repos\ga\Tests\Apps\GuitarAlchemistChatbot.Tests\Integration\EndToEndIntegrationTests.cs:line 99&#xD;

</StackTrace>
        </ErrorInfo>
      </Output>
    </UnitTestResult>
    <UnitTestResult executionId="4f3a333b-c30e-4d11-bf3d-88184757e93e" testId="309fb428-1021-bb73-189c-2166d3e7bce2" testName="AnalyzeProgressionAsync_WithComplexJazzProgression_ShowsHighComplexity" computerName="XPS-STEF" duration="00:00:04.0892110" startTime="2025-11-06T20:51:01.5548419-05:00" endTime="2025-11-06T20:51:05.6443149-05:00" testType="13cdc9d9-ddb5-4fa4-a97d-d965ccfc6d4b" outcome="Failed" testListId="8c84fa94-04c1-424b-9868-57a2d4851a1d" relativeResultsDirectory="4f3a333b-c30e-4d11-bf3d-88184757e93e">
      <Output>
        <ErrorInfo>
          <Message>  Assert.That(result, Is.Not.Null)&#xD;
  Expected: not null&#xD;
  But was:  null&#xD;
</Message>
          <StackTrace>   at GuitarAlchemistChatbot.Tests.Services.GaApiClientTests.AnalyzeProgressionAsync_WithComplexJazzProgression_ShowsHighComplexity() in C:\Users\spare\source\repos\ga\Tests\Apps\GuitarAlchemistChatbot.Tests\Services\GaApiClientTests.cs:line 122&#xD;
   at NUnit.Framework.Internal.TaskAwaitAdapter.GenericAdapter`1.BlockUntilCompleted()&#xD;
   at NUnit.Framework.Internal.MessagePumpStrategy.NoMessagePumpStrategy.WaitForCompletion(AwaitAdapter awaiter)&#xD;
   at NUnit.Framework.Internal.AsyncToSyncAdapter.Await[TResult](Func`1 invoke)&#xD;
   at NUnit.Framework.Internal.AsyncToSyncAdapter.Await(Func`1 invoke)&#xD;
   at NUnit.Framework.Internal.Commands.TestMethodCommand.RunTestMethod(TestExecutionContext context)&#xD;
   at NUnit.Framework.Internal.Commands.TestMethodCommand.Execute(TestExecutionContext context)&#xD;
   at NUnit.Framework.Internal.Commands.BeforeAndAfterTestCommand.&lt;&gt;c__DisplayClass1_0.&lt;Execute&gt;b__0()&#xD;
   at NUnit.Framework.Internal.Commands.DelegatingTestCommand.RunTestMethodInThreadAbortSafeZone(TestExecutionContext context, Action action)&#xD;

1)    at GuitarAlchemistChatbot.Tests.Services.GaApiClientTests.AnalyzeProgressionAsync_WithComplexJazzProgression_ShowsHighComplexity() in C:\Users\spare\source\repos\ga\Tests\Apps\GuitarAlchemistChatbot.Tests\Services\GaApiClientTests.cs:line 122&#xD;

</StackTrace>
        </ErrorInfo>
      </Output>
    </UnitTestResult>
    <UnitTestResult executionId="6fdf996e-1130-42ab-8b43-2f15d1b3e2da" testId="2e9e891f-85f5-db84-4c9e-5836e3ce92fb" testName="GeneratePracticePathAsync_WithDifferentStrategies_ReturnsValidPaths(&quot;FollowAttractors&quot;)" computerName="XPS-STEF" duration="00:00:04.0631930" startTime="2025-11-06T20:51:50.4628323-05:00" endTime="2025-11-06T20:51:54.5262848-05:00" testType="13cdc9d9-ddb5-4fa4-a97d-d965ccfc6d4b" outcome="Failed" testListId="8c84fa94-04c1-424b-9868-57a2d4851a1d" relativeResultsDirectory="6fdf996e-1130-42ab-8b43-2f15d1b3e2da">
      <Output>
        <ErrorInfo>
          <Message>  Strategy FollowAttractors should return a path&#xD;
Assert.That(result, Is.Not.Null)&#xD;
  Expected: not null&#xD;
  But was:  null&#xD;
</Message>
          <StackTrace>   at GuitarAlchemistChatbot.Tests.Services.GaApiClientTests.GeneratePracticePathAsync_WithDifferentStrategies_ReturnsValidPaths(String strategy) in C:\Users\spare\source\repos\ga\Tests\Apps\GuitarAlchemistChatbot.Tests\Services\GaApiClientTests.cs:line 181&#xD;
   at NUnit.Framework.Internal.TaskAwaitAdapter.GenericAdapter`1.BlockUntilCompleted()&#xD;
   at NUnit.Framework.Internal.MessagePumpStrategy.NoMessagePumpStrategy.WaitForCompletion(AwaitAdapter awaiter)&#xD;
   at NUnit.Framework.Internal.AsyncToSyncAdapter.Await[TResult](Func`1 invoke)&#xD;
   at NUnit.Framework.Internal.AsyncToSyncAdapter.Await(Func`1 invoke)&#xD;
   at NUnit.Framework.Internal.Commands.TestMethodCommand.RunTestMethod(TestExecutionContext context)&#xD;
   at NUnit.Framework.Internal.Commands.TestMethodCommand.Execute(TestExecutionContext context)&#xD;
   at NUnit.Framework.Internal.Commands.BeforeAndAfterTestCommand.&lt;&gt;c__DisplayClass1_0.&lt;Execute&gt;b__0()&#xD;
   at NUnit.Framework.Internal.Commands.DelegatingTestCommand.RunTestMethodInThreadAbortSafeZone(TestExecutionContext context, Action action)&#xD;

1)    at GuitarAlchemistChatbot.Tests.Services.GaApiClientTests.GeneratePracticePathAsync_WithDifferentStrategies_ReturnsValidPaths(String strategy) in C:\Users\spare\source\repos\ga\Tests\Apps\GuitarAlchemistChatbot.Tests\Services\GaApiClientTests.cs:line 181&#xD;

</StackTrace>
        </ErrorInfo>
      </Output>
    </UnitTestResult>
    <UnitTestResult executionId="f0f1dde4-d2cf-4919-9b1b-b8c90c21f550" testId="b52a4553-5af5-a637-e1da-de6b2ecd7476" testName="AnalyzeShapeGraphAsync_WithValidParameters_ReturnsFormattedAnalysis" computerName="XPS-STEF" duration="00:00:00.0007690" startTime="2025-11-06T20:51:01.5150395-05:00" endTime="2025-11-06T20:51:01.5158087-05:00" testType="13cdc9d9-ddb5-4fa4-a97d-d965ccfc6d4b" outcome="Failed" testListId="8c84fa94-04c1-424b-9868-57a2d4851a1d" relativeResultsDirectory="f0f1dde4-d2cf-4919-9b1b-b8c90c21f550">
      <Output>
        <ErrorInfo>
          <Message>System.NotSupportedException : Unsupported expression: x =&gt; x.AnalyzeShapeGraphAsync(It.IsAny&lt;int[]&gt;(), It.IsAny&lt;string&gt;(), It.IsAny&lt;int&gt;(), It.IsAny&lt;int&gt;(), It.IsAny&lt;CancellationToken&gt;())&#xD;
Non-overridable members (here: GaApiClient.AnalyzeShapeGraphAsync) may not be used in setup / verification expressions.</Message>
          <StackTrace>   at Moq.Guard.IsOverridable(MethodInfo method, Expression expression) in /_/src/Moq/Guard.cs:line 99&#xD;
   at Moq.MethodExpectation..ctor(LambdaExpression expression, MethodInfo method, IReadOnlyList`1 arguments, Boolean exactGenericTypeArguments, Boolean skipMatcherInitialization, Boolean allowNonOverridable) in /_/src/Moq/MethodExpectation.cs:line 87&#xD;
   at Moq.ExpressionExtensions.&lt;Split&gt;g__Split|5_0(Expression e, Expression&amp; r, MethodExpectation&amp; p, Boolean assignment, Boolean allowNonOverridableLastProperty) in /_/src/Moq/ExpressionExtensions.cs:line 219&#xD;
   at Moq.ExpressionExtensions.Split(LambdaExpression expression, Boolean allowNonOverridableLastProperty) in /_/src/Moq/ExpressionExtensions.cs:line 149&#xD;
   at Moq.Mock.SetupRecursive[TSetup](Mock mock, LambdaExpression expression, Func`4 setupLast, Boolean allowNonOverridableLastProperty) in /_/src/Moq/Mock.cs:line 645&#xD;
   at Moq.Mock.Setup(Mock mock, LambdaExpression expression, Condition condition) in /_/src/Moq/Mock.cs:line 500&#xD;
   at Moq.Mock`1.Setup[TResult](Expression`1 expression) in /_/src/Moq/Mock`1.cs:line 452&#xD;
   at GuitarAlchemistChatbot.Tests.Plugins.ShapeGraphPluginTests.AnalyzeShapeGraphAsync_WithValidParameters_ReturnsFormattedAnalysis() in C:\Users\spare\source\repos\ga\Tests\Apps\GuitarAlchemistChatbot.Tests\Plugins\ShapeGraphPluginTests.cs:line 68&#xD;
   at NUnit.Framework.Internal.TaskAwaitAdapter.GenericAdapter`1.GetResult()&#xD;
   at NUnit.Framework.Internal.AsyncToSyncAdapter.Await[TResult](Func`1 invoke)&#xD;
   at NUnit.Framework.Internal.AsyncToSyncAdapter.Await(Func`1 invoke)&#xD;
   at NUnit.Framework.Internal.Commands.TestMethodCommand.RunTestMethod(TestExecutionContext context)&#xD;
   at NUnit.Framework.Internal.Commands.TestMethodCommand.Execute(TestExecutionContext context)&#xD;
   at NUnit.Framework.Internal.Commands.BeforeAndAfterTestCommand.&lt;&gt;c__DisplayClass1_0.&lt;Execute&gt;b__0()&#xD;
   at NUnit.Framework.Internal.Commands.DelegatingTestCommand.RunTestMethodInThreadAbortSafeZone(TestExecutionContext context, Action action)
</StackTrace>
        </ErrorInfo>
      </Output>
    </UnitTestResult>
    <UnitTestResult executionId="6791d197-f564-427c-b123-bf33bf7aaeb8" testId="5fedaf24-77b0-b362-b91d-911b98dd7985" testName="MultiChordWorkflow_GeneratePracticePathsForProgression_Success" computerName="XPS-STEF" duration="00:00:04.0746430" startTime="2025-11-06T20:50:53.2327245-05:00" endTime="2025-11-06T20:50:57.3076279-05:00" testType="13cdc9d9-ddb5-4fa4-a97d-d965ccfc6d4b" outcome="Failed" testListId="8c84fa94-04c1-424b-9868-57a2d4851a1d" relativeResultsDirectory="6791d197-f564-427c-b123-bf33bf7aaeb8">
      <Output>
        <StdOut>Generating practice path for I - C major...&#xD;
info: GuitarAlchemistChatbot.Plugins.PracticePathPlugin[0]&#xD;
      Generating practice path: pitchClasses=0,4,7, tuning=E2 A2 D3 G3 B3 E4, length=5, strategy=balanced&#xD;
info: GuitarAlchemistChatbot.Services.GaApiClient[0]&#xD;
      Generating practice path: 0,4,7, length=5, strategy=balanced&#xD;
fail: GuitarAlchemistChatbot.Services.GaApiClient[0]&#xD;
      Error generating practice path&#xD;
      System.Net.Http.HttpRequestException: No connection could be made because the target machine actively refused it. (localhost:7001)&#xD;
       ---&gt; System.Net.Sockets.SocketException (10061): No connection could be made because the target machine actively refused it.&#xD;
         at System.Net.Sockets.Socket.AwaitableSocketAsyncEventArgs.ThrowException(SocketError error, CancellationToken cancellationToken)&#xD;
         at System.Net.Sockets.Socket.AwaitableSocketAsyncEventArgs.System.Threading.Tasks.Sources.IValueTaskSource.GetResult(Int16 token)&#xD;
         at System.Net.Sockets.Socket.&lt;ConnectAsync&gt;g__WaitForConnectWithCancellation|285_0(AwaitableSocketAsyncEventArgs saea, ValueTask connectTask, CancellationToken cancellationToken)&#xD;
         at System.Net.Http.HttpConnectionPool.ConnectToTcpHostAsync(String host, Int32 port, HttpRequestMessage initialRequest, Boolean async, CancellationToken cancellationToken)&#xD;
         --- End of inner exception stack trace ---&#xD;
         at System.Net.Http.HttpConnectionPool.ConnectToTcpHostAsync(String host, Int32 port, HttpRequestMessage initialRequest, Boolean async, CancellationToken cancellationToken)&#xD;
         at System.Net.Http.HttpConnectionPool.ConnectAsync(HttpRequestMessage request, Boolean async, CancellationToken cancellationToken)&#xD;
         at System.Net.Http.HttpConnectionPool.CreateHttp11ConnectionAsync(HttpRequestMessage request, Boolean async, CancellationToken cancellationToken)&#xD;
         at System.Net.Http.HttpConnectionPool.InjectNewHttp11ConnectionAsync(QueueItem queueItem)&#xD;
         at System.Threading.Tasks.TaskCompletionSourceWithCancellation`1.WaitWithCancellationAsync(CancellationToken cancellationToken)&#xD;
         at System.Net.Http.HttpConnectionPool.SendWithVersionDetectionAndRetryAsync(HttpRequestMessage request, Boolean async, Boolean doRequestAuth, CancellationToken cancellationToken)&#xD;
         at System.Net.Http.RedirectHandler.SendAsync(HttpRequestMessage request, Boolean async, CancellationToken cancellationToken)&#xD;
         at System.Net.Http.HttpClient.&lt;SendAsync&gt;g__Core|83_0(HttpRequestMessage request, HttpCompletionOption completionOption, CancellationTokenSource cts, Boolean disposeCts, CancellationTokenSource pendingRequestsCts, CancellationToken originalCancellationToken)&#xD;
         at GuitarAlchemistChatbot.Services.GaApiClient.GeneratePracticePathAsync(Int32[] pitchClasses, String tuningId, Int32 pathLength, String strategy, CancellationToken cancellationToken) in C:\Users\spare\source\repos\ga\Apps\GuitarAlchemistChatbot\Services\GaApiClient.cs:line 74</StdOut>
        <ErrorInfo>
          <Message>  Assert.That(pathResult, Does.Contain("Optimal Practice Path"))&#xD;
  Expected: String containing "Optimal Practice Path"&#xD;
  But was:  "Error: Failed to generate practice path. The GaApi service may be unavailable."&#xD;
</Message>
          <StackTrace>   at GuitarAlchemistChatbot.Tests.Integration.EndToEndIntegrationTests.MultiChordWorkflow_GeneratePracticePathsForProgression_Success() in C:\Users\spare\source\repos\ga\Tests\Apps\GuitarAlchemistChatbot.Tests\Integration\EndToEndIntegrationTests.cs:line 239&#xD;
   at NUnit.Framework.Internal.TaskAwaitAdapter.GenericAdapter`1.BlockUntilCompleted()&#xD;
   at NUnit.Framework.Internal.MessagePumpStrategy.NoMessagePumpStrategy.WaitForCompletion(AwaitAdapter awaiter)&#xD;
   at NUnit.Framework.Internal.AsyncToSyncAdapter.Await[TResult](Func`1 invoke)&#xD;
   at NUnit.Framework.Internal.AsyncToSyncAdapter.Await(Func`1 invoke)&#xD;
   at NUnit.Framework.Internal.Commands.TestMethodCommand.RunTestMethod(TestExecutionContext context)&#xD;
   at NUnit.Framework.Internal.Commands.TestMethodCommand.Execute(TestExecutionContext context)&#xD;
   at NUnit.Framework.Internal.Commands.BeforeAndAfterTestCommand.&lt;&gt;c__DisplayClass1_0.&lt;Execute&gt;b__0()&#xD;
   at NUnit.Framework.Internal.Commands.DelegatingTestCommand.RunTestMethodInThreadAbortSafeZone(TestExecutionContext context, Action action)&#xD;

1)    at GuitarAlchemistChatbot.Tests.Integration.EndToEndIntegrationTests.MultiChordWorkflow_GeneratePracticePathsForProgression_Success() in C:\Users\spare\source\repos\ga\Tests\Apps\GuitarAlchemistChatbot.Tests\Integration\EndToEndIntegrationTests.cs:line 239&#xD;

</StackTrace>
        </ErrorInfo>
      </Output>
    </UnitTestResult>
    <UnitTestResult executionId="5c85113c-0713-4421-be14-14a24d89c479" testId="19bc2716-5b56-9bd9-81db-e7fac63da27e" testName="AnalyzeShapeGraphAsync_WithValidParameters_ReturnsComprehensiveAnalysis" computerName="XPS-STEF" duration="00:00:04.0773050" startTime="2025-11-06T20:51:17.9077731-05:00" endTime="2025-11-06T20:51:21.9853393-05:00" testType="13cdc9d9-ddb5-4fa4-a97d-d965ccfc6d4b" outcome="Failed" testListId="8c84fa94-04c1-424b-9868-57a2d4851a1d" relativeResultsDirectory="5c85113c-0713-4421-be14-14a24d89c479">
      <Output>
        <ErrorInfo>
          <Message>  Should return analysis&#xD;
Assert.That(result, Is.Not.Null)&#xD;
  Expected: not null&#xD;
  But was:  null&#xD;
</Message>
          <StackTrace>   at GuitarAlchemistChatbot.Tests.Services.GaApiClientTests.AnalyzeShapeGraphAsync_WithValidParameters_ReturnsComprehensiveAnalysis() in C:\Users\spare\source\repos\ga\Tests\Apps\GuitarAlchemistChatbot.Tests\Services\GaApiClientTests.cs:line 204&#xD;
   at NUnit.Framework.Internal.TaskAwaitAdapter.GenericAdapter`1.BlockUntilCompleted()&#xD;
   at NUnit.Framework.Internal.MessagePumpStrategy.NoMessagePumpStrategy.WaitForCompletion(AwaitAdapter awaiter)&#xD;
   at NUnit.Framework.Internal.AsyncToSyncAdapter.Await[TResult](Func`1 invoke)&#xD;
   at NUnit.Framework.Internal.AsyncToSyncAdapter.Await(Func`1 invoke)&#xD;
   at NUnit.Framework.Internal.Commands.TestMethodCommand.RunTestMethod(TestExecutionContext context)&#xD;
   at NUnit.Framework.Internal.Commands.TestMethodCommand.Execute(TestExecutionContext context)&#xD;
   at NUnit.Framework.Internal.Commands.BeforeAndAfterTestCommand.&lt;&gt;c__DisplayClass1_0.&lt;Execute&gt;b__0()&#xD;
   at NUnit.Framework.Internal.Commands.DelegatingTestCommand.RunTestMethodInThreadAbortSafeZone(TestExecutionContext context, Action action)&#xD;

1)    at GuitarAlchemistChatbot.Tests.Services.GaApiClientTests.AnalyzeShapeGraphAsync_WithValidParameters_ReturnsComprehensiveAnalysis() in C:\Users\spare\source\repos\ga\Tests\Apps\GuitarAlchemistChatbot.Tests\Services\GaApiClientTests.cs:line 204&#xD;

</StackTrace>
        </ErrorInfo>
      </Output>
    </UnitTestResult>
    <UnitTestResult executionId="1400a0e0-1390-4e99-9771-39d6a2767c8c" testId="15879fff-5284-7f26-8545-65ccc1f3e1c8" testName="RecordLearningEpisodeAsync_WithValidData_ReturnsSuccessMessage" computerName="XPS-STEF" duration="00:00:00.0006830" startTime="2025-11-06T20:51:01.4964641-05:00" endTime="2025-11-06T20:51:01.4971467-05:00" testType="13cdc9d9-ddb5-4fa4-a97d-d965ccfc6d4b" outcome="Failed" testListId="8c84fa94-04c1-424b-9868-57a2d4851a1d" relativeResultsDirectory="1400a0e0-1390-4e99-9771-39d6a2767c8c">
      <Output>
        <ErrorInfo>
          <Message>System.NotSupportedException : Unsupported expression: x =&gt; x.AddEpisodeAsync(It.IsAny&lt;string&gt;(), It.IsAny&lt;string&gt;(), It.IsAny&lt;Dictionary&lt;string, object&gt;&gt;(), It.IsAny&lt;CancellationToken&gt;())&#xD;
Non-overridable members (here: GraphitiClient.AddEpisodeAsync) may not be used in setup / verification expressions.</Message>
          <StackTrace>   at Moq.Guard.IsOverridable(MethodInfo method, Expression expression) in /_/src/Moq/Guard.cs:line 99&#xD;
   at Moq.MethodExpectation..ctor(LambdaExpression expression, MethodInfo method, IReadOnlyList`1 arguments, Boolean exactGenericTypeArguments, Boolean skipMatcherInitialization, Boolean allowNonOverridable) in /_/src/Moq/MethodExpectation.cs:line 87&#xD;
   at Moq.ExpressionExtensions.&lt;Split&gt;g__Split|5_0(Expression e, Expression&amp; r, MethodExpectation&amp; p, Boolean assignment, Boolean allowNonOverridableLastProperty) in /_/src/Moq/ExpressionExtensions.cs:line 219&#xD;
   at Moq.ExpressionExtensions.Split(LambdaExpression expression, Boolean allowNonOverridableLastProperty) in /_/src/Moq/ExpressionExtensions.cs:line 149&#xD;
   at Moq.Mock.SetupRecursive[TSetup](Mock mock, LambdaExpression expression, Func`4 setupLast, Boolean allowNonOverridableLastProperty) in /_/src/Moq/Mock.cs:line 645&#xD;
   at Moq.Mock.Setup(Mock mock, LambdaExpression expression, Condition condition) in /_/src/Moq/Mock.cs:line 500&#xD;
   at Moq.Mock`1.Setup[TResult](Expression`1 expression) in /_/src/Moq/Mock`1.cs:line 452&#xD;
   at GuitarAlchemistChatbot.Tests.Plugins.GraphitiPluginTests.RecordLearningEpisodeAsync_WithValidData_ReturnsSuccessMessage() in C:\Users\spare\source\repos\ga\Tests\Apps\GuitarAlchemistChatbot.Tests\Plugins\GraphitiPluginTests.cs:line 266&#xD;
   at NUnit.Framework.Internal.TaskAwaitAdapter.GenericAdapter`1.GetResult()&#xD;
   at NUnit.Framework.Internal.AsyncToSyncAdapter.Await[TResult](Func`1 invoke)&#xD;
   at NUnit.Framework.Internal.AsyncToSyncAdapter.Await(Func`1 invoke)&#xD;
   at NUnit.Framework.Internal.Commands.TestMethodCommand.RunTestMethod(TestExecutionContext context)&#xD;
   at NUnit.Framework.Internal.Commands.TestMethodCommand.Execute(TestExecutionContext context)&#xD;
   at NUnit.Framework.Internal.Commands.BeforeAndAfterTestCommand.&lt;&gt;c__DisplayClass1_0.&lt;Execute&gt;b__0()&#xD;
[...]
         at System.Net.Http.RedirectHandler.SendAsync(HttpRequestMessage request, Boolean async, CancellationToken cancellationToken)&#xD;
         at System.Net.Http.HttpClient.&lt;SendAsync&gt;g__Core|83_0(HttpRequestMessage request, HttpCompletionOption completionOption, CancellationTokenSource cts, Boolean disposeCts, CancellationTokenSource pendingRequestsCts, CancellationToken originalCancellationToken)&#xD;
         at GuitarAlchemistChatbot.Services.GaApiClient.AnalyzeProgressionAsync(String[] chordNames, CancellationToken cancellationToken) in C:\Users\spare\source\repos\ga\Apps\GuitarAlchemistChatbot\Services\GaApiClient.cs:line 28&#xD;
&#xD;
Step 1: Trying invalid input...&#xD;
info: GuitarAlchemistChatbot.Plugins.PracticePathPlugin[0]&#xD;
      Generating practice path: pitchClasses=invalid,data, tuning=E2 A2 D3 G3 B3 E4, length=8, strategy=balanced&#xD;
Error: No valid pitch classes provided. Please provide pitch classes as comma-separated numbers (0-11).&#xD;
&#xD;
Step 2: Trying valid input...&#xD;
info: GuitarAlchemistChatbot.Plugins.PracticePathPlugin[0]&#xD;
      Generating practice path: pitchClasses=0,4,7, tuning=E2 A2 D3 G3 B3 E4, length=8, strategy=balanced&#xD;
info: GuitarAlchemistChatbot.Services.GaApiClient[0]&#xD;
      Generating practice path: 0,4,7, length=8, strategy=balanced&#xD;
fail: GuitarAlchemistChatbot.Services.GaApiClient[0]&#xD;
      Error generating practice path&#xD;
      System.Net.Http.HttpRequestException: No connection could be made because the target machine actively refused it. (localhost:7001)&#xD;
       ---&gt; System.Net.Sockets.SocketException (10061): No connection could be made because the target machine actively refused it.&#xD;
         at System.Net.Sockets.Socket.AwaitableSocketAsyncEventArgs.ThrowException(SocketError error, CancellationToken cancellationToken)&#xD;
         at System.Net.Sockets.Socket.AwaitableSocketAsyncEventArgs.System.Threading.Tasks.Sources.IValueTaskSource.GetResult(Int16 token)&#xD;
         at System.Net.Sockets.Socket.&lt;ConnectAsync&gt;g__WaitForConnectWithCancellation|285_0(AwaitableSocketAsyncEventArgs saea, ValueTask connectTask, CancellationToken cancellationToken)&#xD;
         at System.Net.Http.HttpConnectionPool.ConnectToTcpHostAsync(String host, Int32 port, HttpRequestMessage initialRequest, Boolean async, CancellationToken cancellationToken)&#xD;
         --- End of inner exception stack trace ---&#xD;
         at System.Net.Http.HttpConnectionPool.ConnectToTcpHostAsync(String host, Int32 port, HttpRequestMessage initialRequest, Boolean async, CancellationToken cancellationToken)&#xD;
         at System.Net.Http.HttpConnectionPool.ConnectAsync(HttpRequestMessage request, Boolean async, CancellationToken cancellationToken)&#xD;
         at System.Net.Http.HttpConnectionPool.CreateHttp11ConnectionAsync(HttpRequestMessage request, Boolean async, CancellationToken cancellationToken)&#xD;
         at System.Net.Http.HttpConnectionPool.InjectNewHttp11ConnectionAsync(QueueItem queueItem)&#xD;
         at System.Threading.Tasks.TaskCompletionSourceWithCancellation`1.WaitWithCancellationAsync(CancellationToken cancellationToken)&#xD;
         at System.Net.Http.HttpConnectionPool.SendWithVersionDetectionAndRetryAsync(HttpRequestMessage request, Boolean async, Boolean doRequestAuth, CancellationToken cancellationToken)&#xD;
         at System.Net.Http.RedirectHandler.SendAsync(HttpRequestMessage request, Boolean async, CancellationToken cancellationToken)&#xD;
         at System.Net.Http.HttpClient.&lt;SendAsync&gt;g__Core|83_0(HttpRequestMessage request, HttpCompletionOption completionOption, CancellationTokenSource cts, Boolean disposeCts, CancellationTokenSource pendingRequestsCts, CancellationToken originalCancellationToken)&#xD;
         at GuitarAlchemistChatbot.Services.GaApiClient.GeneratePracticePathAsync(Int32[] pitchClasses, String tuningId, Int32 pathLength, String strategy, CancellationToken cancellationToken) in C:\Users\spare\source\repos\ga\Apps\GuitarAlchemistChatbot\Services\GaApiClient.cs:line 74&#xD;
&#xD;
Analyzing C major...&#xD;
info: GuitarAlchemistChatbot.Plugins.ShapeGraphPlugin[0]&#xD;
      Analyzing shape graph: pitchClasses=0,4,7, tuning=E2 A2 D3 G3 B3 E4&#xD;
info: GuitarAlchemistChatbot.Services.GaApiClient[0]&#xD;
      Analyzing shape graph: 0,4,7, tuning=E2 A2 D3 G3 B3 E4&#xD;
fail: GuitarAlchemistChatbot.Services.GaApiClient[0]&#xD;
      Error analyzing shape graph&#xD;
      System.Net.Http.HttpRequestException: No connection could be made because the target machine actively refused it. (localhost:7001)&#xD;
       ---&gt; System.Net.Sockets.SocketException (10061): No connection could be made because the target machine actively refused it.&#xD;
         at System.Net.Sockets.Socket.AwaitableSocketAsyncEventArgs.ThrowException(SocketError error, CancellationToken cancellationToken)&#xD;
         at System.Net.Sockets.Socket.AwaitableSocketAsyncEventArgs.System.Threading.Tasks.Sources.IValueTaskSource.GetResult(Int16 token)&#xD;
         at System.Net.Sockets.Socket.&lt;ConnectAsync&gt;g__WaitForConnectWithCancellation|285_0(AwaitableSocketAsyncEventArgs saea, ValueTask connectTask, CancellationToken cancellationToken)&#xD;
         at System.Net.Http.HttpConnectionPool.ConnectToTcpHostAsync(String host, Int32 port, HttpRequestMessage initialRequest, Boolean async, CancellationToken cancellationToken)&#xD;
         --- End of inner exception stack trace ---&#xD;
         at System.Net.Http.HttpConnectionPool.ConnectToTcpHostAsync(String host, Int32 port, HttpRequestMessage initialRequest, Boolean async, CancellationToken cancellationToken)&#xD;
         at System.Net.Http.HttpConnectionPool.ConnectAsync(HttpRequestMessage request, Boolean async, CancellationToken cancellationToken)&#xD;
         at System.Net.Http.HttpConnectionPool.CreateHttp11ConnectionAsync(HttpRequestMessage request, Boolean async, CancellationToken cancellationToken)&#xD;
         at System.Net.Http.HttpConnectionPool.InjectNewHttp11ConnectionAsync(QueueItem queueItem)&#xD;
         at System.Threading.Tasks.TaskCompletionSourceWithCancellation`1.WaitWithCancellationAsync(CancellationToken cancellationToken)&#xD;
         at System.Net.Http.HttpConnectionPool.SendWithVersionDetectionAndRetryAsync(HttpRequestMessage request, Boolean async, Boolean doRequestAuth, CancellationToken cancellationToken)&#xD;
         at System.Net.Http.RedirectHandler.SendAsync(HttpRequestMessage request, Boolean async, CancellationToken cancellationToken)&#xD;
         at System.Net.Http.HttpClient.&lt;SendAsync&gt;g__Core|83_0(HttpRequestMessage request, HttpCompletionOption completionOption, CancellationTokenSource cts, Boolean disposeCts, CancellationTokenSource pendingRequestsCts, CancellationToken originalCancellationToken)&#xD;
         at GuitarAlchemistChatbot.Services.GaApiClient.AnalyzeShapeGraphAsync(Int32[] pitchClasses, String tuningId, Int32 clusterCount, Int32 topCentralShapes, CancellationToken cancellationToken) in C:\Users\spare\source\repos\ga\Apps\GuitarAlchemistChatbot\Services\GaApiClient.cs:line 117&#xD;
&#xD;
Generating practice path for I - C major...&#xD;
info: GuitarAlchemistChatbot.Plugins.PracticePathPlugin[0]&#xD;
      Generating practice path: pitchClasses=0,4,7, tuning=E2 A2 D3 G3 B3 E4, length=5, strategy=balanced&#xD;
info: GuitarAlchemistChatbot.Services.GaApiClient[0]&#xD;
      Generating practice path: 0,4,7, length=5, strategy=balanced&#xD;
fail: GuitarAlchemistChatbot.Services.GaApiClient[0]&#xD;
      Error generating practice path&#xD;
      System.Net.Http.HttpRequestException: No connection could be made because the target machine actively refused it. (localhost:7001)&#xD;
       ---&gt; System.Net.Sockets.SocketException (10061): No connection could be made because the target machine actively refused it.&#xD;
         at System.Net.Sockets.Socket.AwaitableSocketAsyncEventArgs.ThrowException(SocketError error, CancellationToken cancellationToken)&#xD;
         at System.Net.Sockets.Socket.AwaitableSocketAsyncEventArgs.System.Threading.Tasks.Sources.IValueTaskSource.GetResult(Int16 token)&#xD;
         at System.Net.Sockets.Socket.&lt;ConnectAsync&gt;g__WaitForConnectWithCancellation|285_0(AwaitableSocketAsyncEventArgs saea, ValueTask connectTask, CancellationToken cancellationToken)&#xD;
         at System.Net.Http.HttpConnectionPool.ConnectToTcpHostAsync(String host, Int32 port, HttpRequestMessage initialRequest, Boolean async, CancellationToken cancellationToken)&#xD;
         --- End of inner exception stack trace ---&#xD;
         at System.Net.Http.HttpConnectionPool.ConnectToTcpHostAsync(String host, Int32 port, HttpRequestMessage initialRequest, Boolean async, CancellationToken cancellationToken)&#xD;
         at System.Net.Http.HttpConnectionPool.ConnectAsync(HttpRequestMessage request, Boolean async, CancellationToken cancellationToken)&#xD;
         at System.Net.Http.HttpConnectionPool.CreateHttp11ConnectionAsync(HttpRequestMessage request, Boolean async, CancellationToken cancellationToken)&#xD;
         at System.Net.Http.HttpConnectionPool.InjectNewHttp11ConnectionAsync(QueueItem queueItem)&#xD;
         at System.Threading.Tasks.TaskCompletionSourceWithCancellation`1.WaitWithCancellationAsync(CancellationToken cancellationToken)&#xD;
         at System.Net.Http.HttpConnectionPool.SendWithVersionDetectionAndRetryAsync(HttpRequestMessage request, Boolean async, Boolean doRequestAuth, CancellationToken cancellationToken)&#xD;
         at System.Net.Http.RedirectHandler.SendAsync(HttpRequestMessage request, Boolean async, CancellationToken cancellationToken)&#xD;
         at System.Net.Http.HttpClient.&lt;SendAsync&gt;g__Core|83_0(HttpRequestMessage request, HttpCompletionOption completionOption, CancellationTokenSource cts, Boolean disposeCts, CancellationTokenSource pendingRequestsCts, CancellationToken originalCancellationToken)&#xD;
         at GuitarAlchemistChatbot.Services.GaApiClient.GeneratePracticePathAsync(Int32[] pitchClasses, String tuningId, Int32 pathLength, String strategy, CancellationToken cancellationToken) in C:\Users\spare\source\repos\ga\Apps\GuitarAlchemistChatbot\Services\GaApiClient.cs:line 74&#xD;
&#xD;
info: GuitarAlchemistChatbot.Plugins.ChordProgressionPlugin[0]&#xD;
      Analyzing progression: 0,4,7 | 5,9,0 | 7,11,2 | 0,4,7&#xD;
info: GuitarAlchemistChatbot.Services.GaApiClient[0]&#xD;
      Analyzing progression: 0 -&gt; 4 -&gt; 7 -&gt; | -&gt; 5 -&gt; 9 -&gt; 0 -&gt; | -&gt; 7 -&gt; 11 -&gt; 2 -&gt; | -&gt; 0 -&gt; 4 -&gt; 7&#xD;
info: GuitarAlchemistChatbot.Plugins.ChordProgressionPlugin[0]&#xD;
      Analyzing progression: 0,3,7 | 5,8,0 | 7,10,2 | 0,3,7&#xD;
info: GuitarAlchemistChatbot.Services.GaApiClient[0]&#xD;
      Analyzing progression: 0 -&gt; 3 -&gt; 7 -&gt; | -&gt; 5 -&gt; 8 -&gt; 0 -&gt; | -&gt; 7 -&gt; 10 -&gt; 2 -&gt; | -&gt; 0 -&gt; 3 -&gt; 7&#xD;
info: GuitarAlchemistChatbot.Plugins.ChordProgressionPlugin[0]&#xD;
      Analyzing progression: 0,4,7,11 | 2,5,9,0 | 7,11,2,5 | 0,4,7,11&#xD;
info: GuitarAlchemistChatbot.Services.GaApiClient[0]&#xD;
      Analyzing progression: 0 -&gt; 4 -&gt; 7 -&gt; 11 -&gt; | -&gt; 2 -&gt; 5 -&gt; 9 -&gt; 0 -&gt; | -&gt; 7 -&gt; 11 -&gt; 2 -&gt; 5 -&gt; | -&gt; 0 -&gt; 4 -&gt; 7 -&gt; 11&#xD;
fail: GuitarAlchemistChatbot.Services.GaApiClient[0]&#xD;
      Error analyzing progression&#xD;
      System.Net.Http.HttpRequestException: No connection could be made because the target machine actively refused it. (localhost:7001)&#xD;
       ---&gt; System.Net.Sockets.SocketException (10061): No connection could be made because the target machine actively refused it.&#xD;
         at System.Net.Sockets.Socket.AwaitableSocketAsyncEventArgs.ThrowException(SocketError error, CancellationToken cancellationToken)&#xD;
         at System.Net.Sockets.Socket.AwaitableSocketAsyncEventArgs.System.Threading.Tasks.Sources.IValueTaskSource.GetResult(Int16 token)&#xD;
         at System.Net.Sockets.Socket.&lt;ConnectAsync&gt;g__WaitForConnectWithCancellation|285_0(AwaitableSocketAsyncEventArgs saea, ValueTask connectTask, CancellationToken cancellationToken)&#xD;
         at System.Net.Http.HttpConnectionPool.ConnectToTcpHostAsync(String host, Int32 port, HttpRequestMessage initialRequest, Boolean async, CancellationToken cancellationToken)&#xD;
         --- End of inner exception stack trace ---&#xD;
         at System.Net.Http.HttpConnectionPool.ConnectToTcpHostAsync(String host, Int32 port, HttpRequestMessage initialRequest, Boolean async, CancellationToken cancellationToken)&#xD;
         at System.Net.Http.HttpConnectionPool.ConnectAsync(HttpRequestMessage request, Boolean async, CancellationToken cancellationToken)&#xD;
         at System.Net.Http.HttpConnectionPool.CreateHttp11ConnectionAsync(HttpRequestMessage request, Boolean async, CancellationToken cancellationToken)&#xD;
         at System.Net.Http.HttpConnectionPool.InjectNewHttp11ConnectionAsync(QueueItem queueItem)&#xD;
         at System.Threading.Tasks.TaskCompletionSourceWithCancellation`1.WaitWithCancellationAsync(CancellationToken cancellationToken)&#xD;
         at System.Net.Http.HttpConnectionPool.SendWithVersionDetectionAndRetryAsync(HttpRequestMessage request, Boolean async, Boolean doRequestAuth, CancellationToken cancellationToken)&#xD;
         at System.Net.Http.RedirectHandler.SendAsync(HttpRequestMessage request, Boolean async, CancellationToken cancellationToken)&#xD;
         at System.Net.Http.HttpClient.&lt;SendAsync&gt;g__Core|83_0(HttpRequestMessage request, HttpCompletionOption completionOption, CancellationTokenSource cts, Boolean disposeCts, CancellationTokenSource pendingRequestsCts, CancellationToken originalCancellationToken)&#xD;
         at GuitarAlchemistChatbot.Services.GaApiClient.AnalyzeProgressionAsync(String[] chordNames, CancellationToken cancellationToken) in C:\Users\spare\source\repos\ga\Apps\GuitarAlchemistChatbot\Services\GaApiClient.cs:line 28&#xD;
fail: GuitarAlchemistChatbot.Services.GaApiClient[0]&#xD;
      Error analyzing progression&#xD;
      System.Net.Http.HttpRequestException: No connection could be made because the target machine actively refused it. (localhost:7001)&#xD;
       ---&gt; System.Net.Sockets.SocketException (10061): No connection could be made because the target machine actively refused it.&#xD;
         at System.Net.Sockets.Socket.AwaitableSocketAsyncEventArgs.ThrowException(SocketError error, CancellationToken cancellationToken)&#xD;
         at System.Net.Sockets.Socket.AwaitableSocketAsyncEventArgs.System.Threading.Tasks.Sources.IValueTaskSource.GetResult(Int16 token)&#xD;
         at System.Net.Sockets.Socket.&lt;ConnectAsync&gt;g__WaitForConnectWithCancellation|285_0(AwaitableSocketAsyncEventArgs saea, ValueTask connectTask, CancellationToken cancellationToken)&#xD;
         at System.Net.Http.HttpConnectionPool.ConnectToTcpHostAsync(String host, Int32 port, HttpRequestMessage initialRequest, Boolean async, CancellationToken cancellationToken)&#xD;
         --- End of inner exception stack trace ---&#xD;
         at System.Net.Http.HttpConnectionPool.ConnectToTcpHostAsync(String host, Int32 port, HttpRequestMessage initialRequest, Boolean async, CancellationToken cancellationToken)&#xD;
         at System.Net.Http.HttpConnectionPool.ConnectAsync(HttpRequestMessage request, Boolean async, CancellationToken cancellationToken)&#xD;
         at System.Net.Http.HttpConnectionPool.CreateHttp11ConnectionAsync(HttpRequestMessage request, Boolean async, CancellationToken cancellationToken)&#xD;
         at System.Net.Http.HttpConnectionPool.InjectNewHttp11ConnectionAsync(QueueItem queueItem)&#xD;
         at System.Threading.Tasks.TaskCompletionSourceWithCancellation`1.WaitWithCancellationAsync(CancellationToken cancellationToken)&#xD;
         at System.Net.Http.HttpConnectionPool.SendWithVersionDetectionAndRetryAsync(HttpRequestMessage request, Boolean async, Boolean doRequestAuth, CancellationToken cancellationToken)&#xD;
         at System.Net.Http.RedirectHandler.SendAsync(HttpRequestMessage request, Boolean async, CancellationToken cancellationToken)&#xD;
         at System.Net.Http.HttpClient.&lt;SendAsync&gt;g__Core|83_0(HttpRequestMessage request, HttpCompletionOption completionOption, CancellationTokenSource cts, Boolean disposeCts, CancellationTokenSource pendingRequestsCts, CancellationToken originalCancellationToken)&#xD;
         at GuitarAlchemistChatbot.Services.GaApiClient.AnalyzeProgressionAsync(String[] chordNames, CancellationToken cancellationToken) in C:\Users\spare\source\repos\ga\Apps\GuitarAlchemistChatbot\Services\GaApiClient.cs:line 28&#xD;
fail: GuitarAlchemistChatbot.Services.GaApiClient[0]&#xD;
      Error analyzing progression&#xD;
      System.Net.Http.HttpRequestException: No connection could be made because the target machine actively refused it. (localhost:7001)&#xD;
       ---&gt; System.Net.Sockets.SocketException (10061): No connection could be made because the target machine actively refused it.&#xD;
         at System.Net.Sockets.Socket.AwaitableSocketAsyncEventArgs.ThrowException(SocketError error, CancellationToken cancellationToken)&#xD;
         at System.Net.Sockets.Socket.AwaitableSocketAsyncEventArgs.System.Threading.Tasks.Sources.IValueTaskSource.GetResult(Int16 token)&#xD;
         at System.Net.Sockets.Socket.&lt;ConnectAsync&gt;g__WaitForConnectWithCancellation|285_0(AwaitableSocketAsyncEventArgs saea, ValueTask connectTask, CancellationToken cancellationToken)&#xD;
         at System.Net.Http.HttpConnectionPool.ConnectToTcpHostAsync(String host, Int32 port, HttpRequestMessage initialRequest, Boolean async, CancellationToken cancellationToken)&#xD;
         --- End of inner exception stack trace ---&#xD;
         at System.Net.Http.HttpConnectionPool.ConnectToTcpHostAsync(String host, Int32 port, HttpRequestMessage initialRequest, Boolean async, CancellationToken cancellationToken)&#xD;
         at System.Net.Http.HttpConnectionPool.ConnectAsync(HttpRequestMessage request, Boolean async, CancellationToken cancellationToken)&#xD;
         at System.Net.Http.HttpConnectionPool.CreateHttp11ConnectionAsync(HttpRequestMessage request, Boolean async, CancellationToken cancellationToken)&#xD;
         at System.Net.Http.HttpConnectionPool.InjectNewHttp11ConnectionAsync(QueueItem queueItem)&#xD;
         at System.Threading.Tasks.TaskCompletionSourceWithCancellation`1.WaitWithCancellationAsync(CancellationToken cancellationToken)&#xD;
         at System.Net.Http.HttpConnectionPool.SendWithVersionDetectionAndRetryAsync(HttpRequestMessage request, Boolean async, Boolean doRequestAuth, CancellationToken cancellationToken)&#xD;
         at System.Net.Http.RedirectHandler.SendAsync(HttpRequestMessage request, Boolean async, CancellationToken cancellationToken)&#xD;
         at System.Net.Http.HttpClient.&lt;SendAsync&gt;g__Core|83_0(HttpRequestMessage request, HttpCompletionOption completionOption, CancellationTokenSource cts, Boolean disposeCts, CancellationTokenSource pendingRequestsCts, CancellationToken originalCancellationToken)&#xD;
         at GuitarAlchemistChatbot.Services.GaApiClient.AnalyzeProgressionAsync(String[] chordNames, CancellationToken cancellationToken) in C:\Users\spare\source\repos\ga\Apps\GuitarAlchemistChatbot\Services\GaApiClient.cs:line 28&#xD;
&#xD;
Error: No valid pitch classes provided. Please provide pitch classes as comma-separated numbers (0-11).&#xD;
&#xD;
Error: No valid pitch classes provided. Please provide pitch classes as comma-separated numbers (0-11).&#xD;
&#xD;
Error: No valid pitch classes provided. Please provide pitch classes as comma-separated numbers (0-11).&#xD;
&#xD;
Result with empty array: &#xD;
&#xD;
NUnit Adapter 4.6.0.0: Test execution complete&#xD;
</StdOut>
    </Output>
  </ResultSummary>
</TestRun>