<?xml version="1.0" encoding="utf-8"?>
<TestRun id="52d26afa-fc0c-4e4a-adb8-8b550dcd7a67" name="spareilleux@XPS-STEF 2025-11-04 20:37:23" runUser="XPS-STEF\spareilleux" xmlns="http://microsoft.com/schemas/VisualStudio/TeamTest/2010">
  <Times creation="2025-11-04T20:37:23.2064757-05:00" queuing="2025-11-04T20:37:23.2064763-05:00" start="2025-11-04T20:37:18.4159998-05:00" finish="2025-11-04T23:52:14.2512003-05:00" />
  <TestSettings name="default" id="48829a88-0aa2-4084-95fa-6bbea3dc3009">
    <Deployment runDeploymentRoot="spareilleux_XPS-STEF_2025-11-04_20_37_23" />
  </TestSettings>
  <Results>
    <UnitTestResult executionId="cde1e550-021c-4a36-8d03-f76226954c50" testId="d40bf02f-f1d7-e473-0ffa-6bfe6f0dc82d" testName="ChordTemplateNamingService_ShouldHandleSlashChords" computerName="XPS-STEF" duration="00:00:00.0013890" startTime="2025-11-04T20:38:08.7286514-05:00" endTime="2025-11-04T20:38:08.7300414-05:00" testType="13cdc9d9-ddb5-4fa4-a97d-d965ccfc6d4b" outcome="Passed" testListId="8c84fa94-04c1-424b-9868-57a2d4851a1d" relativeResultsDirectory="cde1e550-021c-4a36-8d03-f76226954c50" />
    <UnitTestResult executionId="009f4768-9210-407e-ada8-446b4b99421d" testId="a827137b-2fd9-1de4-5c97-6ad3aa3e0214" testName="ShouldReturnEmptyHeatMap_WhenNoTransitions" computerName="XPS-STEF" duration="00:00:00.0008980" startTime="2025-11-04T20:38:06.9836491-05:00" endTime="2025-11-04T20:38:06.9845484-05:00" testType="13cdc9d9-ddb5-4fa4-a97d-d965ccfc6d4b" outcome="Passed" testListId="8c84fa94-04c1-424b-9868-57a2d4851a1d" relativeResultsDirectory="009f4768-9210-407e-ada8-446b4b99421d" />
    <UnitTestResult executionId="1a5607e3-d713-4a66-beb0-7913fe64bc8c" testId="c5262ae0-f5e8-b5b5-b599-b74ffb0b68e1" testName="Analyze_BarreChord_DetectsBarreCorrectly" computerName="XPS-STEF" duration="00:00:00.0008860" startTime="2025-11-04T20:39:47.0308508-05:00" endTime="2025-11-04T20:39:47.0317369-05:00" testType="13cdc9d9-ddb5-4fa4-a97d-d965ccfc6d4b" outcome="Passed" testListId="8c84fa94-04c1-424b-9868-57a2d4851a1d" relativeResultsDirectory="1a5607e3-d713-4a66-beb0-7913fe64bc8c" />
    <UnitTestResult executionId="1ad1bb4e-aa2d-4c2b-bf23-8574b1cc22c6" testId="893fccc2-0573-ed8e-db28-8bb1bda7ded3" testName="MusicalKnowledgeService_ShouldValidateAllConfigurations" computerName="XPS-STEF" duration="00:00:00.0031050" startTime="2025-11-04T20:38:09.2445020-05:00" endTime="2025-11-04T20:38:09.2476065-05:00" testType="13cdc9d9-ddb5-4fa4-a97d-d965ccfc6d4b" outcome="Failed" testListId="8c84fa94-04c1-424b-9868-57a2d4851a1d" relativeResultsDirectory="1ad1bb4e-aa2d-4c2b-bf23-8574b1cc22c6">
      <Output>
        <StdOut>=== Configuration Validation Results ===&#xD;
Overall Valid: False&#xD;
Iconic Chords Valid: True&#xD;
Chord Progressions Valid: False&#xD;
Guitar Techniques Valid: False&#xD;
Specialized Tunings Valid: False&#xD;
&#xD;
=== Validation Errors ===&#xD;
- No chord progressions found in configuration&#xD;
- No guitar techniques found in configuration&#xD;
- No specialized tunings found in configuration</StdOut>
        <ErrorInfo>
          <Message>  Configuration validation failed with errors: No chord progressions found in configuration; No guitar techniques found in configuration; No specialized tunings found in configuration&#xD;
Assert.That(validation.IsValid, Is.True)&#xD;
  Expected: True&#xD;
  But was:  False&#xD;
</Message>
          <StackTrace>   at GA.Business.Core.Tests.Configuration.MusicalKnowledgeServiceTests.MusicalKnowledgeService_ShouldValidateAllConfigurations() in C:\Users\spare\source\repos\ga\Tests\Common\GA.Business.Core.Tests\Configuration\MusicalKnowledgeServiceTests.cs:line 122&#xD;

1)    at GA.Business.Core.Tests.Configuration.MusicalKnowledgeServiceTests.MusicalKnowledgeService_ShouldValidateAllConfigurations() in C:\Users\spare\source\repos\ga\Tests\Common\GA.Business.Core.Tests\Configuration\MusicalKnowledgeServiceTests.cs:line 122&#xD;

</StackTrace>
        </ErrorInfo>
      </Output>
    </UnitTestResult>
    <UnitTestResult executionId="54fbc1e5-f962-4d8c-9de0-ecbe3a720ccd" testId="d8aae2fc-ef79-e6d4-be2e-a86cc60c2e65" testName="AnalyzeChordPlayability_SkippedStrings_ShouldDetectFingerMuting" computerName="XPS-STEF" duration="00:00:00.4325410" startTime="2025-11-04T20:38:32.7919645-05:00" endTime="2025-11-04T20:38:33.2245099-05:00" testType="13cdc9d9-ddb5-4fa4-a97d-d965ccfc6d4b" outcome="Passed" testListId="8c84fa94-04c1-424b-9868-57a2d4851a1d" relativeResultsDirectory="54fbc1e5-f962-4d8c-9de0-ecbe3a720ccd" />
    <UnitTestResult executionId="33c8dd23-6ac7-462e-88c0-cccb77251166" testId="d965efd7-60e6-6cbb-6b26-9856eb634f42" testName="RecordValidation_MultipleValidations_ShouldAggregateCorrectly" computerName="XPS-STEF" duration="00:00:00.0022940" startTime="2025-11-04T20:38:00.5729095-05:00" endTime="2025-11-04T20:38:00.5752092-05:00" testType="13cdc9d9-ddb5-4fa4-a97d-d965ccfc6d4b" outcome="Passed" testListId="8c84fa94-04c1-424b-9868-57a2d4851a1d" relativeResultsDirectory="33c8dd23-6ac7-462e-88c0-cccb77251166" />
    <UnitTestResult executionId="2df5249c-e7f9-4183-98e8-854b0017bfea" testId="3cdf6a58-bff7-089c-fd02-00acce1743ca" testName="ChatbotExamples_ShouldReturnExampleQueries" computerName="XPS-STEF" duration="00:00:04.0755270" startTime="2025-11-04T20:37:51.8091485-05:00" endTime="2025-11-04T20:37:55.8847155-05:00" testType="13cdc9d9-ddb5-4fa4-a97d-d965ccfc6d4b" outcome="Failed" testListId="8c84fa94-04c1-424b-9868-57a2d4851a1d" relativeResultsDirectory="2df5249c-e7f9-4183-98e8-854b0017bfea">
      <Output>
        <StdOut>────────────────────────────────────────────────────────────────────────────────&#xD;
TEST: ChatbotExamples_ShouldReturnExampleQueries&#xD;
────────────────────────────────────────────────────────────────────────────────&#xD;
&#xD;
\ud83d\udce4 REQUEST:&#xD;
   Method:    GET&#xD;
   Endpoint:  /api/chatbot/examples&#xD;
   Timestamp: 2025-11-04 20:37:51.810&#xD;
&#xD;
────────────────────────────────────────────────────────────────────────────────&#xD;
TEST COMPLETED&#xD;
────────────────────────────────────────────────────────────────────────────────</StdOut>
        <ErrorInfo>
          <Message>System.Net.Http.HttpRequestException : No connection could be made because the target machine actively refused it. (localhost:7001)&#xD;
  ----&gt; System.Net.Sockets.SocketException : No connection could be made because the target machine actively refused it.</Message>
          <StackTrace>   at System.Net.Http.HttpConnectionPool.ConnectToTcpHostAsync(String host, Int32 port, HttpRequestMessage initialRequest, Boolean async, CancellationToken cancellationToken)&#xD;
   at System.Net.Http.HttpConnectionPool.ConnectAsync(HttpRequestMessage request, Boolean async, CancellationToken cancellationToken)&#xD;
   at System.Net.Http.HttpConnectionPool.CreateHttp11ConnectionAsync(HttpRequestMessage request, Boolean async, CancellationToken cancellationToken)&#xD;
   at System.Net.Http.HttpConnectionPool.InjectNewHttp11ConnectionAsync(QueueItem queueItem)&#xD;
   at System.Threading.Tasks.TaskCompletionSourceWithCancellation`1.WaitWithCancellationAsync(CancellationToken cancellationToken)&#xD;
   at System.Net.Http.HttpConnectionPool.SendWithVersionDetectionAndRetryAsync(HttpRequestMessage request, Boolean async, Boolean doRequestAuth, CancellationToken cancellationToken)&#xD;
   at System.Net.Http.RedirectHandler.SendAsync(HttpRequestMessage request, Boolean async, CancellationToken cancellationToken)&#xD;
   at System.Net.Http.HttpClient.&lt;SendAsync&gt;g__Core|83_0(HttpRequestMessage request, HttpCompletionOption completionOption, CancellationTokenSource cts, Boolean disposeCts, CancellationTokenSource pendingRequestsCts, CancellationToken originalCancellationToken)&#xD;
   at GA.Business.Core.Tests.AI.ChatbotIntegrationTests.ChatbotExamples_ShouldReturnExampleQueries() in C:\Users\spare\source\repos\ga\Tests\Common\GA.Business.Core.Tests\AI\ChatbotIntegrationTests.cs:line 321&#xD;
   at NUnit.Framework.Internal.TaskAwaitAdapter.GenericAdapter`1.BlockUntilCompleted()&#xD;
   at NUnit.Framework.Internal.MessagePumpStrategy.NoMessagePumpStrategy.WaitForCompletion(AwaitAdapter awaiter)&#xD;
   at NUnit.Framework.Internal.AsyncToSyncAdapter.Await[TResult](Func`1 invoke)&#xD;
   at NUnit.Framework.Internal.AsyncToSyncAdapter.Await(Func`1 invoke)&#xD;
   at NUnit.Framework.Internal.Commands.TestMethodCommand.RunTestMethod(TestExecutionContext context)&#xD;
   at NUnit.Framework.Internal.Commands.TestMethodCommand.Execute(TestExecutionContext context)&#xD;
   at NUnit.Framework.Internal.Commands.BeforeAndAfterTestCommand.&lt;&gt;c__DisplayClass1_0.&lt;Execute&gt;b__0()&#xD;
   at NUnit.Framework.Internal.Commands.DelegatingTestCommand.RunTestMethodInThreadAbortSafeZone(TestExecutionContext context, Action action)&#xD;
--SocketException&#xD;
   at System.Net.Sockets.Socket.AwaitableSocketAsyncEventArgs.ThrowException(SocketError error, CancellationToken cancellationToken)&#xD;
   at System.Net.Sockets.Socket.AwaitableSocketAsyncEventArgs.System.Threading.Tasks.Sources.IValueTaskSource.GetResult(Int16 token)&#xD;
   at System.Net.Sockets.Socket.&lt;ConnectAsync&gt;g__WaitForConnectWithCancellation|285_0(AwaitableSocketAsyncEventArgs saea, ValueTask connectTask, CancellationToken cancellationToken)&#xD;
   at System.Net.Http.HttpConnectionPool.ConnectToTcpHostAsync(String host, Int32 port, HttpRequestMessage initialRequest, Boolean async, CancellationToken cancellationToken)
</StackTrace>
        </ErrorInfo>
      </Output>
    </UnitTestResult>
    <UnitTestResult executionId="dac91d8c-61c1-4298-94e6-9123e3976fc2" testId="0c0cb14e-4d23-c12f-444b-4dec195170ac" testName="ChordProgressionsService_ShouldLoadAndQueryProgressions" computerName="XPS-STEF" duration="00:00:00.0191650" startTime="2025-11-04T20:38:09.1937955-05:00" endTime="2025-11-04T20:38:09.2129598-05:00" testType="13cdc9d9-ddb5-4fa4-a97d-d965ccfc6d4b" outcome="Failed" testListId="8c84fa94-04c1-424b-9868-57a2d4851a1d" relativeResultsDirectory="dac91d8c-61c1-4298-94e6-9123e3976fc2">
      <Output>
        <StdOut>Error loading chord progressions configuration: Exception during deserialization</StdOut>
        <ErrorInfo>
          <Message>  Should load chord progressions from YAML&#xD;
Assert.That(allProgressions, Is.Not.Empty)&#xD;
  Expected: not &lt;empty&gt;&#xD;
  But was:  &lt;empty&gt;&#xD;
</Message>
          <StackTrace>   at GA.Business.Core.Tests.Configuration.MusicalKnowledgeServiceTests.ChordProgressionsService_ShouldLoadAndQueryProgressions() in C:\Users\spare\source\repos\ga\Tests\Common\GA.Business.Core.Tests\Configuration\MusicalKnowledgeServiceTests.cs:line 135&#xD;

1)    at GA.Business.Core.Tests.Configuration.MusicalKnowledgeServiceTests.ChordProgressionsService_ShouldLoadAndQueryProgressions() in C:\Users\spare\source\repos\ga\Tests\Common\GA.Business.Core.Tests\Configuration\MusicalKnowledgeServiceTests.cs:line 135&#xD;

</StackTrace>
        </ErrorInfo>
      </Output>
    </UnitTestResult>
    <UnitTestResult executionId="cf23029b-e8e4-453f-9c55-04486fd20267" testId="38155103-8743-bcf6-394d-3fa795958a27" testName="ShouldComputeICV_ForEmptySet" computerName="XPS-STEF" duration="00:00:00.0006990" startTime="2025-11-04T20:38:06.8020740-05:00" endTime="2025-11-04T20:38:06.8029033-05:00" testType="13cdc9d9-ddb5-4fa4-a97d-d965ccfc6d4b" outcome="Passed" testListId="8c84fa94-04c1-424b-9868-57a2d4851a1d" relativeResultsDirectory="cf23029b-e8e4-453f-9c55-04486fd20267" />
    <UnitTestResult executionId="69ba1f8c-469c-4244-bd11-62c410b516a7" testId="001865af-7cf5-8004-614c-0492972534d9" testName="ShouldReturnEmpty_WhenNoPathExists" computerName="XPS-STEF" duration="00:00:00.0005620" startTime="2025-11-04T20:38:06.8798257-05:00" endTime="2025-11-04T20:38:06.8803890-05:00" testType="13cdc9d9-ddb5-4fa4-a97d-d965ccfc6d4b" outcome="Failed" testListId="8c84fa94-04c1-424b-9868-57a2d4851a1d" relativeResultsDirectory="69ba1f8c-469c-4244-bd11-62c410b516a7">
      <Output>
        <ErrorInfo>
          <Message>GA.Business.Core.Atonal.PitchClassSetParseException : Exception of type 'GA.Business.Core.Atonal.PitchClassSetParseException' was thrown.</Message>
          <StackTrace>   at GA.Business.Core.Atonal.PitchClassSet.Parse(String s, IFormatProvider provider) in /_/Common/GA.Business.Core/Atonal/PitchClassSet.cs:line 42&#xD;
   at GA.Business.Core.Tests.Atonal.Grothendieck.GrothendieckServiceTests.FindShortestPath.ShouldReturnEmpty_WhenNoPathExists() in C:\Users\spare\source\repos\ga\Tests\Common\GA.Business.Core.Tests\Atonal\Grothendieck\GrothendieckServiceTests.cs:line 293&#xD;
   at System.RuntimeMethodHandle.InvokeMethod(Object target, Void** arguments, Signature sig, Boolean isConstructor)&#xD;
   at System.Reflection.MethodBaseInvoker.InvokeWithNoArgs(Object obj, BindingFlags invokeAttr)
</StackTrace>
        </ErrorInfo>
      </Output>
    </UnitTestResult>
    <UnitTestResult executionId="cbfedb82-10b5-4ca8-aca4-a5b7eb16fa2f" testId="8ccbd749-f4e8-febc-bc7c-cbaef20fba83" testName="Solve_ShouldPopulateSolutionMetadata" computerName="XPS-STEF" duration="00:00:00.0267360" startTime="2025-11-04T20:40:00.7813721-05:00" endTime="2025-11-04T20:40:00.8081090-05:00" testType="13cdc9d9-ddb5-4fa4-a97d-d965ccfc6d4b" outcome="Passed" testListId="8c84fa94-04c1-424b-9868-57a2d4851a1d" relativeResultsDirectory="cbfedb82-10b5-4ca8-aca4-a5b7eb16fa2f" />
    <UnitTestResult executionId="93dbe57f-c228-47d4-b261-70dfc0cf24c0" testId="8839a01e-4c77-5557-e686-f274b5aaa27c" testName="SpecializedTuningsService_ShouldLoadAndQueryTunings" computerName="XPS-STEF" duration="00:00:00.0017680" startTime="2025-11-04T20:38:09.2485329-05:00" endTime="2025-11-04T20:38:09.2503006-05:00" testType="13cdc9d9-ddb5-4fa4-a97d-d965ccfc6d4b" outcome="Failed" testListId="8c84fa94-04c1-424b-9868-57a2d4851a1d" relativeResultsDirectory="93dbe57f-c228-47d4-b261-70dfc0cf24c0">
      <Output>
        <ErrorInfo>
          <Message>  Should load specialized tunings from YAML&#xD;
Assert.That(allTunings, Is.Not.Empty)&#xD;
  Expected: not &lt;empty&gt;&#xD;
  But was:  &lt;empty&gt;&#xD;
</Message>
          <StackTrace>   at GA.Business.Core.Tests.Configuration.MusicalKnowledgeServiceTests.SpecializedTuningsService_ShouldLoadAndQueryTunings() in C:\Users\spare\source\repos\ga\Tests\Common\GA.Business.Core.Tests\Configuration\MusicalKnowledgeServiceTests.cs:line 205&#xD;

1)    at GA.Business.Core.Tests.Configuration.MusicalKnowledgeServiceTests.SpecializedTuningsService_ShouldLoadAndQueryTunings() in C:\Users\spare\source\repos\ga\Tests\Common\GA.Business.Core.Tests\Configuration\MusicalKnowledgeServiceTests.cs:line 205&#xD;

</StackTrace>
        </ErrorInfo>
      </Output>
    </UnitTestResult>
    <UnitTestResult executionId="f5d02ea7-eed9-4b0e-9748-85183bdecb64" testId="3101e3e2-d24c-90bf-2f8e-b68b2286e8f6" testName="Test_PitchClassSet_IsPrimeForm_True" computerName="XPS-STEF" duration="00:00:00.0002910" startTime="2025-11-04T20:38:08.3624218-05:00" endTime="2025-11-04T20:38:08.3627125-05:00" testType="13cdc9d9-ddb5-4fa4-a97d-d965ccfc6d4b" outcome="Passed" testListId="8c84fa94-04c1-424b-9868-57a2d4851a1d" relativeResultsDirectory="f5d02ea7-eed9-4b0e-9748-85183bdecb64" />
    <UnitTestResult executionId="3bcd681b-aa33-41ac-a412-176526596bf2" testId="ceee4a56-fb30-f56c-8afd-ea3f3122fabc" testName="CapoSimulation_NoCapo_ShouldHaveZeroCapoPosition" computerName="XPS-STEF" duration="00:00:00.2535050" startTime="2025-11-04T20:38:38.5584815-05:00" endTime="2025-11-04T20:38:38.8119891-05:00" testType="13cdc9d9-ddb5-4fa4-a97d-d965ccfc6d4b" outcome="Passed" testListId="8c84fa94-04c1-424b-9868-57a2d4851a1d" relativeResultsDirectory="3bcd681b-aa33-41ac-a412-176526596bf2" />
    <UnitTestResult executionId="9c3b7414-b8e5-4f35-947b-c370ee7f7e22" testId="589b6093-6817-03ff-d25a-7234a58b8efd" testName="Set_ThenTryGet_ReturnsTrue" computerName="XPS-STEF" duration="00:00:00.0195980" startTime="2025-11-04T20:40:01.6730635-05:00" endTime="2025-11-04T20:40:01.6926622-05:00" testType="13cdc9d9-ddb5-4fa4-a97d-d965ccfc6d4b" outcome="Passed" testListId="8c84fa94-04c1-424b-9868-57a2d4851a1d" relativeResultsDirectory="9c3b7414-b8e5-4f35-947b-c370ee7f7e22" />
    <UnitTestResult executionId="bedc7312-a3af-4bcc-8d94-12acdc283ede" testId="71427db1-ee15-0a44-dbb8-c32721b2c3cb" testName="AllFingers_ShouldHaveValidFingertipPositions" computerName="XPS-STEF" duration="00:00:00.0011379" startTime="2025-11-04T20:39:47.0455230-05:00" endTime="2025-11-04T20:39:47.0466607-05:00" testType="13cdc9d9-ddb5-4fa4-a97d-d965ccfc6d4b" outcome="Passed" testListId="8c84fa94-04c1-424b-9868-57a2d4851a1d" relativeResultsDirectory="bedc7312-a3af-4bcc-8d94-12acdc283ede" />
    <UnitTestResult executionId="02bc619c-8508-44d6-9a6c-b9d1ffe2e8aa" testId="454e7cd2-053b-4393-b634-3f35dcc31517" testName="ChordTemplateNamingService_ShouldGetAllNamingOptions" computerName="XPS-STEF" duration="00:00:00.0019589" startTime="2025-11-04T20:38:08.7087889-05:00" endTime="2025-11-04T20:38:08.7107477-05:00" testType="13cdc9d9-ddb5-4fa4-a97d-d965ccfc6d4b" outcome="Passed" testListId="8c84fa94-04c1-424b-9868-57a2d4851a1d" relativeResultsDirectory="02bc619c-8508-44d6-9a6c-b9d1ffe2e8aa" />
    <UnitTestResult executionId="c52fb655-82c7-4271-9d03-acddca3c6a6e" testId="0921d9f9-f291-b23f-b63c-5bbf3d4bfc98" testName="Capo_At_ShouldCreateValidCapo" computerName="XPS-STEF" duration="00:00:00.0007200" startTime="2025-11-04T20:38:36.0059130-05:00" endTime="2025-11-04T20:38:36.0066335-05:00" testType="13cdc9d9-ddb5-4fa4-a97d-d965ccfc6d4b" outcome="Passed" testListId="8c84fa94-04c1-424b-9868-57a2d4851a1d" relativeResultsDirectory="c52fb655-82c7-4271-9d03-acddca3c6a6e" />
    <UnitTestResult executionId="b84d93d1-fad9-400d-9ae2-f268b7d56b75" testId="fcb78042-18f4-6e90-7f3c-d759b4830d22" testName="Analyze_CompactVoicing_RewardsEfficiency" computerName="XPS-STEF" duration="00:00:00.0004350" startTime="2025-11-04T20:39:47.0331284-05:00" endTime="2025-11-04T20:39:47.0335631-05:00" testType="13cdc9d9-ddb5-4fa4-a97d-d965ccfc6d4b" outcome="Passed" testListId="8c84fa94-04c1-424b-9868-57a2d4851a1d" relativeResultsDirectory="b84d93d1-fad9-400d-9ae2-f268b7d56b75" />
    <UnitTestResult executionId="7fc2cc93-929e-4e71-8c1d-0fb00aefcbab" testId="3a554897-704d-40d4-2509-e39b5ccd6925" testName="Cache_FirstAccess_ShouldBeCacheMiss" computerName="XPS-STEF" duration="00:00:01.2759710" startTime="2025-11-04T20:39:06.5220489-05:00" endTime="2025-11-04T20:39:07.7980326-05:00" testType="13cdc9d9-ddb5-4fa4-a97d-d965ccfc6d4b" outcome="Passed" testListId="8c84fa94-04c1-424b-9868-57a2d4851a1d" relativeResultsDirectory="7fc2cc93-929e-4e71-8c1d-0fb00aefcbab" />
    <UnitTestResult executionId="e10a1a4e-704f-4354-bd08-2ad7c87966a2" testId="b1a8d203-ec8c-42f0-8d64-2e39ad5c9ee8" testName="Chat_ChordDiagram_ShouldReturnDiagramInfo" computerName="XPS-STEF" duration="00:00:04.1087880" startTime="2025-11-04T20:37:23.1512574-05:00" endTime="2025-11-04T20:37:27.2600866-05:00" testType="13cdc9d9-ddb5-4fa4-a97d-d965ccfc6d4b" outcome="Failed" testListId="8c84fa94-04c1-424b-9868-57a2d4851a1d" relativeResultsDirectory="e10a1a4e-704f-4354-bd08-2ad7c87966a2">
      <Output>
        <StdOut>────────────────────────────────────────────────────────────────────────────────&#xD;
TEST: Chat_ChordDiagram_ShouldReturnDiagramInfo&#xD;
────────────────────────────────────────────────────────────────────────────────&#xD;
&#xD;
\ud83d\udce4 REQUEST:&#xD;
   Method:    POST&#xD;
   Endpoint:  /api/chatbot/chat&#xD;
   Timestamp: 2025-11-04 20:37:23.160&#xD;
   Body:&#xD;
      {&#xD;
&#xD;
        "message": "Show me how to play a G major chord",&#xD;
&#xD;
        "useSemanticSearch": false&#xD;
&#xD;
      }&#xD;
&#xD;
────────────────────────────────────────────────────────────────────────────────&#xD;
TEST COMPLETED&#xD;
────────────────────────────────────────────────────────────────────────────────</StdOut>
        <ErrorInfo>
          <Message>System.Net.Http.HttpRequestException : No connection could be made because the target machine actively refused it. (localhost:7001)&#xD;
  ----&gt; System.Net.Sockets.SocketException : No connection could be made because the target machine actively refused it.</Message>
          <StackTrace>   at System.Net.Http.HttpConnectionPool.ConnectToTcpHostAsync(String host, Int32 port, HttpRequestMessage initialRequest, Boolean async, CancellationToken cancellationToken)&#xD;
   at System.Net.Http.HttpConnectionPool.ConnectAsync(HttpRequestMessage request, Boolean async, CancellationToken cancellationToken)&#xD;
   at System.Net.Http.HttpConnectionPool.CreateHttp11ConnectionAsync(HttpRequestMessage request, Boolean async, CancellationToken cancellationToken)&#xD;
   at System.Net.Http.HttpConnectionPool.InjectNewHttp11ConnectionAsync(QueueItem queueItem)&#xD;
   at System.Threading.Tasks.TaskCompletionSourceWithCancellation`1.WaitWithCancellationAsync(CancellationToken cancellationToken)&#xD;
   at System.Net.Http.HttpConnectionPool.SendWithVersionDetectionAndRetryAsync(HttpRequestMessage request, Boolean async, Boolean doRequestAuth, CancellationToken cancellationToken)&#xD;
   at System.Net.Http.RedirectHandler.SendAsync(HttpRequestMessage request, Boolean async, CancellationToken cancellationToken)&#xD;
   at System.Net.Http.HttpClient.&lt;SendAsync&gt;g__Core|83_0(HttpRequestMessage request, HttpCompletionOption completionOption, CancellationTokenSource cts, Boolean disposeCts, CancellationTokenSource pendingRequestsCts, CancellationToken originalCancellationToken)&#xD;
   at GA.Business.Core.Tests.AI.ChatbotIntegrationTests.Chat_ChordDiagram_ShouldReturnDiagramInfo() in C:\Users\spare\source\repos\ga\Tests\Common\GA.Business.Core.Tests\AI\ChatbotIntegrationTests.cs:line 438&#xD;
   at NUnit.Framework.Internal.TaskAwaitAdapter.GenericAdapter`1.BlockUntilCompleted()&#xD;
   at NUnit.Framework.Internal.MessagePumpStrategy.NoMessagePumpStrategy.WaitForCompletion(AwaitAdapter awaiter)&#xD;
   at NUnit.Framework.Internal.AsyncToSyncAdapter.Await[TResult](Func`1 invoke)&#xD;
   at NUnit.Framework.Internal.AsyncToSyncAdapter.Await(Func`1 invoke)&#xD;
   at NUnit.Framework.Internal.Commands.TestMethodCommand.RunTestMethod(TestExecutionContext context)&#xD;
   at NUnit.Framework.Internal.Commands.TestMethodCommand.Execute(TestExecutionContext context)&#xD;
   at NUnit.Framework.Internal.Commands.BeforeAndAfterTestCommand.&lt;&gt;c__DisplayClass1_0.&lt;Execute&gt;b__0()&#xD;
   at NUnit.Framework.Internal.Commands.DelegatingTestCommand.RunTestMethodInThreadAbortSafeZone(TestExecutionContext context, Action action)&#xD;
--SocketException&#xD;
   at System.Net.Sockets.Socket.AwaitableSocketAsyncEventArgs.ThrowException(SocketError error, CancellationToken cancellationToken)&#xD;
   at System.Net.Sockets.Socket.AwaitableSocketAsyncEventArgs.System.Threading.Tasks.Sources.IValueTaskSource.GetResult(Int16 token)&#xD;
   at System.Net.Sockets.Socket.&lt;ConnectAsync&gt;g__WaitForConnectWithCancellation|285_0(AwaitableSocketAsyncEventArgs saea, ValueTask connectTask, CancellationToken cancellationToken)&#xD;
   at System.Net.Http.HttpConnectionPool.ConnectToTcpHostAsync(String host, Int32 port, HttpRequestMessage initialRequest, Boolean async, CancellationToken cancellationToken)
</StackTrace>
        </ErrorInfo>
      </Output>
    </UnitTestResult>
    <UnitTestResult executionId="5ff1bfd3-3ae0-422a-a1b2-d2f8a733c94b" testId="38a30ab0-08aa-861e-947c-d5e3194cb502" testName="FullyFlexedFinger_ShouldHaveShorterReach" computerName="XPS-STEF" duration="00:00:00.0006970" startTime="2025-11-04T20:39:47.0516732-05:00" endTime="2025-11-04T20:39:47.0523700-05:00" testType="13cdc9d9-ddb5-4fa4-a97d-d965ccfc6d4b" outcome="Passed" testListId="8c84fa94-04c1-424b-9868-57a2d4851a1d" relativeResultsDirectory="5ff1bfd3-3ae0-422a-a1b2-d2f8a733c94b" />
    <UnitTestResult executionId="336c6ff3-bf1d-42f6-9b21-dcd6b3f0c733" testId="d6daa073-85aa-e615-e67d-684a6ea2b177" testName="Cache_DifferentHandSize_ShouldBeCacheMiss" computerName="XPS-STEF" duration="00:00:02.6696160" startTime="2025-11-04T20:39:01.3444336-05:00" endTime="2025-11-04T20:39:04.0140765-05:00" testType="13cdc9d9-ddb5-4fa4-a97d-d965ccfc6d4b" outcome="Passed" testListId="8c84fa94-04c1-424b-9868-57a2d4851a1d" relativeResultsDirectory="336c6ff3-bf1d-42f6-9b21-dcd6b3f0c733" />
    <UnitTestResult executionId="3d2c7b9c-5a42-44d7-bdd7-6db569542108" testId="d8b403c2-4237-b4af-faf8-cc0f8da5f611" testName="Test_PitchClassSet_NormalForm_GMajorTriad" computerName="XPS-STEF" duration="00:00:00.0002660" startTime="2025-11-04T20:38:08.3659064-05:00" endTime="2025-11-04T20:38:08.3661724-05:00" testType="13cdc9d9-ddb5-4fa4-a97d-d965ccfc6d4b" outcome="Passed" testListId="8c84fa94-04c1-424b-9868-57a2d4851a1d" relativeResultsDirectory="3d2c7b9c-5a42-44d7-bdd7-6db569542108" />
    <UnitTestResult executionId="c14e4687-b967-4799-ab9e-75d5eda1ae49" testId="9fe731a4-468c-cdc5-c4f5-69c3bd3c8703" testName="QuintalChord_ShouldStackFifths" computerName="XPS-STEF" duration="00:00:00.0009110" startTime="2025-11-04T20:38:08.8197943-05:00" endTime="2025-11-04T20:38:08.8207053-05:00" testType="13cdc9d9-ddb5-4fa4-a97d-d965ccfc6d4b" outcome="Failed" testListId="8c84fa94-04c1-424b-9868-57a2d4851a1d" relativeResultsDirectory="c14e4687-b967-4799-ab9e-75d5eda1ae49">
      <Output>
        <ErrorInfo>
          <Message>System.TypeInitializationException : The type initializer for '&lt;StartupCode$GA-Business-Config&gt;.$ModesConfig' threw an exception.&#xD;
  ----&gt; System.Exception : Modes_Simple.yaml configuration file not found</Message>
          <StackTrace>   at GA.Business.Config.ModesConfig.get_version()&#xD;
   at GA.Business.Config.ModesConfig.GetVersion() in /_//Common/GA.Business.Config/ModesConfig.fs:line 72&#xD;
   at GA.Business.Core.Config.ModesConfigCache.ReloadIfNeeded() in /_/Common/GA.Business.Core/Config/ModesCacheConfig.cs:line 22&#xD;
   at GA.Business.Core.Config.ModesConfigCache.GetAllModes() in /_/Common/GA.Business.Core/Config/ModesCacheConfig.cs:line 69&#xD;
   at GA.Business.Core.Tonal.Modes.ModalFamilyScaleModeFactory.CreateModesFromFamily(ModalFamily modalFamily) in /_/Common/GA.Business.Core/Tonal/Modes/ModalFamilyScaleModeFactory.cs:line 76&#xD;
   at GA.Business.Core.Chords.ChordTemplateFactory.GenerateFromAllModalFamilies()+MoveNext() in /_/Common/GA.Business.Core/Chords/ChordTemplateFactory.cs:line 62&#xD;
   at GA.Business.Core.Chords.ChordTemplateFactory.GenerateAllPossibleChords()+MoveNext() in /_/Common/GA.Business.Core/Chords/ChordTemplateFactory.cs:line 35&#xD;
   at System.Linq.Enumerable.IEnumerableWhereIterator`1.MoveNext()&#xD;
   at System.Linq.Enumerable.IEnumerableSkipTakeIterator`1.ToList()&#xD;
   at GA.Business.Core.Tests.Chords.ChordStackingTypesTests.QuintalChord_ShouldStackFifths() in C:\Users\spare\source\repos\ga\Tests\Common\GA.Business.Core.Tests\Chords\ChordStackingTypesTests.cs:line 56&#xD;
   at System.RuntimeMethodHandle.InvokeMethod(Object target, Void** arguments, Signature sig, Boolean isConstructor)&#xD;
   at System.Reflection.MethodBaseInvoker.InvokeWithNoArgs(Object obj, BindingFlags invokeAttr)&#xD;
--Exception&#xD;
   at &lt;StartupCode$GA-Business-Config&gt;.$ModesConfig..cctor() in /_//Common/GA.Business.Config/ModesConfig.fs:line 47
</StackTrace>
        </ErrorInfo>
      </Output>
    </UnitTestResult>
    <UnitTestResult executionId="76c46254-7779-46a3-b188-3da0e366476a" testId="5a769f55-c458-f913-734e-fa53d4e7e634" testName="AnalyzeTransition_NoCommonStrings_ReturnsNone" computerName="XPS-STEF" duration="00:00:00.0004010" startTime="2025-11-04T20:40:01.1749868-05:00" endTime="2025-11-04T20:40:01.1753886-05:00" testType="13cdc9d9-ddb5-4fa4-a97d-d965ccfc6d4b" outcome="Passed" testListId="8c84fa94-04c1-424b-9868-57a2d4851a1d" relativeResultsDirectory="76c46254-7779-46a3-b188-3da0e366476a" />
    <UnitTestResult executionId="56a70f71-1fcc-473e-aacd-d4c24a3aac95" testId="f60aca92-6210-0f0e-fad7-5eb0ba1a2b02" testName="GetAllInstruments_ReturnsNonEmptyList" computerName="XPS-STEF" duration="00:00:00.0012130" startTime="2025-11-04T20:38:09.1812416-05:00" endTime="2025-11-04T20:38:09.1825046-05:00" testType="13cdc9d9-ddb5-4fa4-a97d-d965ccfc6d4b" outcome="Failed" testListId="8c84fa94-04c1-424b-9868-57a2d4851a1d" relativeResultsDirectory="56a70f71-1fcc-473e-aacd-d4c24a3aac95">
      <Output>
        <ErrorInfo>
          <Message>  Assert.That(instruments, Is.Not.Empty)&#xD;
  Expected: not &lt;empty&gt;&#xD;
  But was:  &lt;empty&gt;&#xD;
</Message>
          <StackTrace>   at GA.Business.Core.Tests.Config.InstrumentsConfigTests.GetAllInstruments_ReturnsNonEmptyList() in C:\Users\spare\source\repos\ga\Tests\Common\GA.Business.Core.Tests\Config\InstrumentsConfigTests.cs:line 12&#xD;

1)    at GA.Business.Core.Tests.Config.InstrumentsConfigTests.GetAllInstruments_ReturnsNonEmptyList() in C:\Users\spare\source\repos\ga\Tests\Common\GA.Business.Core.Tests\Config\InstrumentsConfigTests.cs:line 12&#xD;

</StackTrace>
        </ErrorInfo>
      </Output>
    </UnitTestResult>
    <UnitTestResult executionId="9d7792ff-ab55-4edd-a22b-900bed79e096" testId="b1c2df03-1d5d-3546-cb1c-3c455911d1ca" testName="ToHandPose_ShouldConvertCorrectly" computerName="XPS-STEF" duration="00:00:00.0005640" startTime="2025-11-04T20:39:47.1355781-05:00" endTime="2025-11-04T20:39:47.1361420-05:00" testType="13cdc9d9-ddb5-4fa4-a97d-d965ccfc6d4b" outcome="Passed" testListId="8c84fa94-04c1-424b-9868-57a2d4851a1d" relativeResultsDirectory="9d7792ff-ab55-4edd-a22b-900bed79e096" />
    <UnitTestResult executionId="5e554c8c-a1b3-4528-991c-a7ad3aed4f6d" testId="cca7231d-de08-e08c-0157-bddb3ef4f566" testName="FitnessBreakdown_ShouldStoreAllComponents" computerName="XPS-STEF" duration="00:00:00.0012190" startTime="2025-11-04T20:39:47.1305825-05:00" endTime="2025-11-04T20:39:47.1318019-05:00" testType="13cdc9d9-ddb5-4fa4-a97d-d965ccfc6d4b" outcome="Passed" testListId="8c84fa94-04c1-424b-9868-57a2d4851a1d" relativeResultsDirectory="5e554c8c-a1b3-4528-991c-a7ad3aed4f6d" />
    <UnitTestResult executionId="e28218ac-038c-4402-aff2-6a189c9a7d22" testId="6805e873-5a0f-d85e-7874-a95778a2e39f" testName="GetAnalyticsByConceptType_ShouldFilterCorrectly" computerName="XPS-STEF" duration="00:00:00.0101560" startTime="2025-11-04T20:38:00.4363495-05:00" endTime="2025-11-04T20:38:00.4465061-05:00" testType="13cdc9d9-ddb5-4fa4-a97d-d965ccfc6d4b" outcome="Passed" testListId="8c84fa94-04c1-424b-9868-57a2d4851a1d" relativeResultsDirectory="e28218ac-038c-4402-aff2-6a189c9a7d22" />
    <UnitTestResult executionId="7e027250-5856-4ae8-b7f5-16f1cc0315a7" testId="4d169c5d-b342-0d41-fd1a-312f74dd7510" testName="FromRotationTranslation_ShouldRotateThenTranslate" computerName="XPS-STEF" duration="00:00:00.0002310" startTime="2025-11-04T20:39:47.0216827-05:00" endTime="2025-11-04T20:39:47.0219139-05:00" testType="13cdc9d9-ddb5-4fa4-a97d-d965ccfc6d4b" outcome="Passed" testListId="8c84fa94-04c1-424b-9868-57a2d4851a1d" relativeResultsDirectory="7e027250-5856-4ae8-b7f5-16f1cc0315a7" />
    <UnitTestResult executionId="113e278d-3d1d-4b70-a0e2-a31758819872" testId="462e517f-2486-18c0-2d76-2185fd1f16a9" testName="ComputeICV_EmptySet_ReturnsZeroVector" computerName="XPS-STEF" duration="00:00:00.1901850" startTime="2025-11-04T20:38:06.2971649-05:00" endTime="2025-11-04T20:38:06.4873512-05:00" testType="13cdc9d9-ddb5-4fa4-a97d-d965ccfc6d4b" outcome="Passed" testListId="8c84fa94-04c1-424b-9868-57a2d4851a1d" relativeResultsDirectory="113e278d-3d1d-4b70-a0e2-a31758819872" />
    <UnitTestResult executionId="79fcd065-27d2-44a0-bd5d-94ce8af6da8a" testId="4f8941b9-bc26-a90c-8126-76505da1bf1d" testName="GenerateRecommendationsAsync_WithAIDisabled_ShouldReturnEmptyList" computerName="XPS-STEF" duration="00:00:00.0036350" startTime="2025-11-04T20:38:00.2043018-05:00" endTime="2025-11-04T20:38:00.2079364-05:00" testType="13cdc9d9-ddb5-4fa4-a97d-d965ccfc6d4b" outcome="Passed" testListId="8c84fa94-04c1-424b-9868-57a2d4851a1d" relativeResultsDirectory="79fcd065-27d2-44a0-bd5d-94ce8af6da8a" />
    <UnitTestResult executionId="879c4aca-2d14-49ad-ba17-e4736db57c63" testId="170b96b3-69cf-b794-a06d-0ade635e2600" testName="Migrate_EmptySource_ReturnsZero" computerName="XPS-STEF" duration="00:00:00.2311930" startTime="2025-11-04T20:38:53.8898554-05:00" endTime="2025-11-04T20:38:54.1210514-05:00" testType="13cdc9d9-ddb5-4fa4-a97d-d965ccfc6d4b" outcome="Passed" testListId="8c84fa94-04c1-424b-9868-57a2d4851a1d" relativeResultsDirectory="879c4aca-2d14-49ad-ba17-e4736db57c63" />
    <UnitTestResult executionId="3ef0a61d-bef5-414e-983d-e642eab98619" testId="850138d6-bfbf-58c5-f24d-96da55330d61" testName="Solve_DiagonalSpreadChord_ShouldRemainStable" computerName="XPS-STEF" duration="00:00:02.7096560" startTime="2025-11-04T20:39:50.3167787-05:00" endTime="2025-11-04T20:39:53.0264620-05:00" testType="13cdc9d9-ddb5-4fa4-a97d-d965ccfc6d4b" outcome="Failed" testListId="8c84fa94-04c1-424b-9868-57a2d4851a1d" relativeResultsDirectory="3ef0a61d-bef5-414e-983d-e642eab98619">
      <Output>
        <StdOut>Solving IK for Cadd9/G diagonal spread...&#xD;
Solution: reachability=0.0, comfort=99.2, naturalness=100.0, efficiency=100.0, stability=99.3, fitness=10954.01&#xD;
Generations=230, avg diversity=0.301, convergence=0.429, time=2707.7ms</StdOut>
        <ErrorInfo>
          <Message>  Assert.That(solution.FitnessDetails.Reachability, Is.GreaterThan(76.0))&#xD;
  Expected: greater than 76.0d&#xD;
  But was:  9.985385116623281E-12d&#xD;
</Message>
          <StackTrace>   at GA.Business.Core.Tests.Fretboard.Biomechanics.IK.InverseKinematicsIntegrationTests.Solve_DiagonalSpreadChord_ShouldRemainStable() in C:\Users\spare\source\repos\ga\Tests\Common\GA.Business.Core.Tests\Fretboard\Biomechanics\IK\InverseKinematicsIntegrationTests.cs:line 335&#xD;

1)    at GA.Business.Core.Tests.Fretboard.Biomechanics.IK.InverseKinematicsIntegrationTests.Solve_DiagonalSpreadChord_ShouldRemainStable() in C:\Users\spare\source\repos\ga\Tests\Common\GA.Business.Core.Tests\Fretboard\Biomechanics\IK\InverseKinematicsIntegrationTests.cs:line 335&#xD;

</StackTrace>
        </ErrorInfo>
      </Output>
    </UnitTestResult>
    <UnitTestResult executionId="d93e6b79-329b-4795-b231-da9b9dfdaa9f" testId="f156816a-dc9e-e19f-c9cb-474c851e48db" testName="Solver_ShouldHonorEnvironmentOverride" computerName="XPS-STEF" duration="00:00:00.0005660" startTime="2025-11-04T20:40:00.4148533-05:00" endTime="2025-11-04T20:40:00.4154197-05:00" testType="13cdc9d9-ddb5-4fa4-a97d-d965ccfc6d4b" outcome="Passed" testListId="8c84fa94-04c1-424b-9868-57a2d4851a1d" relativeResultsDirectory="d93e6b79-329b-4795-b231-da9b9dfdaa9f" />
    <UnitTestResult executionId="bde5a667-23a7-46f4-ab0e-ea0ce174b9c3" testId="9ba2c770-4320-5ccc-490f-357648671af8" testName="ShouldGenerateHeatMap_WithHigherProbabilitiesForNextShapes" computerName="XPS-STEF" duration="00:00:00.0009850" startTime="2025-11-04T20:38:06.9773084-05:00" endTime="2025-11-04T20:38:06.9782938-05:00" testType="13cdc9d9-ddb5-4fa4-a97d-d965ccfc6d4b" outcome="Passed" testListId="8c84fa94-04c1-424b-9868-57a2d4851a1d" relativeResultsDirectory="bde5a667-23a7-46f4-ab0e-ea0ce174b9c3" />
    <UnitTestResult executionId="3d5ab3a8-9cb9-42f7-b2d1-ad746fb913fd" testId="8def6314-7ade-7a61-3f90-3d6ad71034fb" testName="CreateRandom_ShouldGenerateValidAngles" computerName="XPS-STEF" duration="00:00:00.0008190" startTime="2025-11-04T20:39:47.1266551-05:00" endTime="2025-11-04T20:39:47.1274748-05:00" testType="13cdc9d9-ddb5-4fa4-a97d-d965ccfc6d4b" outcome="Passed" testListId="8c84fa94-04c1-424b-9868-57a2d4851a1d" relativeResultsDirectory="3d5ab3a8-9cb9-42f7-b2d1-ad746fb913fd" />
    <UnitTestResult executionId="2cfa559b-7c6d-4e46-81e5-61855eb2e2e9" testId="bb7b8d6e-9a42-1222-7663-dade0a73b9bb" testName="AnalyzeChordPlayability_RollingConfidence_ShouldBeReasonable" computerName="XPS-STEF" duration="00:00:00.2469710" startTime="2025-11-04T20:38:31.9029212-05:00" endTime="2025-11-04T20:38:32.1498948-05:00" testType="13cdc9d9-ddb5-4fa4-a97d-d965ccfc6d4b" outcome="Passed" testListId="8c84fa94-04c1-424b-9868-57a2d4851a1d" relativeResultsDirectory="2cfa559b-7c6d-4e46-81e5-61855eb2e2e9" />
    <UnitTestResult executionId="24347290-febf-46b8-85d2-0c79abd53612" testId="16f92511-0861-e2e4-1fcb-4c12d4c29f99" testName="HandPose_CreateRestPose_ShouldUseRestAngles" computerName="XPS-STEF" duration="00:00:00.0002140" startTime="2025-11-04T20:39:47.0638873-05:00" endTime="2025-11-04T20:39:47.0641017-05:00" testType="13cdc9d9-ddb5-4fa4-a97d-d965ccfc6d4b" outcome="Passed" testListId="8c84fa94-04c1-424b-9868-57a2d4851a1d" relativeResultsDirectory="24347290-febf-46b8-85d2-0c79abd53612" />
    <UnitTestResult executionId="82e9bb11-81a8-4df2-b894-de02c59f8032" testId="e08f8dc0-943d-5eaa-400f-d4571843a5b2" testName="AnalyzeChordPlayability_FullBarreChord_ShouldMentionInReason" computerName="XPS-STEF" duration="00:00:00.2472230" startTime="2025-11-04T20:38:17.0920113-05:00" endTime="2025-11-04T20:38:17.3392369-05:00" testType="13cdc9d9-ddb5-4fa4-a97d-d965ccfc6d4b" outcome="Passed" testListId="8c84fa94-04c1-424b-9868-57a2d4851a1d" relativeResultsDirectory="82e9bb11-81a8-4df2-b894-de02c59f8032" />
    <UnitTestResult executionId="04534ba4-e254-4bb7-890b-0ed9ec1e1d9d" testId="f6fa09d6-0bbd-65b0-a387-6e0ab130c1a2" testName="Multiplication_ShouldComposeTransformations" computerName="XPS-STEF" duration="00:00:00.0002840" startTime="2025-11-04T20:39:47.0280298-05:00" endTime="2025-11-04T20:39:47.0283139-05:00" testType="13cdc9d9-ddb5-4fa4-a97d-d965ccfc6d4b" outcome="Passed" testListId="8c84fa94-04c1-424b-9868-57a2d4851a1d" relativeResultsDirectory="04534ba4-e254-4bb7-890b-0ed9ec1e1d9d" />
    <UnitTestResult executionId="a6d36e50-06cb-444b-b42a-2909040acf4b" testId="bacb63bc-1824-bfe5-c4e6-75d182c28942" testName="Equals_WithSameSetClass_ReturnsTrue" computerName="XPS-STEF" duration="00:00:00.0004790" startTime="2025-11-04T20:38:08.3825724-05:00" endTime="2025-11-04T20:38:08.3830512-05:00" testType="13cdc9d9-ddb5-4fa4-a97d-d965ccfc6d4b" outcome="Passed" testListId="8c84fa94-04c1-424b-9868-57a2d4851a1d" relativeResultsDirectory="a6d36e50-06cb-444b-b42a-2909040acf4b" />
    <UnitTestResult executionId="b6acbb1f-f955-4046-890d-13f2120168ab" testId="5ebedb3f-88a2-5a8f-b90e-1e19ade3f7a4" testName="Thumb_ShouldHaveThreeJoints" computerName="XPS-STEF" duration="00:00:00.0003390" startTime="2025-11-04T20:39:47.0683063-05:00" endTime="2025-11-04T20:39:47.0686456-05:00" testType="13cdc9d9-ddb5-4fa4-a97d-d965ccfc6d4b" outcome="Passed" testListId="8c84fa94-04c1-424b-9868-57a2d4851a1d" relativeResultsDirectory="b6acbb1f-f955-4046-890d-13f2120168ab" />
    <UnitTestResult executionId="a59a3026-2a76-42f4-8243-0bc5822f38d5" testId="410646c4-d90d-3109-1682-51b9b9dd7613" testName="GetCachedHeatMapAsync_ShouldReturnNullForMissingKey" computerName="XPS-STEF" duration="00:00:00.0061870" startTime="2025-11-04T20:38:00.3718994-05:00" endTime="2025-11-04T20:38:00.3780868-05:00" testType="13cdc9d9-ddb5-4fa4-a97d-d965ccfc6d4b" outcome="NotExecuted" testListId="8c84fa94-04c1-424b-9868-57a2d4851a1d" relativeResultsDirectory="a59a3026-2a76-42f4-8243-0bc5822f38d5">
      <Output>
        <StdOut>OneTimeSetUp: Redis Stack not available. Skipping integration tests.</StdOut>
        <ErrorInfo>
          <Message>OneTimeSetUp: Redis Stack not available. Skipping integration tests.</Message>
        </ErrorInfo>
      </Output>
    </UnitTestResult>
    <UnitTestResult executionId="2619eb5e-3c33-4b10-9b67-68b815645df0" testId="9af95f29-9978-d2a9-058e-8f25d5b45ac8" testName="CreateStandardAdult_ShouldHaveFiveFingers" computerName="XPS-STEF" duration="00:00:00.0007060" startTime="2025-11-04T20:39:47.0613114-05:00" endTime="2025-11-04T20:39:47.0620175-05:00" testType="13cdc9d9-ddb5-4fa4-a97d-d965ccfc6d4b" outcome="Passed" testListId="8c84fa94-04c1-424b-9868-57a2d4851a1d" relativeResultsDirectory="2619eb5e-3c33-4b10-9b67-68b815645df0" />
    <UnitTestResult executionId="0707e229-9432-4d14-b924-97311a34c527" testId="dde8ced0-caa6-a195-8988-cb1b956979ea" testName="AnalyzeChordPlayability_DifferentScaleLengths_ShouldAffectDifficulty" computerName="XPS-STEF" duration="00:00:02.6383760" startTime="2025-11-04T20:38:13.6214151-05:00" endTime="2025-11-04T20:38:16.2598179-05:00" testType="13cdc9d9-ddb5-4fa4-a97d-d965ccfc6d4b" outcome="Passed" testListId="8c84fa94-04c1-424b-9868-57a2d4851a1d" relativeResultsDirectory="0707e229-9432-4d14-b924-97311a34c527" />
    <UnitTestResult executionId="8c56ecb6-aecb-440e-a907-d9101294116a" testId="2c1c13c9-21e1-e0bd-7aa5-9bec0f3cdf51" testName="FingertipDirection_ShouldPointAwayFromPalm" computerName="XPS-STEF" duration="00:00:00.0005040" startTime="2025-11-04T20:39:47.0507097-05:00" endTime="2025-11-04T20:39:47.0512133-05:00" testType="13cdc9d9-ddb5-4fa4-a97d-d965ccfc6d4b" outcome="Passed" testListId="8c84fa94-04c1-424b-9868-57a2d4851a1d" relativeResultsDirectory="8c56ecb6-aecb-440e-a907-d9101294116a" />
    <UnitTestResult executionId="3905103f-b843-4d52-a501-d5f12f68fbc2" testId="e32234a0-1259-28d3-d86b-483e341921a6" testName="CreateScaled_ShouldScaleAllDimensions" computerName="XPS-STEF" duration="00:00:00.0020200" startTime="2025-11-04T20:39:47.0579962-05:00" endTime="2025-11-04T20:39:47.0600164-05:00" testType="13cdc9d9-ddb5-4fa4-a97d-d965ccfc6d4b" outcome="Passed" testListId="8c84fa94-04c1-424b-9868-57a2d4851a1d" relativeResultsDirectory="3905103f-b843-4d52-a501-d5f12f68fbc2" />
    <UnitTestResult executionId="95cef149-e89a-4a38-b294-fdd3e009751a" testId="18f10bba-9997-b3ef-8452-c847b02ea2f8" testName="IconicChordsService_ShouldProvideAllArtists" computerName="XPS-STEF" duration="00:00:00.0009550" startTime="2025-11-04T20:38:08.9230281-05:00" endTime="2025-11-04T20:38:08.9239832-05:00" testType="13cdc9d9-ddb5-4fa4-a97d-d965ccfc6d4b" outcome="Failed" testListId="8c84fa94-04c1-424b-9868-57a2d4851a1d" relativeResultsDirectory="95cef149-e89a-4a38-b294-fdd3e009751a">
      <Output>
        <ErrorInfo>
          <Message>  Should provide artists&#xD;
Assert.That(artists, Is.Not.Empty)&#xD;
  Expected: not &lt;empty&gt;&#xD;
  But was:  &lt;empty&gt;&#xD;
</Message>
          <StackTrace>   at GA.Business.Core.Tests.Chords.IconicChordRegistryYamlTests.IconicChordsService_ShouldProvideAllArtists() in C:\Users\spare\source\repos\ga\Tests\Common\GA.Business.Core.Tests\Chords\IconicChordRegistryYamlTests.cs:line 155&#xD;

1)    at GA.Business.Core.Tests.Chords.IconicChordRegistryYamlTests.IconicChordsService_ShouldProvideAllArtists() in C:\Users\spare\source\repos\ga\Tests\Common\GA.Business.Core.Tests\Chords\IconicChordRegistryYamlTests.cs:line 155&#xD;

</StackTrace>
        </ErrorInfo>
      </Output>
    </UnitTestResult>
    <UnitTestResult executionId="e45216a8-6802-411b-a1d2-953f275995a3" testId="0a0b0080-d19d-6202-5e34-e8f1154abe95" testName="ClearAnalytics_ShouldRemoveAllData" computerName="XPS-STEF" duration="00:00:00.0105630" startTime="2025-11-04T20:38:00.3944012-05:00" endTime="2025-11-04T20:38:00.4049633-05:00" testType="13cdc9d9-ddb5-4fa4-a97d-d965ccfc6d4b" outcome="Passed" testListId="8c84fa94-04c1-424b-9868-57a2d4851a1d" relativeResultsDirectory="e45216a8-6802-411b-a1d2-953f275995a3" />
    <UnitTestResult executionId="54ce1a1d-4261-4fee-b776-1397c9f47b17" testId="a9bd6a6f-6cd8-93aa-a6a2-1846610e8fbe" testName="Set_WhenCacheFull_EvictsLRU" computerName="XPS-STEF" duration="00:00:00.0477230" startTime="2025-11-04T20:40:01.6949458-05:00" endTime="2025-11-04T20:40:01.7426694-05:00" testType="13cdc9d9-ddb5-4fa4-a97d-d965ccfc6d4b" outcome="Passed" testListId="8c84fa94-04c1-424b-9868-57a2d4851a1d" relativeResultsDirectory="54ce1a1d-4261-4fee-b776-1397c9f47b17" />
    <UnitTestResult executionId="a803c333-fb06-49da-a7b8-3d37bd8cc279" testId="61f1a28a-d7ab-71e8-764c-7e61dc28fbd8" testName="GetChordsByCharacteristics_ShouldReturnCorrectChords" computerName="XPS-STEF" duration="00:00:00.0011790" startTime="2025-11-04T20:38:09.1548231-05:00" endTime="2025-11-04T20:38:09.1560026-05:00" testType="13cdc9d9-ddb5-4fa4-a97d-d965ccfc6d4b" outcome="Failed" testListId="8c84fa94-04c1-424b-9868-57a2d4851a1d" relativeResultsDirectory="a803c333-fb06-49da-a7b8-3d37bd8cc279">
      <Output>
        <ErrorInfo>
          <Message>System.TypeInitializationException : The type initializer for '&lt;StartupCode$GA-Business-Config&gt;.$ModesConfig' threw an exception.&#xD;
  ----&gt; System.Exception : Modes_Simple.yaml configuration file not found</Message>
          <StackTrace>   at GA.Business.Config.ModesConfig.get_version()&#xD;
   at GA.Business.Config.ModesConfig.GetVersion() in /_//Common/GA.Business.Config/ModesConfig.fs:line 72&#xD;
   at GA.Business.Core.Config.ModesConfigCache.ReloadIfNeeded() in /_/Common/GA.Business.Core/Config/ModesCacheConfig.cs:line 22&#xD;
   at GA.Business.Core.Config.ModesConfigCache.GetAllModes() in /_/Common/GA.Business.Core/Config/ModesCacheConfig.cs:line 69&#xD;
   at GA.Business.Core.Tonal.Modes.ModalFamilyScaleModeFactory.CreateModesFromFamily(ModalFamily modalFamily) in /_/Common/GA.Business.Core/Tonal/Modes/ModalFamilyScaleModeFactory.cs:line 76&#xD;
   at GA.Business.Core.Chords.ChordTemplateFactory.GenerateFromAllModalFamilies()+MoveNext() in /_/Common/GA.Business.Core/Chords/ChordTemplateFactory.cs:line 62&#xD;
   at GA.Business.Core.Chords.ChordTemplateFactory.GenerateAllPossibleChords()+MoveNext() in /_/Common/GA.Business.Core/Chords/ChordTemplateFactory.cs:line 35&#xD;
   at System.Linq.Enumerable.IEnumerableWhereIterator`1.MoveNext()&#xD;
   at System.Linq.Enumerable.IEnumerableSkipTakeIterator`1.ToList()&#xD;
   at GA.Business.Core.Tests.ChordTemplateFactoryTests.GetChordsByCharacteristics_ShouldReturnCorrectChords() in C:\Users\spare\source\repos\ga\Tests\Common\GA.Business.Core.Tests\ChordTemplateFactoryTests.cs:line 14&#xD;
   at System.RuntimeMethodHandle.InvokeMethod(Object target, Void** arguments, Signature sig, Boolean isConstructor)&#xD;
   at System.Reflection.MethodBaseInvoker.InvokeWithNoArgs(Object obj, BindingFlags invokeAttr)&#xD;
--Exception&#xD;
   at &lt;StartupCode$GA-Business-Config&gt;.$ModesConfig..cctor() in /_//Common/GA.Business.Config/ModesConfig.fs:line 47
</StackTrace>
        </ErrorInfo>
      </Output>
    </UnitTestResult>
    <UnitTestResult executionId="34af868b-619d-4219-905a-aa4d4cdad0f2" testId="b323a215-dd39-4303-b93f-5cd6a0a15313" testName="IconicChordRegistry_ShouldLoadFromYamlConfiguration" computerName="XPS-STEF" duration="00:00:00.0006140" startTime="2025-11-04T20:38:08.9221932-05:00" endTime="2025-11-04T20:38:08.9228075-05:00" testType="13cdc9d9-ddb5-4fa4-a97d-d965ccfc6d4b" outcome="Failed" testListId="8c84fa94-04c1-424b-9868-57a2d4851a1d" relativeResultsDirectory="34af868b-619d-4219-905a-aa4d4cdad0f2">
      <Output>
        <ErrorInfo>
          <Message>  Should load chords from YAML configuration&#xD;
Assert.That(allChords, Is.Not.Empty)&#xD;
  Expected: not &lt;empty&gt;&#xD;
  But was:  &lt;empty&gt;&#xD;
</Message>
          <StackTrace>   at GA.Business.Core.Tests.Chords.IconicChordRegistryYamlTests.IconicChordRegistry_ShouldLoadFromYamlConfiguration() in C:\Users\spare\source\repos\ga\Tests\Common\GA.Business.Core.Tests\Chords\IconicChordRegistryYamlTests.cs:line 18&#xD;

1)    at GA.Business.Core.Tests.Chords.IconicChordRegistryYamlTests.IconicChordRegistry_ShouldLoadFromYamlConfiguration() in C:\Users\spare\source\repos\ga\Tests\Common\GA.Business.Core.Tests\Chords\IconicChordRegistryYamlTests.cs:line 18&#xD;

</StackTrace>
        </ErrorInfo>
      </Output>
    </UnitTestResult>
    <UnitTestResult executionId="8b9b3096-3912-4447-a998-bc77f17b8e2a" testId="0c5f3898-aa48-953b-a06c-bed33279e411" testName="Solve_StretchVoicing_ShouldRespectConstraints" computerName="XPS-STEF" duration="00:00:02.3619469" startTime="2025-11-04T20:39:56.5119944-05:00" endTime="2025-11-04T20:39:58.8739652-05:00" testType="13cdc9d9-ddb5-4fa4-a97d-d965ccfc6d4b" outcome="Failed" testListId="8c84fa94-04c1-424b-9868-57a2d4851a1d" relativeResultsDirectory="8b9b3096-3912-4447-a998-bc77f17b8e2a">
      <Output>
        <StdOut>Solving IK for Gadd9 stretch voicing...&#xD;
Solution: reachability=0.0, comfort=98.8, naturalness=100.0, efficiency=100.0, stability=99.3, fitness=10933.79&#xD;
Generations=220, avg diversity=0.287, convergence=0.925, time=2360.7ms</StdOut>
        <ErrorInfo>
          <Message>  Assert.That(solution.FitnessDetails.Reachability, Is.GreaterThan(75.0))&#xD;
  Expected: greater than 75.0d&#xD;
  But was:  1.1317761287597836E-18d&#xD;
</Message>
          <StackTrace>   at GA.Business.Core.Tests.Fretboard.Biomechanics.IK.InverseKinematicsIntegrationTests.Solve_StretchVoicing_ShouldRespectConstraints() in C:\Users\spare\source\repos\ga\Tests\Common\GA.Business.Core.Tests\Fretboard\Biomechanics\IK\InverseKinematicsIntegrationTests.cs:line 244&#xD;

1)    at GA.Business.Core.Tests.Fretboard.Biomechanics.IK.InverseKinematicsIntegrationTests.Solve_StretchVoicing_ShouldRespectConstraints() in C:\Users\spare\source\repos\ga\Tests\Common\GA.Business.Core.Tests\Fretboard\Biomechanics\IK\InverseKinematicsIntegrationTests.cs:line 244&#xD;

</StackTrace>
        </ErrorInfo>
      </Output>
    </UnitTestResult>
    <UnitTestResult executionId="05c017e9-51dd-4914-9d56-054d2661e0ce" testId="a58942d3-4498-647c-a6bc-afa5b362407a" testName="AnalyzeChordPlayability_HandSizeLarge_ShouldDecreaseStretchDifficulty" computerName="XPS-STEF" duration="00:00:02.1720000" startTime="2025-11-04T20:38:20.7509095-05:00" endTime="2025-11-04T20:38:22.9229313-05:00" testType="13cdc9d9-ddb5-4fa4-a97d-d965ccfc6d4b" outcome="Passed" testListId="8c84fa94-04c1-424b-9868-57a2d4851a1d" relativeResultsDirectory="05c017e9-51dd-4914-9d56-054d2661e0ce" />
    <UnitTestResult executionId="c31d29bc-700c-4f02-81b8-58fde1345719" testId="a7deb342-c7b2-93de-8f72-fca95254dd89" testName="GetStatistics_ReturnsCorrectCounts" computerName="XPS-STEF" duration="00:00:00.0461770" startTime="2025-11-04T20:40:01.4398269-05:00" endTime="2025-11-04T20:40:01.4860048-05:00" testType="13cdc9d9-ddb5-4fa4-a97d-d965ccfc6d4b" outcome="Passed" testListId="8c84fa94-04c1-424b-9868-57a2d4851a1d" relativeResultsDirectory="c31d29bc-700c-4f02-81b8-58fde1345719" />
    <UnitTestResult executionId="7851e14d-566b-41c5-b559-977942fceb5e" testId="71facbe5-b8bc-f20d-efb3-f75eae1872d7" testName="Set_MultipleTimes_UpdatesEntry" computerName="XPS-STEF" duration="00:00:00.0324150" startTime="2025-11-04T20:40:01.6404363-05:00" endTime="2025-11-04T20:40:01.6728520-05:00" testType="13cdc9d9-ddb5-4fa4-a97d-d965ccfc6d4b" outcome="Passed" testListId="8c84fa94-04c1-424b-9868-57a2d4851a1d" relativeResultsDirectory="7851e14d-566b-41c5-b559-977942fceb5e" />
    <UnitTestResult executionId="a2554db6-8c27-4080-99c3-a444cedbd27d" testId="6e65fdff-a35c-fbed-71a6-170c8480cd14" testName="Analyze_SimpleChord_ReturnsEfficient" computerName="XPS-STEF" duration="00:00:00.0006810" startTime="2025-11-04T20:39:47.0405226-05:00" endTime="2025-11-04T20:39:47.0412038-05:00" testType="13cdc9d9-ddb5-4fa4-a97d-d965ccfc6d4b" outcome="Passed" testListId="8c84fa94-04c1-424b-9868-57a2d4851a1d" relativeResultsDirectory="a2554db6-8c27-4080-99c3-a444cedbd27d" />
    <UnitTestResult executionId="6dd4cda7-fbd1-4559-9825-589aed950727" testId="855685b3-d976-38a7-35c2-d641057dd449" testName="ShouldFindNearby_OrderedByCost" computerName="XPS-STEF" duration="00:00:00.0008600" startTime="2025-11-04T20:38:06.8415265-05:00" endTime="2025-11-04T20:38:06.8423887-05:00" testType="13cdc9d9-ddb5-4fa4-a97d-d965ccfc6d4b" outcome="Failed" testListId="8c84fa94-04c1-424b-9868-57a2d4851a1d" relativeResultsDirectory="6dd4cda7-fbd1-4559-9825-589aed950727">
      <Output>
        <ErrorInfo>
          <Message>GA.Business.Core.Atonal.PitchClassSetParseException : Exception of type 'GA.Business.Core.Atonal.PitchClassSetParseException' was thrown.</Message>
          <StackTrace>   at GA.Business.Core.Atonal.PitchClassSet.Parse(String s, IFormatProvider provider) in /_/Common/GA.Business.Core/Atonal/PitchClassSet.cs:line 42&#xD;
   at GA.Business.Core.Tests.Atonal.Grothendieck.GrothendieckServiceTests.FindNearby.ShouldFindNearby_OrderedByCost() in C:\Users\spare\source\repos\ga\Tests\Common\GA.Business.Core.Tests\Atonal\Grothendieck\GrothendieckServiceTests.cs:line 226&#xD;
   at System.RuntimeMethodHandle.InvokeMethod(Object target, Void** arguments, Signature sig, Boolean isConstructor)&#xD;
   at System.Reflection.MethodBaseInvoker.InvokeWithNoArgs(Object obj, BindingFlags invokeAttr)
</StackTrace>
        </ErrorInfo>
      </Output>
    </UnitTestResult>
    <UnitTestResult executionId="86dff347-fa42-42c6-be3e-8e9838b56327" testId="f0556a43-ffb6-ed94-64fa-b01c0a74b709" testName="IconicChordsService_ShouldValidateConfiguration" computerName="XPS-STEF" duration="00:00:00.0010480" startTime="2025-11-04T20:38:08.9311574-05:00" endTime="2025-11-04T20:38:08.9322050-05:00" testType="13cdc9d9-ddb5-4fa4-a97d-d965ccfc6d4b" outcome="Passed" testListId="8c84fa94-04c1-424b-9868-57a2d4851a1d" relativeResultsDirectory="86dff347-fa42-42c6-be3e-8e9838b56327" />
    <UnitTestResult executionId="7470f507-a01f-459c-ad1a-5f5ce312470c" testId="ffc4055c-a21e-b2c9-1cfe-0ae7df580f5a" testName="CreateDiatonicSevenths_ShouldCreateSevenSeventhChords" computerName="XPS-STEF" duration="00:00:00.0014989" startTime="2025-11-04T20:38:09.0358412-05:00" endTime="2025-11-04T20:38:09.0373405-05:00" testType="13cdc9d9-ddb5-4fa4-a97d-d965ccfc6d4b" outcome="Passed" testListId="8c84fa94-04c1-424b-9868-57a2d4851a1d" relativeResultsDirectory="7470f507-a01f-459c-ad1a-5f5ce312470c" />
    <UnitTestResult executionId="7cdaea7e-917f-4cf8-b3de-7e9b7cb126e3" testId="61786f91-1f93-c3dd-0f5c-845bddc427e2" testName="ShouldComputeICV_InLessThan1ms" computerName="XPS-STEF" duration="00:00:00.0007020" startTime="2025-11-04T20:38:06.8953038-05:00" endTime="2025-11-04T20:38:06.8960119-05:00" testType="13cdc9d9-ddb5-4fa4-a97d-d965ccfc6d4b" outcome="Failed" testListId="8c84fa94-04c1-424b-9868-57a2d4851a1d" relativeResultsDirectory="7cdaea7e-917f-4cf8-b3de-7e9b7cb126e3">
      <Output>
        <ErrorInfo>
          <Message>GA.Business.Core.Atonal.PitchClassSetParseException : Exception of type 'GA.Business.Core.Atonal.PitchClassSetParseException' was thrown.</Message>
          <StackTrace>   at GA.Business.Core.Atonal.PitchClassSet.Parse(String s, IFormatProvider provider) in /_/Common/GA.Business.Core/Atonal/PitchClassSet.cs:line 42&#xD;
   at GA.Business.Core.Tests.Atonal.Grothendieck.GrothendieckServiceTests.Performance.ShouldComputeICV_InLessThan1ms() in C:\Users\spare\source\repos\ga\Tests\Common\GA.Business.Core.Tests\Atonal\Grothendieck\GrothendieckServiceTests.cs:line 311&#xD;
   at System.RuntimeMethodHandle.InvokeMethod(Object target, Void** arguments, Signature sig, Boolean isConstructor)&#xD;
   at System.Reflection.MethodBaseInvoker.InvokeWithNoArgs(Object obj, BindingFlags invokeAttr)
</StackTrace>
        </ErrorInfo>
      </Output>
    </UnitTestResult>
    <UnitTestResult executionId="9e546be9-b4a7-4afc-baad-661d980eed7c" testId="96a2dcd5-08fd-6360-a6bf-e9ec087c4948" testName="AnalyzeDataQualityAsync_WithValidConceptType_ShouldReturnAnalysis" computerName="XPS-STEF" duration="00:00:00.0324140" startTime="2025-11-04T20:38:00.1712741-05:00" endTime="2025-11-04T20:38:00.2036872-05:00" testType="13cdc9d9-ddb5-4fa4-a97d-d965ccfc6d4b" outcome="Passed" testListId="8c84fa94-04c1-424b-9868-57a2d4851a1d" relativeResultsDirectory="9e546be9-b4a7-4afc-baad-661d980eed7c" />
    <UnitTestResult executionId="3acdccad-c79b-4853-a283-2ca4c4713877" testId="b41ecc0f-8573-7355-fc38-5166363505f1" testName="Solve_FBarreShape_ShouldMaintainReachability" computerName="XPS-STEF" duration="00:00:01.9465320" startTime="2025-11-04T20:39:53.0276714-05:00" endTime="2025-11-04T20:39:54.9742225-05:00" testType="13cdc9d9-ddb5-4fa4-a97d-d965ccfc6d4b" outcome="Failed" testListId="8c84fa94-04c1-424b-9868-57a2d4851a1d" relativeResultsDirectory="3acdccad-c79b-4853-a283-2ca4c4713877">
      <Output>
        <StdOut>Solving IK for F barre chord...&#xD;
Solution: reachability=0.0, comfort=98.9, naturalness=100.0, efficiency=100.0, stability=99.3, fitness=10939.17&#xD;
Generations=200, avg diversity=0.322, convergence=0.977, time=1937.4ms</StdOut>
        <ErrorInfo>
          <Message>  Assert.That(solution.FitnessDetails.Reachability, Is.GreaterThan(78.0))&#xD;
  Expected: greater than 78.0d&#xD;
  But was:  2.7176835715489692E-12d&#xD;
</Message>
          <StackTrace>   at GA.Business.Core.Tests.Fretboard.Biomechanics.IK.InverseKinematicsIntegrationTests.Solve_FBarreShape_ShouldMaintainReachability() in C:\Users\spare\source\repos\ga\Tests\Common\GA.Business.Core.Tests\Fretboard\Biomechanics\IK\InverseKinematicsIntegrationTests.cs:line 202&#xD;

1)    at GA.Business.Core.Tests.Fretboard.Biomechanics.IK.InverseKinematicsIntegrationTests.Solve_FBarreShape_ShouldMaintainReachability() in C:\Users\spare\source\repos\ga\Tests\Common\GA.Business.Core.Tests\Fretboard\Biomechanics\IK\InverseKinematicsIntegrationTests.cs:line 202&#xD;

</StackTrace>
        </ErrorInfo>
      </Output>
    </UnitTestResult>
    <UnitTestResult executionId="23cbdfcc-0134-4090-a6f7-54f37126835f" testId="b0c8b23f-2bc9-abb7-f12c-dbb66e87c21b" testName="ShouldComputeHarmonicCost_AsL1Norm" computerName="XPS-STEF" duration="00:00:00.0014060" startTime="2025-11-04T20:38:06.7568422-05:00" endTime="2025-11-04T20:38:06.7582499-05:00" testType="13cdc9d9-ddb5-4fa4-a97d-d965ccfc6d4b" outcome="Failed" testListId="8c84fa94-04c1-424b-9868-57a2d4851a1d" relativeResultsDirectory="23cbdfcc-0134-4090-a6f7-54f37126835f">
      <Output>
        <ErrorInfo>
          <Message>  Assert.That(cost, Is.EqualTo(5.4))&#xD;
  Expected: 5.4000000000000004d&#xD;
  But was:  5.3999999999999995d&#xD;
</Message>
          <StackTrace>   at GA.Business.Core.Tests.Atonal.Grothendieck.GrothendieckServiceTests.ComputeHarmonicCost.ShouldComputeHarmonicCost_AsL1Norm() in C:\Users\spare\source\repos\ga\Tests\Common\GA.Business.Core.Tests\Atonal\Grothendieck\GrothendieckServiceTests.cs:line 178&#xD;

1)    at GA.Business.Core.Tests.Atonal.Grothendieck.GrothendieckServiceTests.ComputeHarmonicCost.ShouldComputeHarmonicCost_AsL1Norm() in C:\Users\spare\source\repos\ga\Tests\Common\GA.Business.Core.Tests\Atonal\Grothendieck\GrothendieckServiceTests.cs:line 178&#xD;

</StackTrace>
        </ErrorInfo>
      </Output>
    </UnitTestResult>
    <UnitTestResult executionId="29ad1cd3-85cf-4889-b4b2-fb9bededa962" testId="cf2ceb92-c29f-fa1b-7055-d33f20567869" testName="IndexFinger_ShouldHaveFourJoints" computerName="XPS-STEF" duration="00:00:00.0006450" startTime="2025-11-04T20:39:47.0643231-05:00" endTime="2025-11-04T20:39:47.0649686-05:00" testType="13cdc9d9-ddb5-4fa4-a97d-d965ccfc6d4b" outcome="Passed" testListId="8c84fa94-04c1-424b-9868-57a2d4851a1d" relativeResultsDirectory="29ad1cd3-85cf-4889-b4b2-fb9bededa962" />
    <UnitTestResult executionId="707382d7-bac7-4ae3-a8b8-0c1042b7a61b" testId="fe694cd4-c093-17bb-e65f-d1f616ca3a1d" testName="FromTranslation_ShouldTranslatePoint" computerName="XPS-STEF" duration="00:00:00.0004040" startTime="2025-11-04T20:39:47.0241264-05:00" endTime="2025-11-04T20:39:47.0245309-05:00" testType="13cdc9d9-ddb5-4fa4-a97d-d965ccfc6d4b" outcome="Passed" testListId="8c84fa94-04c1-424b-9868-57a2d4851a1d" relativeResultsDirectory="707382d7-bac7-4ae3-a8b8-0c1042b7a61b" />
    <UnitTestResult executionId="4586ad24-fa3c-47ce-a107-7a22f3715328" testId="85031fca-7bc7-5028-2e5a-596b61cfee38" testName="IsAcceptable_LowReachability_ShouldReturnFalse" computerName="XPS-STEF" duration="00:00:00.0002100" startTime="2025-11-04T20:40:00.4165281-05:00" endTime="2025-11-04T20:40:00.4167385-05:00" testType="13cdc9d9-ddb5-4fa4-a97d-d965ccfc6d4b" outcome="Passed" testListId="8c84fa94-04c1-424b-9868-57a2d4851a1d" relativeResultsDirectory="4586ad24-fa3c-47ce-a107-7a22f3715328" />
    <UnitTestResult executionId="ba39deba-5367-4be8-8489-68a8295e475e" testId="c7667790-9524-db74-80d8-088f959fa125" testName="Test_PitchClassSet_Id" computerName="XPS-STEF" duration="00:00:00.0003060" startTime="2025-11-04T20:38:08.3579779-05:00" endTime="2025-11-04T20:38:08.3582844-05:00" testType="13cdc9d9-ddb5-4fa4-a97d-d965ccfc6d4b" outcome="Passed" testListId="8c84fa94-04c1-424b-9868-57a2d4851a1d" relativeResultsDirectory="ba39deba-5367-4be8-8489-68a8295e475e" />
    <UnitTestResult executionId="ff3244b2-118e-487c-80b9-ea0b0e7b585e" testId="b59b7a7f-ce39-7378-dbcc-6cf52d6c7367" testName="AnalyzeChordPlayability_ShouldPopulateAllMetrics" computerName="XPS-STEF" duration="00:00:00.2445850" startTime="2025-11-04T20:38:32.1502442-05:00" endTime="2025-11-04T20:38:32.3948321-05:00" testType="13cdc9d9-ddb5-4fa4-a97d-d965ccfc6d4b" outcome="Passed" testListId="8c84fa94-04c1-424b-9868-57a2d4851a1d" relativeResultsDirectory="ff3244b2-118e-487c-80b9-ea0b0e7b585e" />
    <UnitTestResult executionId="f93a0a5d-c9ed-4058-b40a-5e04a3371e93" testId="0b1f39f7-25b1-3921-6fb7-917e57d2a9b5" testName="CacheHeatMapAsync_ShouldStoreAndRetrieve" computerName="XPS-STEF" duration="00:00:00.0020350" startTime="2025-11-04T20:38:00.3718994-05:00" endTime="2025-11-04T20:38:00.3739341-05:00" testType="13cdc9d9-ddb5-4fa4-a97d-d965ccfc6d4b" outcome="NotExecuted" testListId="8c84fa94-04c1-424b-9868-57a2d4851a1d" relativeResultsDirectory="f93a0a5d-c9ed-4058-b40a-5e04a3371e93">
      <Output>
        <StdOut>OneTimeSetUp: Redis Stack not available. Skipping integration tests.</StdOut>
        <ErrorInfo>
          <Message>OneTimeSetUp: Redis Stack not available. Skipping integration tests.</Message>
        </ErrorInfo>
      </Output>
    </UnitTestResult>
    <UnitTestResult executionId="d975b9a8-b474-40a0-9a21-f3d68ed76d61" testId="4baa1b70-869e-baa8-49e6-438f701570d7" testName="IconicChordRegistry_ShouldFindChordsByGuitarVoicing" computerName="XPS-STEF" duration="00:00:00.0009240" startTime="2025-11-04T20:38:08.9145011-05:00" endTime="2025-11-04T20:38:08.9154255-05:00" testType="13cdc9d9-ddb5-4fa4-a97d-d965ccfc6d4b" outcome="Failed" testListId="8c84fa94-04c1-424b-9868-57a2d4851a1d" relativeResultsDirectory="d975b9a8-b474-40a0-9a21-f3d68ed76d61">
      <Output>
        <ErrorInfo>
          <Message>  Should find chords by guitar voicing&#xD;
Assert.That(matchingChords, Is.Not.Empty)&#xD;
  Expected: not &lt;empty&gt;&#xD;
  But was:  &lt;empty&gt;&#xD;
</Message>
          <StackTrace>   at GA.Business.Core.Tests.Chords.IconicChordRegistryYamlTests.IconicChordRegistry_ShouldFindChordsByGuitarVoicing() in C:\Users\spare\source\repos\ga\Tests\Common\GA.Business.Core.Tests\Chords\IconicChordRegistryYamlTests.cs:line 121&#xD;

1)    at GA.Business.Core.Tests.Chords.IconicChordRegistryYamlTests.IconicChordRegistry_ShouldFindChordsByGuitarVoicing() in C:\Users\spare\source\repos\ga\Tests\Common\GA.Business.Core.Tests\Chords\IconicChordRegistryYamlTests.cs:line 121&#xD;

</StackTrace>
        </ErrorInfo>
      </Output>
    </UnitTestResult>
    <UnitTestResult executionId="98b0d0e5-efad-4c3c-971a-e56205058749" testId="5554cf9c-e0bf-2c77-b0a2-67a20dfbc4b3" testName="AnalyzeChordPlayability_WideStretch_ShouldDetectAndPenalize" computerName="XPS-STEF" duration="00:00:00.6928210" startTime="2025-11-04T20:38:35.1955058-05:00" endTime="2025-11-04T20:38:35.8883335-05:00" testType="13cdc9d9-ddb5-4fa4-a97d-d965ccfc6d4b" outcome="Passed" testListId="8c84fa94-04c1-424b-9868-57a2d4851a1d" relativeResultsDirectory="98b0d0e5-efad-4c3c-971a-e56205058749" />
    <UnitTestResult executionId="bc260575-1be1-4969-8ff5-ab08cae0da21" testId="cf3c76a1-986b-f559-442b-245a435b844e" testName="FretboardDimensions_StandardClassical_ShouldHaveCorrectValues" computerName="XPS-STEF" duration="00:00:00.0003740" startTime="2025-11-04T20:38:39.3304688-05:00" endTime="2025-11-04T20:38:39.3308435-05:00" testType="13cdc9d9-ddb5-4fa4-a97d-d965ccfc6d4b" outcome="Passed" testListId="8c84fa94-04c1-424b-9868-57a2d4851a1d" relativeResultsDirectory="bc260575-1be1-4969-8ff5-ab08cae0da21" />
    <UnitTestResult executionId="889e17a9-a229-4896-ac92-9798d8fd6807" testId="6ed5576e-4de2-82d3-631b-839b75edeb36" testName="Chat_ScaleTheory_ShouldReturnCorrectNotes" computerName="XPS-STEF" duration="00:00:04.0998190" startTime="2025-11-04T20:37:43.6081817-05:00" endTime="2025-11-04T20:37:47.7080427-05:00" testType="13cdc9d9-ddb5-4fa4-a97d-d965ccfc6d4b" outcome="Failed" testListId="8c84fa94-04c1-424b-9868-57a2d4851a1d" relativeResultsDirectory="889e17a9-a229-4896-ac92-9798d8fd6807">
      <Output>
        <StdOut>────────────────────────────────────────────────────────────────────────────────&#xD;
TEST: Chat_ScaleTheory_ShouldReturnCorrectNotes&#xD;
────────────────────────────────────────────────────────────────────────────────&#xD;
&#xD;
\ud83d\udce4 REQUEST:&#xD;
   Method:    POST&#xD;
   Endpoint:  /api/chatbot/chat&#xD;
   Timestamp: 2025-11-04 20:37:43.609&#xD;
   Body:&#xD;
      {&#xD;
&#xD;
        "message": "List the notes in C major scale",&#xD;
&#xD;
        "useSemanticSearch": false&#xD;
&#xD;
      }&#xD;
&#xD;
────────────────────────────────────────────────────────────────────────────────&#xD;
TEST COMPLETED&#xD;
────────────────────────────────────────────────────────────────────────────────</StdOut>
        <ErrorInfo>
          <Message>System.Net.Http.HttpRequestException : No connection could be made because the target machine actively refused it. (localhost:7001)&#xD;
  ----&gt; System.Net.Sockets.SocketException : No connection could be made because the target machine actively refused it.</Message>
          <StackTrace>   at System.Net.Http.HttpConnectionPool.ConnectToTcpHostAsync(String host, Int32 port, HttpRequestMessage initialRequest, Boolean async, CancellationToken cancellationToken)&#xD;
   at System.Net.Http.HttpConnectionPool.ConnectAsync(HttpRequestMessage request, Boolean async, CancellationToken cancellationToken)&#xD;
   at System.Net.Http.HttpConnectionPool.CreateHttp11ConnectionAsync(HttpRequestMessage request, Boolean async, CancellationToken cancellationToken)&#xD;
   at System.Net.Http.HttpConnectionPool.InjectNewHttp11ConnectionAsync(QueueItem queueItem)&#xD;
   at System.Threading.Tasks.TaskCompletionSourceWithCancellation`1.WaitWithCancellationAsync(CancellationToken cancellationToken)&#xD;
   at System.Net.Http.HttpConnectionPool.SendWithVersionDetectionAndRetryAsync(HttpRequestMessage request, Boolean async, Boolean doRequestAuth, CancellationToken cancellationToken)&#xD;
   at System.Net.Http.RedirectHandler.SendAsync(HttpRequestMessage request, Boolean async, CancellationToken cancellationToken)&#xD;
   at System.Net.Http.HttpClient.&lt;SendAsync&gt;g__Core|83_0(HttpRequestMessage request, HttpCompletionOption completionOption, CancellationTokenSource cts, Boolean disposeCts, CancellationTokenSource pendingRequestsCts, CancellationToken originalCancellationToken)&#xD;
   at GA.Business.Core.Tests.AI.ChatbotIntegrationTests.Chat_ScaleTheory_ShouldReturnCorrectNotes() in C:\Users\spare\source\repos\ga\Tests\Common\GA.Business.Core.Tests\AI\ChatbotIntegrationTests.cs:line 284&#xD;
   at NUnit.Framework.Internal.TaskAwaitAdapter.GenericAdapter`1.BlockUntilCompleted()&#xD;
   at NUnit.Framework.Internal.MessagePumpStrategy.NoMessagePumpStrategy.WaitForCompletion(AwaitAdapter awaiter)&#xD;
   at NUnit.Framework.Internal.AsyncToSyncAdapter.Await[TResult](Func`1 invoke)&#xD;
   at NUnit.Framework.Internal.AsyncToSyncAdapter.Await(Func`1 invoke)&#xD;
   at NUnit.Framework.Internal.Commands.TestMethodCommand.RunTestMethod(TestExecutionContext context)&#xD;
   at NUnit.Framework.Internal.Commands.TestMethodCommand.Execute(TestExecutionContext context)&#xD;
   at NUnit.Framework.Internal.Commands.BeforeAndAfterTestCommand.&lt;&gt;c__DisplayClass1_0.&lt;Execute&gt;b__0()&#xD;
   at NUnit.Framework.Internal.Commands.DelegatingTestCommand.RunTestMethodInThreadAbortSafeZone(TestExecutionContext context, Action action)&#xD;
--SocketException&#xD;
   at System.Net.Sockets.Socket.AwaitableSocketAsyncEventArgs.ThrowException(SocketError error, CancellationToken cancellationToken)&#xD;
   at System.Net.Sockets.Socket.AwaitableSocketAsyncEventArgs.System.Threading.Tasks.Sources.IValueTaskSource.GetResult(Int16 token)&#xD;
   at System.Net.Sockets.Socket.&lt;ConnectAsync&gt;g__WaitForConnectWithCancellation|285_0(AwaitableSocketAsyncEventArgs saea, ValueTask connectTask, CancellationToken cancellationToken)&#xD;
   at System.Net.Http.HttpConnectionPool.ConnectToTcpHostAsync(String host, Int32 port, HttpRequestMessage initialRequest, Boolean async, CancellationToken cancellationToken)
</StackTrace>
        </ErrorInfo>
      </Output>
    </UnitTestResult>
    <UnitTestResult executionId="7f53482d-2564-4dd0-8ebc-764a2a9300d4" testId="0def78c9-5f42-7e0e-2d25-661fbe834f86" testName="IconicChordRegistry_ShouldFindJamesBondChord" computerName="XPS-STEF" duration="00:00:00.0005250" startTime="2025-11-04T20:38:08.9210517-05:00" endTime="2025-11-04T20:38:08.9215768-05:00" testType="13cdc9d9-ddb5-4fa4-a97d-d965ccfc6d4b" outcome="Failed" testListId="8c84fa94-04c1-424b-9868-57a2d4851a1d" relativeResultsDirectory="7f53482d-2564-4dd0-8ebc-764a2a9300d4">
      <Output>
        <ErrorInfo>
          <Message>  Should find James Bond Chord&#xD;
Assert.That(bondChord, Is.Not.Null)&#xD;
  Expected: not null&#xD;
  But was:  null&#xD;
</Message>
          <StackTrace>   at GA.Business.Core.Tests.Chords.IconicChordRegistryYamlTests.IconicChordRegistry_ShouldFindJamesBondChord() in C:\Users\spare\source\repos\ga\Tests\Common\GA.Business.Core.Tests\Chords\IconicChordRegistryYamlTests.cs:line 43&#xD;

1)    at GA.Business.Core.Tests.Chords.IconicChordRegistryYamlTests.IconicChordRegistry_ShouldFindJamesBondChord() in C:\Users\spare\source\repos\ga\Tests\Common\GA.Business.Core.Tests\Chords\IconicChordRegistryYamlTests.cs:line 43&#xD;

</StackTrace>
        </ErrorInfo>
      </Output>
    </UnitTestResult>
    <UnitTestResult executionId="c8def67b-49d2-4e1a-b54c-6b22e7c620ae" testId="cfdb8bb8-7db8-9448-a091-f23a236df1cc" testName="AnalyzeTransition_MultipleStringsSlide_HighConfidence" computerName="XPS-STEF" duration="00:00:00.0008940" startTime="2025-11-04T20:40:01.1690764-05:00" endTime="2025-11-04T20:40:01.1699705-05:00" testType="13cdc9d9-ddb5-4fa4-a97d-d965ccfc6d4b" outcome="Passed" testListId="8c84fa94-04c1-424b-9868-57a2d4851a1d" relativeResultsDirectory="c8def67b-49d2-4e1a-b54c-6b22e7c620ae" />
    <UnitTestResult executionId="c4d0eb66-baa5-4d91-ac90-3cdc2741d130" testId="2316925c-5042-2434-0a01-a73dd9763b2c" testName="AnalyzeChordPlayability_NoStretches_ShouldHaveMinimalStretchAnalysis" computerName="XPS-STEF" duration="00:00:00.4154600" startTime="2025-11-04T20:38:29.6703654-05:00" endTime="2025-11-04T20:38:30.0858294-05:00" testType="13cdc9d9-ddb5-4fa4-a97d-d965ccfc6d4b" outcome="Passed" testListId="8c84fa94-04c1-424b-9868-57a2d4851a1d" relativeResultsDirectory="c4d0eb66-baa5-4d91-ac90-3cdc2741d130" />
    <UnitTestResult executionId="1b393476-1d68-485f-b146-b794c36ff833" testId="be00e3de-5500-a8a9-5f8e-2bd491d557ed" testName="Cache_DifferentCapo_ShouldBeCacheMiss" computerName="XPS-STEF" duration="00:00:02.4872760" startTime="2025-11-04T20:38:58.8525863-05:00" endTime="2025-11-04T20:39:01.3398866-05:00" testType="13cdc9d9-ddb5-4fa4-a97d-d965ccfc6d4b" outcome="Passed" testListId="8c84fa94-04c1-424b-9868-57a2d4851a1d" relativeResultsDirectory="1b393476-1d68-485f-b146-b794c36ff833" />
    <UnitTestResult executionId="0ab97ad3-2554-4695-a6a2-c15e1dd53ca0" testId="26fcb33c-0089-7e01-ccd2-0e26f92db3d8" testName="Test_PitchClassSet_NotesRoundTrip" computerName="XPS-STEF" duration="00:00:00.0004730" startTime="2025-11-04T20:38:08.3663894-05:00" endTime="2025-11-04T20:38:08.3668623-05:00" testType="13cdc9d9-ddb5-4fa4-a97d-d965ccfc6d4b" outcome="Passed" testListId="8c84fa94-04c1-424b-9868-57a2d4851a1d" relativeResultsDirectory="0ab97ad3-2554-4695-a6a2-c15e1dd53ca0" />
    <UnitTestResult executionId="2d08b089-70a9-4b2d-ae31-2777ef461fe9" testId="3c5918bc-741d-e120-3d7e-6fb9fa684eba" testName="IndexShapesAsync_ShouldIndexAllShapes" computerName="XPS-STEF" duration="00:00:00.0220920" startTime="2025-11-04T20:38:00.3718994-05:00" endTime="2025-11-04T20:38:00.3939915-05:00" testType="13cdc9d9-ddb5-4fa4-a97d-d965ccfc6d4b" outcome="NotExecuted" testListId="8c84fa94-04c1-424b-9868-57a2d4851a1d" relativeResultsDirectory="2d08b089-70a9-4b2d-ae31-2777ef461fe9">
      <Output>
        <StdOut>OneTimeSetUp: Redis Stack not available. Skipping integration tests.</StdOut>
        <ErrorInfo>
          <Message>OneTimeSetUp: Redis Stack not available. Skipping integration tests.</Message>
        </ErrorInfo>
      </Output>
    </UnitTestResult>
    <UnitTestResult executionId="17642b42-67ca-480c-81fe-589786a561e8" testId="3abcca2f-0248-1ac5-2086-0bf206dba709" testName="Items_ReturnsNonEmptyCollection" computerName="XPS-STEF" duration="00:00:00.0004130" startTime="2025-11-04T20:38:08.3837423-05:00" endTime="2025-11-04T20:38:08.3841549-05:00" testType="13cdc9d9-ddb5-4fa4-a97d-d965ccfc6d4b" outcome="Passed" testListId="8c84fa94-04c1-424b-9868-57a2d4851a1d" relativeResultsDirectory="17642b42-67ca-480c-81fe-589786a561e8" />
    <UnitTestResult executionId="0b50a448-7b83-45d4-9424-a66b74b47977" testId="9f3ad87b-987b-00e2-19b8-97a6b46f7f47" testName="IndexPitchClassSetsAsync_ShouldIndexAllSets" computerName="XPS-STEF" duration="00:00:00.0220340" startTime="2025-11-04T20:38:00.3718994-05:00" endTime="2025-11-04T20:38:00.3939337-05:00" testType="13cdc9d9-ddb5-4fa4-a97d-d965ccfc6d4b" outcome="NotExecuted" testListId="8c84fa94-04c1-424b-9868-57a2d4851a1d" relativeResultsDirectory="0b50a448-7b83-45d4-9424-a66b74b47977">
      <Output>
        <StdOut>OneTimeSetUp: Redis Stack not available. Skipping integration tests.</StdOut>
        <ErrorInfo>
          <Message>OneTimeSetUp: Redis Stack not available. Skipping integration tests.</Message>
        </ErrorInfo>
      </Output>
    </UnitTestResult>
    <UnitTestResult executionId="e8f84b13-3d86-4a68-8876-96f035638492" testId="ba18a5b4-a881-3d68-a049-d99ed8a962d9" testName="EvaluateFitness_ShouldPopulateReachErrors" computerName="XPS-STEF" duration="00:00:00.0010340" startTime="2025-11-04T20:39:47.0821752-05:00" endTime="2025-11-04T20:39:47.0832089-05:00" testType="13cdc9d9-ddb5-4fa4-a97d-d965ccfc6d4b" outcome="Passed" testListId="8c84fa94-04c1-424b-9868-57a2d4851a1d" relativeResultsDirectory="e8f84b13-3d86-4a68-8876-96f035638492" />
    <UnitTestResult executionId="e187e6e4-1315-4d0b-bdf8-f8100031a775" testId="9dea4d91-f985-6a57-1f6b-18daf510c539" testName="ComputeDeltasBatch_MultiplePairs_MatchesCPU" computerName="XPS-STEF" duration="00:00:00.2445950" startTime="2025-11-04T20:38:05.8495565-05:00" endTime="2025-11-04T20:38:06.0941542-05:00" testType="13cdc9d9-ddb5-4fa4-a97d-d965ccfc6d4b" outcome="Passed" testListId="8c84fa94-04c1-424b-9868-57a2d4851a1d" relativeResultsDirectory="e187e6e4-1315-4d0b-bdf8-f8100031a775" />
    <UnitTestResult executionId="078605c9-6e22-48b9-9fcc-42eb1d21c141" testId="00a2b134-8707-0875-8f23-a3e6d312ff3e" testName="Constructor_WithPitchClassSet_CreatesSetClass" computerName="XPS-STEF" duration="00:00:00.0004290" startTime="2025-11-04T20:38:08.3808645-05:00" endTime="2025-11-04T20:38:08.3812934-05:00" testType="13cdc9d9-ddb5-4fa4-a97d-d965ccfc6d4b" outcome="Passed" testListId="8c84fa94-04c1-424b-9868-57a2d4851a1d" relativeResultsDirectory="078605c9-6e22-48b9-9fcc-42eb1d21c141" />
    <UnitTestResult executionId="94b76605-def4-4281-9bd6-01115be00c44" testId="50bdf615-5160-6e61-39f2-c8e27cdaa525" testName="GetRecommendations_ShouldGenerateAppropriateRecommendations" computerName="XPS-STEF" duration="00:00:00.0049910" startTime="2025-11-04T20:38:00.4663081-05:00" endTime="2025-11-04T20:38:00.4713006-05:00" testType="13cdc9d9-ddb5-4fa4-a97d-d965ccfc6d4b" outcome="Passed" testListId="8c84fa94-04c1-424b-9868-57a2d4851a1d" relativeResultsDirectory="94b76605-def4-4281-9bd6-01115be00c44" />
    <UnitTestResult executionId="f7de538f-b72d-4e77-a27a-3992df9a62aa" testId="6ef2c97a-7208-ded8-8abc-7bddd3154dbd" testName="AnalyzeChordPlayability_DiagonalStretch_ShouldHaveHigherDifficulty" computerName="XPS-STEF" duration="00:00:00.2676980" startTime="2025-11-04T20:38:13.3511896-05:00" endTime="2025-11-04T20:38:13.6188899-05:00" testType="13cdc9d9-ddb5-4fa4-a97d-d965ccfc6d4b" outcome="Passed" testListId="8c84fa94-04c1-424b-9868-57a2d4851a1d" relativeResultsDirectory="f7de538f-b72d-4e77-a27a-3992df9a62aa" />
    <UnitTestResult executionId="df0f1333-3156-421f-98a0-04bb3143a47d" testId="0ee1d611-9753-00dc-af24-d08013dbda3a" testName="ShouldStopWalk_WhenNoTransitionsAvailable" computerName="XPS-STEF" duration="00:00:00.0004440" startTime="2025-11-04T20:38:06.9937516-05:00" endTime="2025-11-04T20:38:06.9941974-05:00" testType="13cdc9d9-ddb5-4fa4-a97d-d965ccfc6d4b" outcome="Passed" testListId="8c84fa94-04c1-424b-9868-57a2d4851a1d" relativeResultsDirectory="df0f1333-3156-421f-98a0-04bb3143a47d" />
    <UnitTestResult executionId="29645044-5feb-4120-a09a-307637a0293e" testId="5b13c98b-65bd-070e-67e4-b654b9276e78" testName="AnalyzeChordPlayability_StretchReason_ShouldMentionStretches" computerName="XPS-STEF" duration="00:00:00.2798629" startTime="2025-11-04T20:38:33.8558179-05:00" endTime="2025-11-04T20:38:34.1356836-05:00" testType="13cdc9d9-ddb5-4fa4-a97d-d965ccfc6d4b" outcome="Passed" testListId="8c84fa94-04c1-424b-9868-57a2d4851a1d" relativeResultsDirectory="29645044-5feb-4120-a09a-307637a0293e" />
    <UnitTestResult executionId="c8c6170f-57bc-4bd3-afdb-87df0d762d35" testId="b4ee6ac2-6a33-eeb1-45a7-a93298b3f088" testName="Solve_WithLocalSearch_ShouldNotDecreaseReachability" computerName="XPS-STEF" duration="00:00:00.0133100" startTime="2025-11-04T20:40:01.0372695-05:00" endTime="2025-11-04T20:40:01.0505797-05:00" testType="13cdc9d9-ddb5-4fa4-a97d-d965ccfc6d4b" outcome="Passed" testListId="8c84fa94-04c1-424b-9868-57a2d4851a1d" relativeResultsDirectory="c8c6170f-57bc-4bd3-afdb-87df0d762d35" />
    <UnitTestResult executionId="85005bee-1ca5-4d3f-a00b-32645d12d31a" testId="01f1c8aa-5d27-5ad4-1d3a-89ed99e56f58" testName="ShouldGenerateWalk_WithMaxSpanFilter" computerName="XPS-STEF" duration="00:00:00.0011820" startTime="2025-11-04T20:38:06.9909278-05:00" endTime="2025-11-04T20:38:06.9921208-05:00" testType="13cdc9d9-ddb5-4fa4-a97d-d965ccfc6d4b" outcome="Passed" testListId="8c84fa94-04c1-424b-9868-57a2d4851a1d" relativeResultsDirectory="85005bee-1ca5-4d3f-a00b-32645d12d31a" />
    <UnitTestResult executionId="b591310c-1da8-4b42-93f6-286fcf890d68" testId="ec846604-4929-7b02-528a-c7875874edbc" testName="MigrateToMemory_CreatesNewCacheAndMigrates" computerName="XPS-STEF" duration="00:00:00.1754989" startTime="2025-11-04T20:38:54.8581116-05:00" endTime="2025-11-04T20:38:55.0336130-05:00" testType="13cdc9d9-ddb5-4fa4-a97d-d965ccfc6d4b" outcome="Passed" testListId="8c84fa94-04c1-424b-9868-57a2d4851a1d" relativeResultsDirectory="b591310c-1da8-4b42-93f6-286fcf890d68" />
    <UnitTestResult executionId="5c32df89-02d3-4a13-9a4a-448ad0f50f98" testId="f4cb8af6-315d-319a-0d1d-68059b47a80c" testName="CapoSimulation_HighFretChordWithCapo_ShouldBeSimilarToLowFret" computerName="XPS-STEF" duration="00:00:00.5592220" startTime="2025-11-04T20:38:37.9927413-05:00" endTime="2025-11-04T20:38:38.5519685-05:00" testType="13cdc9d9-ddb5-4fa4-a97d-d965ccfc6d4b" outcome="Passed" testListId="8c84fa94-04c1-424b-9868-57a2d4851a1d" relativeResultsDirectory="5c32df89-02d3-4a13-9a4a-448ad0f50f98" />
[...]
    <TestEntry testId="fb543e9e-546f-928b-8337-ba207effc71a" executionId="44b775c7-9ee2-4da8-a2fc-33094601bdb9" testListId="8c84fa94-04c1-424b-9868-57a2d4851a1d" />
    <TestEntry testId="5d7b7107-78b7-74dc-da2f-42863f9155e3" executionId="6d893cff-9bb4-4748-83ad-4d49dff10aca" testListId="8c84fa94-04c1-424b-9868-57a2d4851a1d" />
    <TestEntry testId="93d53dfd-f7c9-1572-2508-1a46788daa7d" executionId="9755d6a1-aff4-4ebb-b095-edc825cbd097" testListId="8c84fa94-04c1-424b-9868-57a2d4851a1d" />
    <TestEntry testId="a363dc14-972a-d232-3445-132d27bf307b" executionId="cb56738f-690c-4be1-b92e-94d380785d08" testListId="8c84fa94-04c1-424b-9868-57a2d4851a1d" />
    <TestEntry testId="e1d60755-0a0c-625d-0e0a-1909e800fb45" executionId="5cde093e-0043-48eb-8478-111de4627b44" testListId="8c84fa94-04c1-424b-9868-57a2d4851a1d" />
    <TestEntry testId="b67465b0-36d0-dad0-8d00-a75a6fe304b9" executionId="f26118c8-8011-4662-bb89-8e5769f5b6da" testListId="8c84fa94-04c1-424b-9868-57a2d4851a1d" />
    <TestEntry testId="93acdb2c-84b9-7d96-8173-ba20e66cec84" executionId="57da7f4a-c0f8-4f8b-91f5-12f711291eb5" testListId="8c84fa94-04c1-424b-9868-57a2d4851a1d" />
    <TestEntry testId="8c4410b4-116d-287e-1d4f-cbf4257891a0" executionId="cbb5eeaa-abf6-43c5-b111-a6fbaacc9d39" testListId="8c84fa94-04c1-424b-9868-57a2d4851a1d" />
    <TestEntry testId="10a07a81-7d86-6017-f652-6c56f3731c58" executionId="6d8ccbba-953e-4d65-a251-268f7ed78707" testListId="8c84fa94-04c1-424b-9868-57a2d4851a1d" />
    <TestEntry testId="202f1a80-4ae6-79f6-7d14-c1a82ea5cfc4" executionId="f21df11d-c680-48a8-866b-454159b9455a" testListId="8c84fa94-04c1-424b-9868-57a2d4851a1d" />
    <TestEntry testId="779d83f6-4493-cb2c-d2ce-87e53c617e18" executionId="06b26c97-7c86-4d09-8bb4-37b921e23bc5" testListId="8c84fa94-04c1-424b-9868-57a2d4851a1d" />
    <TestEntry testId="8714fca7-0344-80bf-26b6-187d796283b4" executionId="d95903d6-9d1f-45b3-aa00-ca6b80c24f40" testListId="8c84fa94-04c1-424b-9868-57a2d4851a1d" />
    <TestEntry testId="8e91761f-9a83-8b63-564e-b407a105db63" executionId="33212a0e-2088-4355-959c-f7c842ce33c6" testListId="8c84fa94-04c1-424b-9868-57a2d4851a1d" />
    <TestEntry testId="badf170b-06cb-d501-3278-b9c6c0bd4533" executionId="683539a7-db64-44ad-b384-220f179edcd9" testListId="8c84fa94-04c1-424b-9868-57a2d4851a1d" />
    <TestEntry testId="e37dad6d-2ac9-c333-f8b1-d65e37b7b635" executionId="13f5de7a-bc16-4ad0-9804-bd55d4c7cbc3" testListId="8c84fa94-04c1-424b-9868-57a2d4851a1d" />
    <TestEntry testId="4074cf51-c02a-8f3d-21d7-a727393de901" executionId="d62cac46-ddcc-4c6a-a25e-b02d846c7276" testListId="8c84fa94-04c1-424b-9868-57a2d4851a1d" />
    <TestEntry testId="92744f99-f974-10a8-1a1e-34802a78d8d1" executionId="d393244c-c021-4f31-9ceb-f91f19156553" testListId="8c84fa94-04c1-424b-9868-57a2d4851a1d" />
    <TestEntry testId="6a1044c7-5510-6075-1d1c-249978fb1664" executionId="4a13b174-47c1-498c-9edf-4408f4f9fd0a" testListId="8c84fa94-04c1-424b-9868-57a2d4851a1d" />
    <TestEntry testId="8b06f510-477a-5b4d-1257-215bba0d687c" executionId="1b93d385-4112-4125-87f2-4ad7891331e9" testListId="8c84fa94-04c1-424b-9868-57a2d4851a1d" />
  </TestEntries>
  <TestLists>
    <TestList name="Results Not in a List" id="8c84fa94-04c1-424b-9868-57a2d4851a1d" />
    <TestList name="All Loaded Results" id="19431567-8539-422a-85d7-44ee4e166bda" />
  </TestLists>
  <ResultSummary outcome="Failed">
    <Counters total="395" executed="385" passed="307" failed="78" error="0" timeout="0" aborted="0" inconclusive="0" passedButRunAborted="0" notRunnable="0" notExecuted="0" disconnected="0" warning="0" completed="0" inProgress="0" pending="0" />
    <Output>
      <StdOut>NUnit Adapter 4.6.0.0: Test execution started&#xD;
Running all tests in C:\Users\spare\source\repos\ga\Tests\Common\GA.Business.Core.Tests\bin\Debug\net9.0\GA.Business.Core.Tests.dll&#xD;
   NUnit3TestExecutor discovered 779 of 779 NUnit test cases using Current Discovery mode, Non-Explicit run&#xD;
&#xD;
────────────────────────────────────────────────────────────────────────────────&#xD;
TEST: Chat_BasicMusicTheory_ShouldReturnCorrectResponse&#xD;
────────────────────────────────────────────────────────────────────────────────&#xD;
&#xD;
\ud83d\udce4 REQUEST:&#xD;
   Method:    POST&#xD;
   Endpoint:  /api/chatbot/chat&#xD;
   Timestamp: 2025-11-04 20:37:18.977&#xD;
   Body:&#xD;
      {&#xD;
&#xD;
        "message": "What notes are in a C major chord? Answer in one sentence.",&#xD;
&#xD;
        "useSemanticSearch": false&#xD;
&#xD;
      }&#xD;
&#xD;
────────────────────────────────────────────────────────────────────────────────&#xD;
TEST COMPLETED&#xD;
────────────────────────────────────────────────────────────────────────────────&#xD;
&#xD;
&#xD;
────────────────────────────────────────────────────────────────────────────────&#xD;
TEST: Chat_ChordDiagram_ShouldReturnDiagramInfo&#xD;
────────────────────────────────────────────────────────────────────────────────&#xD;
&#xD;
\ud83d\udce4 REQUEST:&#xD;
   Method:    POST&#xD;
   Endpoint:  /api/chatbot/chat&#xD;
   Timestamp: 2025-11-04 20:37:23.160&#xD;
   Body:&#xD;
      {&#xD;
&#xD;
        "message": "Show me how to play a G major chord",&#xD;
&#xD;
        "useSemanticSearch": false&#xD;
&#xD;
      }&#xD;
&#xD;
────────────────────────────────────────────────────────────────────────────────&#xD;
TEST COMPLETED&#xD;
────────────────────────────────────────────────────────────────────────────────&#xD;
&#xD;
&#xD;
────────────────────────────────────────────────────────────────────────────────&#xD;
TEST: Chat_ChordProgression_ShouldReturnProgressionInfo&#xD;
────────────────────────────────────────────────────────────────────────────────&#xD;
&#xD;
\ud83d\udce4 REQUEST:&#xD;
   Method:    POST&#xD;
   Endpoint:  /api/chatbot/chat&#xD;
   Timestamp: 2025-11-04 20:37:27.260&#xD;
   Body:&#xD;
      {&#xD;
&#xD;
        "message": "Tell me about the I-V-vi-IV progression",&#xD;
&#xD;
        "useSemanticSearch": false&#xD;
&#xD;
      }&#xD;
&#xD;
────────────────────────────────────────────────────────────────────────────────&#xD;
TEST COMPLETED&#xD;
────────────────────────────────────────────────────────────────────────────────&#xD;
&#xD;
&#xD;
────────────────────────────────────────────────────────────────────────────────&#xD;
TEST: Chat_ErrorHandling_ShouldHandleInvalidInput&#xD;
────────────────────────────────────────────────────────────────────────────────&#xD;
&#xD;
\ud83d\udce4 REQUEST:&#xD;
   Method:    POST&#xD;
   Endpoint:  /api/chatbot/chat&#xD;
   Timestamp: 2025-11-04 20:37:31.345&#xD;
   Body:&#xD;
      {&#xD;
&#xD;
        "message": "",&#xD;
&#xD;
        "useSemanticSearch": false&#xD;
&#xD;
      }&#xD;
&#xD;
────────────────────────────────────────────────────────────────────────────────&#xD;
TEST COMPLETED&#xD;
────────────────────────────────────────────────────────────────────────────────&#xD;
&#xD;
&#xD;
────────────────────────────────────────────────────────────────────────────────&#xD;
TEST: Chat_GuitarTechnique_ShouldReturnDetailedExplanation&#xD;
────────────────────────────────────────────────────────────────────────────────&#xD;
&#xD;
\ud83d\udce4 REQUEST:&#xD;
   Method:    POST&#xD;
   Endpoint:  /api/chatbot/chat&#xD;
   Timestamp: 2025-11-04 20:37:35.433&#xD;
   Body:&#xD;
      {&#xD;
&#xD;
        "message": "Explain barre chords in 2 sentences",&#xD;
&#xD;
        "useSemanticSearch": false&#xD;
&#xD;
      }&#xD;
&#xD;
────────────────────────────────────────────────────────────────────────────────&#xD;
TEST COMPLETED&#xD;
────────────────────────────────────────────────────────────────────────────────&#xD;
&#xD;
&#xD;
────────────────────────────────────────────────────────────────────────────────&#xD;
TEST: Chat_MusicTheoryExplanation_ShouldReturnDetailedExplanation&#xD;
────────────────────────────────────────────────────────────────────────────────&#xD;
&#xD;
\ud83d\udce4 REQUEST:&#xD;
   Method:    POST&#xD;
   Endpoint:  /api/chatbot/chat&#xD;
   Timestamp: 2025-11-04 20:37:39.521&#xD;
   Body:&#xD;
      {&#xD;
&#xD;
        "message": "Explain the circle of fifths",&#xD;
&#xD;
        "useSemanticSearch": false&#xD;
&#xD;
      }&#xD;
&#xD;
────────────────────────────────────────────────────────────────────────────────&#xD;
TEST COMPLETED&#xD;
────────────────────────────────────────────────────────────────────────────────&#xD;
&#xD;
&#xD;
────────────────────────────────────────────────────────────────────────────────&#xD;
TEST: Chat_ScaleTheory_ShouldReturnCorrectNotes&#xD;
────────────────────────────────────────────────────────────────────────────────&#xD;
&#xD;
\ud83d\udce4 REQUEST:&#xD;
   Method:    POST&#xD;
   Endpoint:  /api/chatbot/chat&#xD;
   Timestamp: 2025-11-04 20:37:43.609&#xD;
   Body:&#xD;
      {&#xD;
&#xD;
        "message": "List the notes in C major scale",&#xD;
&#xD;
        "useSemanticSearch": false&#xD;
&#xD;
      }&#xD;
&#xD;
────────────────────────────────────────────────────────────────────────────────&#xD;
TEST COMPLETED&#xD;
────────────────────────────────────────────────────────────────────────────────&#xD;
&#xD;
&#xD;
────────────────────────────────────────────────────────────────────────────────&#xD;
TEST: Chat_WithSemanticSearch_ShouldReturnEnhancedResponse&#xD;
────────────────────────────────────────────────────────────────────────────────&#xD;
&#xD;
\ud83d\udce4 REQUEST:&#xD;
   Method:    POST&#xD;
   Endpoint:  /api/chatbot/chat&#xD;
   Timestamp: 2025-11-04 20:37:47.713&#xD;
   Body:&#xD;
      {&#xD;
&#xD;
        "message": "Show me some jazz chords",&#xD;
&#xD;
        "useSemanticSearch": true&#xD;
&#xD;
      }&#xD;
&#xD;
────────────────────────────────────────────────────────────────────────────────&#xD;
TEST COMPLETED&#xD;
────────────────────────────────────────────────────────────────────────────────&#xD;
&#xD;
&#xD;
────────────────────────────────────────────────────────────────────────────────&#xD;
TEST: ChatbotExamples_ShouldReturnExampleQueries&#xD;
────────────────────────────────────────────────────────────────────────────────&#xD;
&#xD;
\ud83d\udce4 REQUEST:&#xD;
   Method:    GET&#xD;
   Endpoint:  /api/chatbot/examples&#xD;
   Timestamp: 2025-11-04 20:37:51.810&#xD;
&#xD;
────────────────────────────────────────────────────────────────────────────────&#xD;
TEST COMPLETED&#xD;
────────────────────────────────────────────────────────────────────────────────&#xD;
&#xD;
&#xD;
────────────────────────────────────────────────────────────────────────────────&#xD;
TEST: ChatbotStatus_ShouldReturnAvailable&#xD;
────────────────────────────────────────────────────────────────────────────────&#xD;
&#xD;
\ud83d\udce4 REQUEST:&#xD;
   Method:    GET&#xD;
   Endpoint:  /api/chatbot/status&#xD;
   Timestamp: 2025-11-04 20:37:55.893&#xD;
&#xD;
────────────────────────────────────────────────────────────────────────────────&#xD;
TEST COMPLETED&#xD;
────────────────────────────────────────────────────────────────────────────────&#xD;
&#xD;
CacheHeatMapAsync_ShouldExpireAfterTTL: OneTimeSetUp: Redis Stack not available. Skipping integration tests.&#xD;
CacheHeatMapAsync_ShouldStoreAndRetrieve: OneTimeSetUp: Redis Stack not available. Skipping integration tests.&#xD;
Test 'CacheHeatMapAsync_ShouldExpireAfterTTL' was skipped in the test run.&#xD;
Test 'CacheHeatMapAsync_ShouldStoreAndRetrieve' was skipped in the test run.&#xD;
FindSimilarPitchClassSetsAsync_ShouldReturnSimilarSets: OneTimeSetUp: Redis Stack not available. Skipping integration tests.&#xD;
FindSimilarShapesAsync_ShouldReturnSimilarShapes: OneTimeSetUp: Redis Stack not available. Skipping integration tests.&#xD;
GetCachedHeatMapAsync_ShouldReturnNullForMissingKey: OneTimeSetUp: Redis Stack not available. Skipping integration tests.&#xD;
GetUserSessionAsync_ShouldReturnNullForNonExistentUser: OneTimeSetUp: Redis Stack not available. Skipping integration tests.&#xD;
IndexPitchClassSetsAsync_ShouldIndexAllSets: OneTimeSetUp: Redis Stack not available. Skipping integration tests.&#xD;
IndexShapesAsync_ShouldIndexAllShapes: OneTimeSetUp: Redis Stack not available. Skipping integration tests.&#xD;
SearchShapesAsync_ShouldReturnRelevantShapes: OneTimeSetUp: Redis Stack not available. Skipping integration tests.&#xD;
StoreUserSessionAsync_ShouldStoreAndRetrieve: OneTimeSetUp: Redis Stack not available. Skipping integration tests.&#xD;
Test 'FindSimilarPitchClassSetsAsync_ShouldReturnSimilarSets' was skipped in the test run.&#xD;
Test 'FindSimilarShapesAsync_ShouldReturnSimilarShapes' was skipped in the test run.&#xD;
Test 'GetCachedHeatMapAsync_ShouldReturnNullForMissingKey' was skipped in the test run.&#xD;
Test 'GetUserSessionAsync_ShouldReturnNullForNonExistentUser' was skipped in the test run.&#xD;
Test 'IndexPitchClassSetsAsync_ShouldIndexAllSets' was skipped in the test run.&#xD;
Test 'IndexShapesAsync_ShouldIndexAllShapes' was skipped in the test run.&#xD;
Test 'SearchShapesAsync_ShouldReturnRelevantShapes' was skipped in the test run.&#xD;
Test 'StoreUserSessionAsync_ShouldStoreAndRetrieve' was skipped in the test run.&#xD;
CPU Time: 677ms&#xD;
GPU Time: 877ms&#xD;
Speedup: 0.77x&#xD;
&#xD;
CPU Time: 942ms&#xD;
GPU Time: 97ms&#xD;
Speedup: 9.71x&#xD;
&#xD;
Total PitchClassSetId count: 4096&#xD;
Normal form count: 352&#xD;
Percentage in normal form: 8.59%&#xD;
&#xD;
Normal form counts by cardinality:&#xD;
Cardinality 0: 1&#xD;
Cardinality 1: 1&#xD;
Cardinality 2: 6&#xD;
Cardinality 3: 19&#xD;
Cardinality 4: 43&#xD;
Cardinality 5: 66&#xD;
Cardinality 6: 80&#xD;
Cardinality 7: 66&#xD;
Cardinality 8: 43&#xD;
Cardinality 9: 19&#xD;
Cardinality 10: 6&#xD;
Cardinality 11: 1&#xD;
Cardinality 12: 1&#xD;
&#xD;
Error loading chord progressions configuration: Exception during deserialization&#xD;
&#xD;
Error loading guitar techniques configuration: Exception during deserialization&#xD;
&#xD;
Error loading specialized tunings configuration: While parsing a flow sequence, did not find expected ',' or ']'.&#xD;
&#xD;
&#xD;
=== Search Results for 'blues' ===&#xD;
Total Results: 0&#xD;
&#xD;
=== Search Results for 'jazz' ===&#xD;
Total Results: 0&#xD;
&#xD;
=== Search Results for 'classical' ===&#xD;
Total Results: 0&#xD;
&#xD;
=== Search Results for 'rock' ===&#xD;
Total Results: 0&#xD;
&#xD;
=== Search Results for 'folk' ===&#xD;
Total Results: 0&#xD;
&#xD;
=== Configuration Validation Results ===&#xD;
Overall Valid: False&#xD;
Iconic Chords Valid: True&#xD;
Chord Progressions Valid: False&#xD;
Guitar Techniques Valid: False&#xD;
Specialized Tunings Valid: False&#xD;
&#xD;
=== Validation Errors ===&#xD;
- No chord progressions found in configuration&#xD;
- No guitar techniques found in configuration&#xD;
- No specialized tunings found in configuration&#xD;
&#xD;
&#xD;
=== \ud83c\udfbc Basic Progression Analysis ===&#xD;
\ud83c\udfb5 Analyzing progression: C - Am - F - G&#xD;
&#xD;
\ud83c\udfb5 Guitar Alchemist - Simple BSP Demo \ud83c\udfb5&#xD;
==========================================&#xD;
&#xD;
=== \ud83c\udf33 BSP Tree Demo ===&#xD;
✓ Created BSP tree with root region: Chromatic&#xD;
✓ Found tonal region for C major triad: Chromatic&#xD;
  - Tonality: Atonal&#xD;
  - Tonal Center: 0&#xD;
  - Contains C major triad: True&#xD;
&#xD;
=== \ud83c\udf0c Spatial Query Demo ===&#xD;
&#xD;
❌ Demo failed: Value cannot be null. (Parameter 'logger')&#xD;
Stack trace:    at System.ThrowHelper.Throw(String paramName)&#xD;
   at System.ThrowHelper.ThrowIfNull(Object argument, String paramName)&#xD;
   at Microsoft.Extensions.Logging.LoggerExtensions.Log(ILogger logger, LogLevel logLevel, EventId eventId, Exception exception, String message, Object[] args)&#xD;
   at Microsoft.Extensions.Logging.LoggerExtensions.Log(ILogger logger, LogLevel logLevel, String message, Object[] args)&#xD;
   at Microsoft.Extensions.Logging.LoggerExtensions.LogInformation(ILogger logger, String message, Object[] args)&#xD;
   at GA.Business.Core.Spatial.TonalBspService..ctor(ILogger`1 logger) in /_/Common/GA.Business.Core/Spatial/TonalBSPService.cs:line 28&#xD;
   at GA.Business.Core.Examples.SimpleBspDemo.DemoSpatialQueries() in /_/Common/GA.Business.Core/Examples/SimpleBSPDemo.cs:line 70&#xD;
   at GA.Business.Core.Examples.SimpleBspDemo.RunDemo() in /_/Common/GA.Business.Core/Examples/SimpleBSPDemo.cs:line 27&#xD;
&#xD;
Barre coverage summary: Index:1; Middle:2; Ring:3&#xD;
&#xD;
GPU solve time: 789 ms&#xD;
CPU solve time: 779 ms&#xD;
&#xD;
Solving IK for open C major chord...&#xD;
Solution: reachability=0.0, comfort=99.4, naturalness=100.0, efficiency=100.0, stability=99.3, fitness=10962.78&#xD;
Generations=160, avg diversity=0.308, convergence=1.292, time=1557.9ms&#xD;
&#xD;
Solving IK for Cadd9/G diagonal spread...&#xD;
Solution: reachability=0.0, comfort=99.2, naturalness=100.0, efficiency=100.0, stability=99.3, fitness=10954.01&#xD;
Generations=230, avg diversity=0.301, convergence=0.429, time=2707.7ms&#xD;
&#xD;
Solving IK for F barre chord...&#xD;
Solution: reachability=0.0, comfort=98.9, naturalness=100.0, efficiency=100.0, stability=99.3, fitness=10939.17&#xD;
Generations=200, avg diversity=0.322, convergence=0.977, time=1937.4ms&#xD;
&#xD;
Solving IK roundtrip pose with GPU acceleration...&#xD;
Solution: reachability=64.1, comfort=93.2, naturalness=100.0, efficiency=95.4, stability=99.8, fitness=16971.56&#xD;
Generations=120, avg diversity=0.344, convergence=53.132, time=957.1ms&#xD;
&#xD;
Solving IK roundtrip pose with CPU fallback...&#xD;
Solution: reachability=65.1, comfort=88.6, naturalness=100.0, efficiency=93.0, stability=98.8, fitness=16788.24&#xD;
Generations=120, avg diversity=0.310, convergence=50.759, time=553.4ms&#xD;
&#xD;
Solving IK for Gadd9 stretch voicing...&#xD;
Solution: reachability=0.0, comfort=98.8, naturalness=100.0, efficiency=100.0, stability=99.3, fitness=10933.79&#xD;
Generations=220, avg diversity=0.287, convergence=0.925, time=2360.7ms&#xD;
&#xD;
Solving IK for D/F# thumb-over voicing...&#xD;
Solution: reachability=0.0, comfort=99.1, naturalness=100.0, efficiency=100.0, stability=99.3, fitness=10947.03&#xD;
Generations=210, avg diversity=0.319, convergence=0.895, time=1537.9ms&#xD;
&#xD;
Chord: Dadd9&#xD;
Template: Analytical { Formula = Fretboard Voicing (add9), Name = Fretboard Voicing, Quality = Other, Extension = Add9, StackingType = Tertian, NoteCount = 4, Intervals = System.Collections.ObjectModel.ReadOnlyCollection`1[GA.Business.Core.Chords.ChordFormulaInterval], CharacteristicIntervals = System.Collections.ObjectModel.ReadOnlyCollection`1[GA.Business.Core.Chords.ChordFormulaInterval], PitchClassSet = 0 2 7 8, AnalysisMethod = Set Theory Analysis, SourcePitchClassSet = , AnalysisData = System.Collections.Generic.Dictionary`2[System.String,System.Object], Description = Analytical chord via Set Theory Analysis - Add9 Tertian }&#xD;
&#xD;
Chord: Cadd9&#xD;
Root: 0&#xD;
Key: Key of C&#xD;
&#xD;
Pattern ID: Pattern(0-2-2-1-0-0)&#xD;
  E major: Pattern(0-2-2-1-0-0)&#xD;
  F major: Pattern(0-2-2-1-0-0)&#xD;
  G major: Pattern(0-2-2-1-0-0)&#xD;
  A major: Pattern(0-2-2-1-0-0)&#xD;
&#xD;
E major pattern: Pattern(0-2-2-1-0-0)&#xD;
F major pattern: Pattern(0-2-2-1-0-0)&#xD;
&#xD;
✅ Complete fretboard coverage verified:&#xD;
   - 18 windows of 6 frets each&#xD;
   - Covers all 23 fret positions (0-22)&#xD;
   - First window: frets 0-5&#xD;
   - Last window: frets 17-22&#xD;
&#xD;
✅ Deduplication verified:&#xD;
   - Window 0 chords: 100&#xD;
   - Window 1 chords: 100&#xD;
   - Common prime patterns: 1&#xD;
   - Sample prime: 0-0-0-0-0-0&#xD;
     - Window 0: 0-0-0-0-0-0 (base fret 0)&#xD;
     - Window 1: 0-0-0-0-0-0 (base fret 0)&#xD;
&#xD;
</StdOut>
    </Output>
    <RunInfos>
      <RunInfo computerName="XPS-STEF" outcome="Error" timestamp="2025-11-04T23:52:14.2056579-05:00">
        <Text>The active test run was aborted. Reason: Test host process crashed</Text>
      </RunInfo>
    </RunInfos>
  </ResultSummary>
</TestRun>