<?xml version="1.0" encoding="UTF-8"?>
<coverage generated="1762144950310" clover="3.2.0">
  <project timestamp="1762144950310" name="All files">
    <metrics statements="26" coveredstatements="17" conditionals="38" coveredconditionals="30" methods="6" coveredmethods="3" elements="70" coveredelements="50" complexity="0" loc="26" ncloc="26" packages="1" files="1" classes="1"/>
    <file name="ChatMessage.tsx" path="C:\Users\spare\source\repos\ga\Apps\ga-client\src\components\Chat\ChatMessage.tsx">
      <metrics statements="26" coveredstatements="17" conditionals="38" coveredconditionals="30" methods="6" coveredmethods="3"/>
      <line num="15" count="1" type="stmt"/>
      <line num="16" count="23" type="stmt"/>
      <line num="17" count="23" type="stmt"/>
      <line num="19" count="23" type="stmt"/>
      <line num="20" count="0" type="stmt"/>
      <line num="24" count="23" type="stmt"/>
      <line num="25" count="23" type="stmt"/>
      <line num="27" count="3" type="cond" truecount="2" falsecount="0"/>
      <line num="28" count="3" type="cond" truecount="2" falsecount="0"/>
      <line num="29" count="3" type="stmt"/>
      <line num="32" count="3" type="cond" truecount="1" falsecount="1"/>
      <line num="33" count="0" type="stmt"/>
      <line num="41" count="3" type="cond" truecount="1" falsecount="1"/>
      <line num="43" count="0" type="stmt"/>
      <line num="44" count="0" type="stmt"/>
      <line num="45" count="0" type="stmt"/>
      <line num="46" count="0" type="stmt"/>
      <line num="47" count="0" type="cond" truecount="0" falsecount="4"/>
      <line num="48" count="0" type="stmt"/>
      <line num="52" count="0" type="stmt"/>
      <line num="65" count="3" type="cond" truecount="4" falsecount="0"/>
      <line num="66" count="2" type="stmt"/>
      <line num="79" count="1" type="stmt"/>
      <line num="99" count="23" type="cond" truecount="2" falsecount="0"/>
      <line num="100" count="1" type="stmt"/>
      <line num="121" count="22" type="stmt"/>
    </file>
  </project>
</coverage>
