{"C:\\Users\\spare\\source\\repos\\ga\\Apps\\ga-client\\src\\components\\Chat\\ChatMessage.tsx": {"path":"C:\\Users\\spare\\source\\repos\\ga\\Apps\\ga-client\\src\\components\\Chat\\ChatMessage.tsx","statementMap":{"0":{"start":{"line":15,"column":48},"end":{"line":239,"column":null}},"1":{"start":{"line":16,"column":17},"end":{"line":16,"column":null}},"2":{"start":{"line":17,"column":19},"end":{"line":17,"column":null}},"3":{"start":{"line":19,"column":21},"end":{"line":21,"column":null}},"4":{"start":{"line":20,"column":4},"end":{"line":20,"column":null}},"5":{"start":{"line":24,"column":8},"end":{"line":97,"column":null}},"6":{"start":{"line":25,"column":11},"end":{"line":95,"column":null}},"7":{"start":{"line":27,"column":22},"end":{"line":27,"column":null}},"8":{"start":{"line":28,"column":25},"end":{"line":28,"column":null}},"9":{"start":{"line":29,"column":21},"end":{"line":29,"column":null}},"10":{"start":{"line":32,"column":8},"end":{"line":38,"column":null}},"11":{"start":{"line":33,"column":10},"end":{"line":36,"column":null}},"12":{"start":{"line":41,"column":8},"end":{"line":62,"column":null}},"13":{"start":{"line":43,"column":24},"end":{"line":43,"column":null}},"14":{"start":{"line":44,"column":28},"end":{"line":44,"column":null}},"15":{"start":{"line":45,"column":10},"end":{"line":50,"column":null}},"16":{"start":{"line":46,"column":33},"end":{"line":46,"column":null}},"17":{"start":{"line":46,"column":58},"end":{"line":46,"column":66}},"18":{"start":{"line":47,"column":12},"end":{"line":49,"column":null}},"19":{"start":{"line":48,"column":14},"end":{"line":48,"column":null}},"20":{"start":{"line":52,"column":10},"end":{"line":60,"column":null}},"21":{"start":{"line":65,"column":8},"end":{"line":76,"column":null}},"22":{"start":{"line":66,"column":10},"end":{"line":74,"column":null}},"23":{"start":{"line":79,"column":8},"end":{"line":92,"column":null}},"24":{"start":{"line":99,"column":2},"end":{"line":119,"column":null}},"25":{"start":{"line":100,"column":4},"end":{"line":117,"column":null}},"26":{"start":{"line":121,"column":2},"end":{"line":237,"column":null}}},"fnMap":{"0":{"name":"(anonymous_0)","decl":{"start":{"line":15,"column":48},"end":{"line":15,"column":49}},"loc":{"start":{"line":15,"column":65},"end":{"line":239,"column":null}},"line":15},"1":{"name":"(anonymous_1)","decl":{"start":{"line":19,"column":21},"end":{"line":19,"column":27}},"loc":{"start":{"line":19,"column":27},"end":{"line":21,"column":null}},"line":19},"2":{"name":"(anonymous_2)","decl":{"start":{"line":25,"column":4},"end":{"line":25,"column":11}},"loc":{"start":{"line":25,"column":11},"end":{"line":95,"column":null}},"line":25},"3":{"name":"(anonymous_3)","decl":{"start":{"line":26,"column":6},"end":{"line":26,"column":11}},"loc":{"start":{"line":26,"column":65},"end":{"line":94,"column":null}},"line":26},"4":{"name":"(anonymous_4)","decl":{"start":{"line":45,"column":24},"end":{"line":45,"column":32}},"loc":{"start":{"line":45,"column":32},"end":{"line":50,"column":11}},"line":45},"5":{"name":"(anonymous_5)","decl":{"start":{"line":46,"column":53},"end":{"line":46,"column":58}},"loc":{"start":{"line":46,"column":58},"end":{"line":46,"column":66}},"line":46}},"branchMap":{"0":{"loc":{"start":{"line":27,"column":44},"end":{"line":27,"column":59}},"type":"binary-expr","locations":[{"start":{"line":27,"column":44},"end":{"line":27,"column":57}},{"start":{"line":27,"column":57},"end":{"line":27,"column":59}}],"line":27},"1":{"loc":{"start":{"line":28,"column":25},"end":{"line":28,"column":null}},"type":"cond-expr","locations":[{"start":{"line":28,"column":33},"end":{"line":28,"column":44}},{"start":{"line":28,"column":44},"end":{"line":28,"column":null}}],"line":28},"2":{"loc":{"start":{"line":32,"column":8},"end":{"line":38,"column":null}},"type":"if","locations":[{"start":{"line":32,"column":8},"end":{"line":38,"column":null}},{"start":{},"end":{}}],"line":32},"3":{"loc":{"start":{"line":41,"column":8},"end":{"line":62,"column":null}},"type":"if","locations":[{"start":{"line":41,"column":8},"end":{"line":62,"column":null}},{"start":{},"end":{}}],"line":41},"4":{"loc":{"start":{"line":47,"column":12},"end":{"line":49,"column":null}},"type":"if","locations":[{"start":{"line":47,"column":12},"end":{"line":49,"column":null}},{"start":{},"end":{}}],"line":47},"5":{"loc":{"start":{"line":47,"column":16},"end":{"line":47,"column":30}},"type":"binary-expr","locations":[{"start":{"line":47,"column":16},"end":{"line":47,"column":23}},{"start":{"line":47,"column":23},"end":{"line":47,"column":30}}],"line":47},"6":{"loc":{"start":{"line":55,"column":32},"end":{"line":55,"column":null}},"type":"binary-expr","locations":[{"start":{"line":55,"column":32},"end":{"line":55,"column":45}},{"start":{"line":55,"column":45},"end":{"line":55,"column":null}}],"line":55},"7":{"loc":{"start":{"line":65,"column":8},"end":{"line":76,"column":null}},"type":"if","locations":[{"start":{"line":65,"column":8},"end":{"line":76,"column":null}},{"start":{},"end":{}}],"line":65},"8":{"loc":{"start":{"line":65,"column":12},"end":{"line":65,"column":30}},"type":"binary-expr","locations":[{"start":{"line":65,"column":12},"end":{"line":65,"column":23}},{"start":{"line":65,"column":23},"end":{"line":65,"column":30}}],"line":65},"9":{"loc":{"start":{"line":99,"column":2},"end":{"line":119,"column":null}},"type":"if","locations":[{"start":{"line":99,"column":2},"end":{"line":119,"column":null}},{"start":{},"end":{}}],"line":99},"10":{"loc":{"start":{"line":126,"column":23},"end":{"line":126,"column":null}},"type":"cond-expr","locations":[{"start":{"line":126,"column":32},"end":{"line":126,"column":48}},{"start":{"line":126,"column":48},"end":{"line":126,"column":null}}],"line":126},"11":{"loc":{"start":{"line":135,"column":19},"end":{"line":135,"column":null}},"type":"cond-expr","locations":[{"start":{"line":135,"column":28},"end":{"line":135,"column":45}},{"start":{"line":135,"column":45},"end":{"line":135,"column":null}}],"line":135},"12":{"loc":{"start":{"line":140,"column":9},"end":{"line":140,"column":null}},"type":"cond-expr","locations":[{"start":{"line":140,"column":18},"end":{"line":140,"column":31}},{"start":{"line":140,"column":31},"end":{"line":140,"column":null}}],"line":140},"13":{"loc":{"start":{"line":149,"column":19},"end":{"line":149,"column":null}},"type":"cond-expr","locations":[{"start":{"line":149,"column":28},"end":{"line":149,"column":46}},{"start":{"line":149,"column":46},"end":{"line":149,"column":null}}],"line":149},"14":{"loc":{"start":{"line":150,"column":17},"end":{"line":150,"column":null}},"type":"cond-expr","locations":[{"start":{"line":150,"column":26},"end":{"line":150,"column":51}},{"start":{"line":150,"column":51},"end":{"line":150,"column":null}}],"line":150},"15":{"loc":{"start":{"line":158,"column":9},"end":{"line":172,"column":null}},"type":"binary-expr","locations":[{"start":{"line":158,"column":9},"end":{"line":158,"column":null}},{"start":{"line":159,"column":10},"end":{"line":172,"column":null}}],"line":158},"16":{"loc":{"start":{"line":176,"column":23},"end":{"line":176,"column":38}},"type":"cond-expr","locations":[{"start":{"line":176,"column":32},"end":{"line":176,"column":36}},{"start":{"line":176,"column":36},"end":{"line":176,"column":38}}],"line":176},"17":{"loc":{"start":{"line":177,"column":11},"end":{"line":187,"column":null}},"type":"cond-expr","locations":[{"start":{"line":178,"column":12},"end":{"line":180,"column":null}},{"start":{"line":182,"column":12},"end":{"line":187,"column":null}}],"line":177},"18":{"loc":{"start":{"line":192,"column":9},"end":{"line":225,"column":null}},"type":"binary-expr","locations":[{"start":{"line":192,"column":9},"end":{"line":192,"column":null}},{"start":{"line":193,"column":10},"end":{"line":225,"column":null}}],"line":192}},"s":{"0":1,"1":23,"2":23,"3":23,"4":0,"5":23,"6":23,"7":3,"8":3,"9":3,"10":3,"11":0,"12":3,"13":0,"14":0,"15":0,"16":0,"17":0,"18":0,"19":0,"20":0,"21":3,"22":2,"23":1,"24":23,"25":1,"26":22},"f":{"0":23,"1":0,"2":23,"3":3,"4":0,"5":0},"b":{"0":[3,1],"1":[2,1],"2":[0,3],"3":[0,3],"4":[0,0],"5":[0,0],"6":[0,0],"7":[2,1],"8":[3,3],"9":[1,22],"10":[5,17],"11":[5,17],"12":[5,17],"13":[5,17],"14":[5,17],"15":[23,17],"16":[5,17],"17":[5,17],"18":[23,1]},"meta":{"lastBranch":19,"lastFunction":6,"lastStatement":27,"seen":{"s:15:48:239:Infinity":0,"f:15:48:15:49":0,"s:16:17:16:Infinity":1,"s:17:19:17:Infinity":2,"s:19:21:21:Infinity":3,"f:19:21:19:27":1,"s:20:4:20:Infinity":4,"s:24:8:97:Infinity":5,"f:25:4:25:11":2,"s:25:11:95:Infinity":6,"f:26:6:26:11":3,"s:27:22:27:Infinity":7,"b:27:44:27:57:27:57:27:59":0,"s:28:25:28:Infinity":8,"b:28:33:28:44:28:44:28:Infinity":1,"s:29:21:29:Infinity":9,"b:32:8:38:Infinity:undefined:undefined:undefined:undefined":2,"s:32:8:38:Infinity":10,"s:33:10:36:Infinity":11,"b:41:8:62:Infinity:undefined:undefined:undefined:undefined":3,"s:41:8:62:Infinity":12,"s:43:24:43:Infinity":13,"s:44:28:44:Infinity":14,"s:45:10:50:Infinity":15,"f:45:24:45:32":4,"s:46:33:46:Infinity":16,"f:46:53:46:58":5,"s:46:58:46:66":17,"b:47:12:49:Infinity:undefined:undefined:undefined:undefined":4,"s:47:12:49:Infinity":18,"b:47:16:47:23:47:23:47:30":5,"s:48:14:48:Infinity":19,"s:52:10:60:Infinity":20,"b:55:32:55:45:55:45:55:Infinity":6,"b:65:8:76:Infinity:undefined:undefined:undefined:undefined":7,"s:65:8:76:Infinity":21,"b:65:12:65:23:65:23:65:30":8,"s:66:10:74:Infinity":22,"s:79:8:92:Infinity":23,"b:99:2:119:Infinity:undefined:undefined:undefined:undefined":9,"s:99:2:119:Infinity":24,"s:100:4:117:Infinity":25,"s:121:2:237:Infinity":26,"b:126:32:126:48:126:48:126:Infinity":10,"b:135:28:135:45:135:45:135:Infinity":11,"b:140:18:140:31:140:31:140:Infinity":12,"b:149:28:149:46:149:46:149:Infinity":13,"b:150:26:150:51:150:51:150:Infinity":14,"b:158:9:158:Infinity:159:10:172:Infinity":15,"b:176:32:176:36:176:36:176:38":16,"b:178:12:180:Infinity:182:12:187:Infinity":17,"b:192:9:192:Infinity:193:10:225:Infinity":18}}}
}
